<?xml version="1.0" encoding="UTF-8"?>
<robot generator="Robot 4.1.2 (Python 3.10.0 on win32)" generated="20220212 10:44:16.512" rpa="false" schemaversion="2">
<suite id="s1" name="Tests" source="C:\GravidadeZERO\getgeeks\project\backend\tests">
<suite id="s1-s1" name="Geeks" source="C:\GravidadeZERO\getgeeks\project\backend\tests\Geeks.robot">
<test id="s1-s1-t1" name="Be a Geek">
<kw name="Factory Be Geek" library="Users">
<var>${user}</var>
<msg timestamp="20220212 10:44:16.610" level="INFO">${user} = {'name': 'Joao Lucas', 'email': 'joao@qaninja.com.br', 'password': 'pwd123', 'geek_profile': {'whatsapp': '11999999999', 'desc': 'Seu computador está lento? Reiniciando do nada? Talvez seja um vírus, ...</msg>
<status status="PASS" starttime="20220212 10:44:16.610" endtime="20220212 10:44:16.610"/>
</kw>
<kw name="Remove User" library="Helpers">
<arg>${user}</arg>
<kw name="Get Token" library="Helpers">
<var>${token}</var>
<arg>${user}</arg>
<kw name="Create Dictionary" library="BuiltIn">
<var>${payload}</var>
<arg>email=${user}[email]</arg>
<arg>password=${user}[password]</arg>
<doc>Creates and returns a dictionary based on the given ``items``.</doc>
<msg timestamp="20220212 10:44:16.611" level="INFO">${payload} = {'email': 'joao@qaninja.com.br', 'password': 'pwd123'}</msg>
<status status="PASS" starttime="20220212 10:44:16.610" endtime="20220212 10:44:16.611"/>
</kw>
<kw name="POST Session" library="SessionsRoute">
<var>${response}</var>
<arg>${payload}</arg>
<kw name="POST" library="RequestsLibrary">
<var>${response}</var>
<arg>${API_USERS}/sessions</arg>
<arg>json=${payload}</arg>
<arg>expected_status=any</arg>
<doc>Sends a POST request.</doc>
<msg timestamp="20220212 10:44:17.309" level="INFO">POST Request : url=https://getgeeks-users-balbino.herokuapp.com/sessions 
 path_url=/sessions 
 headers={'User-Agent': 'python-requests/2.26.0', 'Accept-Encoding': 'gzip, deflate', 'Accept': '*/*', 'Connection': 'keep-alive', 'Content-Length': '54', 'Content-Type': 'application/json'} 
 body=b'{"email": "joao@qaninja.com.br", "password": "pwd123"}' 
 </msg>
<msg timestamp="20220212 10:44:17.309" level="INFO">POST Response : url=https://getgeeks-users-balbino.herokuapp.com/sessions 
 status=200, reason=OK 
 headers={'Server': 'Cowboy', 'Connection': 'keep-alive', 'X-Powered-By': 'Express', 'Access-Control-Allow-Origin': '*', 'Content-Type': 'application/json; charset=utf-8', 'Content-Length': '374', 'Etag': 'W/"176-b28PwyPVAdb4PS0gL9MFvQpA67g"', 'Date': 'Sat, 12 Feb 2022 13:44:17 GMT', 'Via': '1.1 vegur'} 
 body={"user":{"id":1147,"email":"joao@qaninja.com.br","password_hash":"$2b$08$SW3OoYQq3JGqYuWe874lfO.YU6RYqdkQrnF/Q//up87QsaTb8sXFS","name":"Joao Lucas","avatar":null,"whatsapp":"11999999999","is_geek":true},"token":"eyJhbGciOiJIUzI1NiIsInR5cCI6IkpXVCJ9.eyJpZCI6MTE0NywiaWF0IjoxNjQ0NjczNDU3LCJleHAiOjE2NDU1Mzc0NTd9.JZbBU3Cb0gFSVauvO69PQg70qpbH2l9upkrNNnY07xY","expires_in":"10d"} 
 </msg>
<msg timestamp="20220212 10:44:17.310" level="INFO">${response} = &lt;Response [200]&gt;</msg>
<status status="PASS" starttime="20220212 10:44:16.611" endtime="20220212 10:44:17.310"/>
</kw>
<msg timestamp="20220212 10:44:17.310" level="INFO">${response} = &lt;Response [200]&gt;</msg>
<status status="PASS" starttime="20220212 10:44:16.611" endtime="20220212 10:44:17.310"/>
</kw>
<kw name="Set Variable" library="BuiltIn">
<var>${result}</var>
<arg>${EMPTY}</arg>
<doc>Returns the given values which can then be assigned to a variables.</doc>
<msg timestamp="20220212 10:44:17.311" level="INFO">${result} = </msg>
<status status="PASS" starttime="20220212 10:44:17.311" endtime="20220212 10:44:17.311"/>
</kw>
<if>
<branch type="IF" condition="&quot;200&quot; in &quot;${response}&quot;">
<kw name="Set Variable" library="BuiltIn">
<var>${result}</var>
<arg>Bearer ${response.json()}[token]</arg>
<doc>Returns the given values which can then be assigned to a variables.</doc>
<msg timestamp="20220212 10:44:17.312" level="INFO">${result} = Bearer eyJhbGciOiJIUzI1NiIsInR5cCI6IkpXVCJ9.eyJpZCI6MTE0NywiaWF0IjoxNjQ0NjczNDU3LCJleHAiOjE2NDU1Mzc0NTd9.JZbBU3Cb0gFSVauvO69PQg70qpbH2l9upkrNNnY07xY</msg>
<status status="PASS" starttime="20220212 10:44:17.312" endtime="20220212 10:44:17.312"/>
</kw>
<status status="PASS" starttime="20220212 10:44:17.312" endtime="20220212 10:44:17.312"/>
</branch>
<status status="PASS" starttime="20220212 10:44:17.312" endtime="20220212 10:44:17.312"/>
</if>
<msg timestamp="20220212 10:44:17.312" level="INFO">${token} = Bearer eyJhbGciOiJIUzI1NiIsInR5cCI6IkpXVCJ9.eyJpZCI6MTE0NywiaWF0IjoxNjQ0NjczNDU3LCJleHAiOjE2NDU1Mzc0NTd9.JZbBU3Cb0gFSVauvO69PQg70qpbH2l9upkrNNnY07xY</msg>
<status status="PASS" starttime="20220212 10:44:16.610" endtime="20220212 10:44:17.312"/>
</kw>
<if>
<branch type="IF" condition="&quot;${token}&quot;">
<kw name="DELETE User" library="UsersRoute">
<arg>${token}</arg>
<kw name="Create Dictionary" library="BuiltIn">
<var>${headers}</var>
<arg>Authorization=${token}</arg>
<doc>Creates and returns a dictionary based on the given ``items``.</doc>
<msg timestamp="20220212 10:44:17.313" level="INFO">${headers} = {'Authorization': 'Bearer eyJhbGciOiJIUzI1NiIsInR5cCI6IkpXVCJ9.eyJpZCI6MTE0NywiaWF0IjoxNjQ0NjczNDU3LCJleHAiOjE2NDU1Mzc0NTd9.JZbBU3Cb0gFSVauvO69PQg70qpbH2l9upkrNNnY07xY'}</msg>
<status status="PASS" starttime="20220212 10:44:17.313" endtime="20220212 10:44:17.313"/>
</kw>
<kw name="DELETE" library="RequestsLibrary">
<var>${response}</var>
<arg>${API_USERS}/users</arg>
<arg>headers=${headers}</arg>
<arg>expected_status=any</arg>
<doc>Sends a DELETE request.</doc>
<msg timestamp="20220212 10:44:18.489" level="INFO">DELETE Request : url=https://getgeeks-users-balbino.herokuapp.com/users 
 path_url=/users 
 headers={'User-Agent': 'python-requests/2.26.0', 'Accept-Encoding': 'gzip, deflate', 'Accept': '*/*', 'Connection': 'keep-alive', 'Authorization': 'Bearer eyJhbGciOiJIUzI1NiIsInR5cCI6IkpXVCJ9.eyJpZCI6MTE0NywiaWF0IjoxNjQ0NjczNDU3LCJleHAiOjE2NDU1Mzc0NTd9.JZbBU3Cb0gFSVauvO69PQg70qpbH2l9upkrNNnY07xY', 'Content-Length': '0'} 
 body=None 
 </msg>
<msg timestamp="20220212 10:44:18.489" level="INFO">DELETE Response : url=https://getgeeks-users-balbino.herokuapp.com/users 
 status=204, reason=No Content 
 headers={'Server': 'Cowboy', 'Content-Length': '0', 'Connection': 'keep-alive', 'X-Powered-By': 'Express', 'Access-Control-Allow-Origin': '*', 'Date': 'Sat, 12 Feb 2022 13:44:18 GMT', 'Via': '1.1 vegur'} 
 body=None 
 </msg>
<msg timestamp="20220212 10:44:18.489" level="INFO">${response} = &lt;Response [204]&gt;</msg>
<status status="PASS" starttime="20220212 10:44:17.313" endtime="20220212 10:44:18.490"/>
</kw>
<status status="PASS" starttime="20220212 10:44:17.312" endtime="20220212 10:44:18.490"/>
</kw>
<status status="PASS" starttime="20220212 10:44:17.312" endtime="20220212 10:44:18.490"/>
</branch>
<status status="PASS" starttime="20220212 10:44:17.312" endtime="20220212 10:44:18.490"/>
</if>
<status status="PASS" starttime="20220212 10:44:16.610" endtime="20220212 10:44:18.490"/>
</kw>
<kw name="POST User" library="UsersRoute">
<arg>${user}</arg>
<kw name="POST" library="RequestsLibrary">
<var>${response}</var>
<arg>${API_USERS}/users</arg>
<arg>json=${payload}</arg>
<arg>expected_status=any</arg>
<doc>Sends a POST request.</doc>
<msg timestamp="20220212 10:44:19.185" level="INFO">POST Request : url=https://getgeeks-users-balbino.herokuapp.com/users 
 path_url=/users 
 headers={'User-Agent': 'python-requests/2.26.0', 'Accept-Encoding': 'gzip, deflate', 'Accept': '*/*', 'Connection': 'keep-alive', 'Content-Length': '482', 'Content-Type': 'application/json'} 
 body=b'{"name": "Joao Lucas", "email": "joao@qaninja.com.br", "password": "pwd123", "geek_profile": {"whatsapp": "11999999999", "desc": "Seu computador est\\u00e1 lento? Reiniciando do nada? Talvez seja um v\\u00edrus, ou algum hardware com defeito. Posso fazer a manuten\\u00e7\\u00e3o no seu PC, formando, reinstalando o SO, trocando algum componente f\\u00edsico e porque n\\u00e3o remover o baidu ou qualquer outro malware.", "printer_repair": "Sim", "work": "Presencial", "cost": "150.99"}}' 
 </msg>
<msg timestamp="20220212 10:44:19.185" level="INFO">POST Response : url=https://getgeeks-users-balbino.herokuapp.com/users 
 status=201, reason=Created 
 headers={'Server': 'Cowboy', 'Connection': 'keep-alive', 'X-Powered-By': 'Express', 'Access-Control-Allow-Origin': '*', 'Content-Type': 'application/json; charset=utf-8', 'Content-Length': '11', 'Etag': 'W/"b-NE0bh90awziigwEtAtZw0k9prNY"', 'Date': 'Sat, 12 Feb 2022 13:44:18 GMT', 'Via': '1.1 vegur'} 
 body={"id":1157} 
 </msg>
<msg timestamp="20220212 10:44:19.185" level="INFO">${response} = &lt;Response [201]&gt;</msg>
<status status="PASS" starttime="20220212 10:44:18.490" endtime="20220212 10:44:19.185"/>
</kw>
<status status="PASS" starttime="20220212 10:44:18.490" endtime="20220212 10:44:19.186"/>
</kw>
<kw name="Get Token" library="Helpers">
<var>${token}</var>
<arg>${user}</arg>
<kw name="Create Dictionary" library="BuiltIn">
<var>${payload}</var>
<arg>email=${user}[email]</arg>
<arg>password=${user}[password]</arg>
<doc>Creates and returns a dictionary based on the given ``items``.</doc>
<msg timestamp="20220212 10:44:19.189" level="INFO">${payload} = {'email': 'joao@qaninja.com.br', 'password': 'pwd123'}</msg>
<status status="PASS" starttime="20220212 10:44:19.189" endtime="20220212 10:44:19.189"/>
</kw>
<kw name="POST Session" library="SessionsRoute">
<var>${response}</var>
<arg>${payload}</arg>
<kw name="POST" library="RequestsLibrary">
<var>${response}</var>
<arg>${API_USERS}/sessions</arg>
<arg>json=${payload}</arg>
<arg>expected_status=any</arg>
<doc>Sends a POST request.</doc>
<msg timestamp="20220212 10:44:19.870" level="INFO">POST Request : url=https://getgeeks-users-balbino.herokuapp.com/sessions 
 path_url=/sessions 
 headers={'User-Agent': 'python-requests/2.26.0', 'Accept-Encoding': 'gzip, deflate', 'Accept': '*/*', 'Connection': 'keep-alive', 'Content-Length': '54', 'Content-Type': 'application/json'} 
 body=b'{"email": "joao@qaninja.com.br", "password": "pwd123"}' 
 </msg>
<msg timestamp="20220212 10:44:19.870" level="INFO">POST Response : url=https://getgeeks-users-balbino.herokuapp.com/sessions 
 status=200, reason=OK 
 headers={'Server': 'Cowboy', 'Connection': 'keep-alive', 'X-Powered-By': 'Express', 'Access-Control-Allow-Origin': '*', 'Content-Type': 'application/json; charset=utf-8', 'Content-Length': '366', 'Etag': 'W/"16e-MCK0qOIrlFLLOmejthk84pkw4+8"', 'Date': 'Sat, 12 Feb 2022 13:44:19 GMT', 'Via': '1.1 vegur'} 
 body={"user":{"id":1157,"email":"joao@qaninja.com.br","password_hash":"$2b$08$B7CsQHm9001kriSYJmV45.WIu.CAaGbVkrSCOcce9PcdgiYK.7Sh2","name":"Joao Lucas","avatar":null,"whatsapp":null,"is_geek":false},"token":"eyJhbGciOiJIUzI1NiIsInR5cCI6IkpXVCJ9.eyJpZCI6MTE1NywiaWF0IjoxNjQ0NjczNDU5LCJleHAiOjE2NDU1Mzc0NTl9.st0BDKw6L-cAoZt37asw0p4ktp2D1dsO2r3JdyncO10","expires_in":"10d"} 
 </msg>
<msg timestamp="20220212 10:44:19.871" level="INFO">${response} = &lt;Response [200]&gt;</msg>
<status status="PASS" starttime="20220212 10:44:19.190" endtime="20220212 10:44:19.871"/>
</kw>
<msg timestamp="20220212 10:44:19.871" level="INFO">${response} = &lt;Response [200]&gt;</msg>
<status status="PASS" starttime="20220212 10:44:19.190" endtime="20220212 10:44:19.871"/>
</kw>
<kw name="Set Variable" library="BuiltIn">
<var>${result}</var>
<arg>${EMPTY}</arg>
<doc>Returns the given values which can then be assigned to a variables.</doc>
<msg timestamp="20220212 10:44:19.872" level="INFO">${result} = </msg>
<status status="PASS" starttime="20220212 10:44:19.871" endtime="20220212 10:44:19.872"/>
</kw>
<if>
<branch type="IF" condition="&quot;200&quot; in &quot;${response}&quot;">
<kw name="Set Variable" library="BuiltIn">
<var>${result}</var>
<arg>Bearer ${response.json()}[token]</arg>
<doc>Returns the given values which can then be assigned to a variables.</doc>
<msg timestamp="20220212 10:44:19.872" level="INFO">${result} = Bearer eyJhbGciOiJIUzI1NiIsInR5cCI6IkpXVCJ9.eyJpZCI6MTE1NywiaWF0IjoxNjQ0NjczNDU5LCJleHAiOjE2NDU1Mzc0NTl9.st0BDKw6L-cAoZt37asw0p4ktp2D1dsO2r3JdyncO10</msg>
<status status="PASS" starttime="20220212 10:44:19.872" endtime="20220212 10:44:19.872"/>
</kw>
<status status="PASS" starttime="20220212 10:44:19.872" endtime="20220212 10:44:19.872"/>
</branch>
<status status="PASS" starttime="20220212 10:44:19.872" endtime="20220212 10:44:19.872"/>
</if>
<msg timestamp="20220212 10:44:19.873" level="INFO">${token} = Bearer eyJhbGciOiJIUzI1NiIsInR5cCI6IkpXVCJ9.eyJpZCI6MTE1NywiaWF0IjoxNjQ0NjczNDU5LCJleHAiOjE2NDU1Mzc0NTl9.st0BDKw6L-cAoZt37asw0p4ktp2D1dsO2r3JdyncO10</msg>
<status status="PASS" starttime="20220212 10:44:19.188" endtime="20220212 10:44:19.873"/>
</kw>
<kw name="POST Geek" library="GeeksRoute">
<var>${response}</var>
<arg>${token}</arg>
<arg>${user}[geek_profile]</arg>
<kw name="Create Dictionary" library="BuiltIn">
<var>${headers}</var>
<arg>Authorization=${token}</arg>
<doc>Creates and returns a dictionary based on the given ``items``.</doc>
<msg timestamp="20220212 10:44:19.873" level="INFO">${headers} = {'Authorization': 'Bearer eyJhbGciOiJIUzI1NiIsInR5cCI6IkpXVCJ9.eyJpZCI6MTE1NywiaWF0IjoxNjQ0NjczNDU5LCJleHAiOjE2NDU1Mzc0NTl9.st0BDKw6L-cAoZt37asw0p4ktp2D1dsO2r3JdyncO10'}</msg>
<status status="PASS" starttime="20220212 10:44:19.873" endtime="20220212 10:44:19.873"/>
</kw>
<kw name="POST" library="RequestsLibrary">
<var>${response}</var>
<arg>${API_GEEKS}/geeks</arg>
<arg>json=${payload}</arg>
<arg>headers=${headers}</arg>
<arg>expected_status=any</arg>
<doc>Sends a POST request.</doc>
<msg timestamp="20220212 10:44:20.545" level="INFO">POST Request : url=https://getgeeks-geeks-balbino.herokuapp.com/geeks 
 path_url=/geeks 
 headers={'User-Agent': 'python-requests/2.26.0', 'Accept-Encoding': 'gzip, deflate', 'Accept': '*/*', 'Connection': 'keep-alive', 'Authorization': 'Bearer eyJhbGciOiJIUzI1NiIsInR5cCI6IkpXVCJ9.eyJpZCI6MTE1NywiaWF0IjoxNjQ0NjczNDU5LCJleHAiOjE2NDU1Mzc0NTl9.st0BDKw6L-cAoZt37asw0p4ktp2D1dsO2r3JdyncO10', 'Content-Length': '388', 'Content-Type': 'application/json'} 
 body=b'{"whatsapp": "11999999999", "desc": "Seu computador est\\u00e1 lento? Reiniciando do nada? Talvez seja um v\\u00edrus, ou algum hardware com defeito. Posso fazer a manuten\\u00e7\\u00e3o no seu PC, formando, reinstalando o SO, trocando algum componente f\\u00edsico e porque n\\u00e3o remover o baidu ou qualquer outro malware.", "printer_repair": "Sim", "work": "Presencial", "cost": "150.99"}' 
 </msg>
<msg timestamp="20220212 10:44:20.545" level="INFO">POST Response : url=https://getgeeks-geeks-balbino.herokuapp.com/geeks 
 status=201, reason=Created 
 headers={'Server': 'Cowboy', 'Connection': 'keep-alive', 'X-Powered-By': 'Express', 'Access-Control-Allow-Origin': '*', 'Date': 'Sat, 12 Feb 2022 13:44:20 GMT', 'Content-Length': '0', 'Via': '1.1 vegur'} 
 body=None 
 </msg>
<msg timestamp="20220212 10:44:20.546" level="INFO">${response} = &lt;Response [201]&gt;</msg>
<status status="PASS" starttime="20220212 10:44:19.873" endtime="20220212 10:44:20.546"/>
</kw>
<msg timestamp="20220212 10:44:20.546" level="INFO">${response} = &lt;Response [201]&gt;</msg>
<status status="PASS" starttime="20220212 10:44:19.873" endtime="20220212 10:44:20.546"/>
</kw>
<kw name="Status Should Be" library="RequestsLibrary">
<arg>201</arg>
<arg>${response}</arg>
<doc>Fails if response status code is different than the expected.</doc>
<status status="PASS" starttime="20220212 10:44:20.548" endtime="20220212 10:44:20.549"/>
</kw>
<kw name="GET User" library="UsersRoute">
<var>${response}</var>
<arg>${token}</arg>
<kw name="Create Dictionary" library="BuiltIn">
<var>${headers}</var>
<arg>Authorization=${token}</arg>
<doc>Creates and returns a dictionary based on the given ``items``.</doc>
<msg timestamp="20220212 10:44:20.551" level="INFO">${headers} = {'Authorization': 'Bearer eyJhbGciOiJIUzI1NiIsInR5cCI6IkpXVCJ9.eyJpZCI6MTE1NywiaWF0IjoxNjQ0NjczNDU5LCJleHAiOjE2NDU1Mzc0NTl9.st0BDKw6L-cAoZt37asw0p4ktp2D1dsO2r3JdyncO10'}</msg>
<status status="PASS" starttime="20220212 10:44:20.551" endtime="20220212 10:44:20.551"/>
</kw>
<kw name="GET" library="RequestsLibrary">
<var>${response}</var>
<arg>${API_USERS}/users</arg>
<arg>headers=${headers}</arg>
<arg>expected_status=any</arg>
<doc>Sends a GET request.</doc>
<msg timestamp="20220212 10:44:21.707" level="INFO">GET Request : url=https://getgeeks-users-balbino.herokuapp.com/users 
 path_url=/users 
 headers={'User-Agent': 'python-requests/2.26.0', 'Accept-Encoding': 'gzip, deflate', 'Accept': '*/*', 'Connection': 'keep-alive', 'Authorization': 'Bearer eyJhbGciOiJIUzI1NiIsInR5cCI6IkpXVCJ9.eyJpZCI6MTE1NywiaWF0IjoxNjQ0NjczNDU5LCJleHAiOjE2NDU1Mzc0NTl9.st0BDKw6L-cAoZt37asw0p4ktp2D1dsO2r3JdyncO10'} 
 body=None 
 </msg>
<msg timestamp="20220212 10:44:21.707" level="INFO">GET Response : url=https://getgeeks-users-balbino.herokuapp.com/users 
 status=200, reason=OK 
 headers={'Server': 'Cowboy', 'Connection': 'keep-alive', 'X-Powered-By': 'Express', 'Access-Control-Allow-Origin': '*', 'Content-Type': 'application/json; charset=utf-8', 'Content-Length': '537', 'Etag': 'W/"219-8/nEQI570/DYGWogyub+SYFj/1s"', 'Date': 'Sat, 12 Feb 2022 13:44:21 GMT', 'Via': '1.1 vegur'} 
 body={"id":181,"email":"joao@qaninja.com.br","password_hash":"$2b$08$B7CsQHm9001kriSYJmV45.WIu.CAaGbVkrSCOcce9PcdgiYK.7Sh2","name":"Joao Lucas","avatar":null,"whatsapp":"11999999999","is_geek":true,"desc":"Seu computador está lento? Reiniciando do nada? Talvez seja um vírus, ou algum hardware com defeito. Posso fazer a manutenção no seu PC, formando, reinstalando o SO, trocando algum componente físico e porque não remover o baidu ou qualquer outro malware.","printer_repair":"Sim","work":"Presencial","cost":"150.99","user_id":1157} 
 </msg>
<msg timestamp="20220212 10:44:21.708" level="INFO">${response} = &lt;Response [200]&gt;</msg>
<status status="PASS" starttime="20220212 10:44:20.552" endtime="20220212 10:44:21.708"/>
</kw>
<msg timestamp="20220212 10:44:21.708" level="INFO">${response} = &lt;Response [200]&gt;</msg>
<status status="PASS" starttime="20220212 10:44:20.550" endtime="20220212 10:44:21.708"/>
</kw>
<kw name="Should Be Equal As Strings" library="BuiltIn">
<arg>${user}[name]</arg>
<arg>${response.json()}[name]</arg>
<doc>Fails if objects are unequal after converting them to strings.</doc>
<status status="PASS" starttime="20220212 10:44:21.710" endtime="20220212 10:44:21.711"/>
</kw>
<kw name="Should Be Equal As Strings" library="BuiltIn">
<arg>${user}[email]</arg>
<arg>${response.json()}[email]</arg>
<doc>Fails if objects are unequal after converting them to strings.</doc>
<status status="PASS" starttime="20220212 10:44:21.712" endtime="20220212 10:44:21.713"/>
</kw>
<kw name="Should Be Equal As Strings" library="BuiltIn">
<arg>${user}[geek_profile][whatsapp]</arg>
<arg>${response.json()}[whatsapp]</arg>
<doc>Fails if objects are unequal after converting them to strings.</doc>
<status status="PASS" starttime="20220212 10:44:21.715" endtime="20220212 10:44:21.715"/>
</kw>
<kw name="Should Be Equal As Strings" library="BuiltIn">
<arg>${user}[geek_profile][desc]</arg>
<arg>${response.json()}[desc]</arg>
<doc>Fails if objects are unequal after converting them to strings.</doc>
<status status="PASS" starttime="20220212 10:44:21.715" endtime="20220212 10:44:21.715"/>
</kw>
<kw name="Convert To Number" library="BuiltIn">
<var>${expected_float}</var>
<arg>${user}[geek_profile][cost]</arg>
<doc>Converts the given item to a floating point number.</doc>
<msg timestamp="20220212 10:44:21.715" level="INFO">${expected_float} = 150.99</msg>
<status status="PASS" starttime="20220212 10:44:21.715" endtime="20220212 10:44:21.715"/>
</kw>
<kw name="Convert To Number" library="BuiltIn">
<var>${got_float}</var>
<arg>${response.json()}[cost]</arg>
<doc>Converts the given item to a floating point number.</doc>
<msg timestamp="20220212 10:44:21.716" level="INFO">${got_float} = 150.99</msg>
<status status="PASS" starttime="20220212 10:44:21.716" endtime="20220212 10:44:21.716"/>
</kw>
<kw name="Should Be Equal" library="BuiltIn">
<arg>${expected_float}</arg>
<arg>${got_float}</arg>
<doc>Fails if the given objects are unequal.</doc>
<status status="PASS" starttime="20220212 10:44:21.716" endtime="20220212 10:44:21.716"/>
</kw>
<kw name="Should Be Equal As Strings" library="BuiltIn">
<arg>${user}[geek_profile][printer_repair]</arg>
<arg>${response.json()}[printer_repair]</arg>
<doc>Fails if objects are unequal after converting them to strings.</doc>
<status status="PASS" starttime="20220212 10:44:21.716" endtime="20220212 10:44:21.717"/>
</kw>
<kw name="Should Be Equal As Strings" library="BuiltIn">
<arg>${user}[geek_profile][work]</arg>
<arg>${response.json()}[work]</arg>
<doc>Fails if objects are unequal after converting them to strings.</doc>
<status status="PASS" starttime="20220212 10:44:21.717" endtime="20220212 10:44:21.717"/>
</kw>
<kw name="Should Be Equal As Strings" library="BuiltIn">
<arg>None</arg>
<arg>${response.json()}[avatar]</arg>
<doc>Fails if objects are unequal after converting them to strings.</doc>
<msg timestamp="20220212 10:44:21.718" level="INFO">Argument types are:
&lt;type 'unicode'&gt;
&lt;class 'NoneType'&gt;</msg>
<status status="PASS" starttime="20220212 10:44:21.717" endtime="20220212 10:44:21.718"/>
</kw>
<kw name="Should Be Equal As Strings" library="BuiltIn">
<arg>True</arg>
<arg>${response.json()}[is_geek]</arg>
<doc>Fails if objects are unequal after converting them to strings.</doc>
<msg timestamp="20220212 10:44:21.718" level="INFO">Argument types are:
&lt;type 'unicode'&gt;
&lt;class 'bool'&gt;</msg>
<status status="PASS" starttime="20220212 10:44:21.718" endtime="20220212 10:44:21.719"/>
</kw>
<status status="PASS" starttime="20220212 10:44:16.609" endtime="20220212 10:44:21.719"/>
</test>
<test id="s1-s1-t2" name="Get Geek List">
<kw name="Factory Search For Geeks" library="Users">
<var>${data}</var>
<msg timestamp="20220212 10:44:21.720" level="INFO">${data} = {'user': {'name': 'Peter Quill', 'email': 'quill@marvel.com', 'password': 'pwd123'}, 'geeks': [{'name': 'Riri Willians', 'email': 'riri@marvel.com', 'password': 'pwd123', 'geek_profile': {'whatsapp': ...</msg>
<status status="PASS" starttime="20220212 10:44:21.720" endtime="20220212 10:44:21.720"/>
</kw>
<for flavor="IN">
<var>${geek}</var>
<value>@{data}[geeks]</value>
<iter>
<var name="${geek}">{'name': 'Riri Willians', 'email': 'riri@marvel.com', 'password': 'pwd123', 'geek_profile': {'whatsapp': '11999999999', 'desc': 'Seu computador está lento? Reiniciando do nada? Talvez seja um vírus, o...</var>
<kw name="POST User" library="UsersRoute">
<arg>${geek}</arg>
<kw name="POST" library="RequestsLibrary">
<var>${response}</var>
<arg>${API_USERS}/users</arg>
<arg>json=${payload}</arg>
<arg>expected_status=any</arg>
<doc>Sends a POST request.</doc>
<msg timestamp="20220212 10:44:22.380" level="INFO">POST Request : url=https://getgeeks-users-balbino.herokuapp.com/users 
 path_url=/users 
 headers={'User-Agent': 'python-requests/2.26.0', 'Accept-Encoding': 'gzip, deflate', 'Accept': '*/*', 'Connection': 'keep-alive', 'Content-Length': '483', 'Content-Type': 'application/json'} 
 body=b'{"name": "Riri Willians", "email": "riri@marvel.com", "password": "pwd123", "geek_profile": {"whatsapp": "11999999999", "desc": "Seu computador est\\u00e1 lento? Reiniciando do nada? Talvez seja um v\\u00edrus, ou algum hardware com defeito. Posso fazer a manuten\\u00e7\\u00e3o no seu PC, formando, reinstalando o SO, trocando algum componente f\\u00edsico e porque n\\u00e3o remover o baidu ou qualquer outro malware.", "printer_repair": "N\\u00e3o", "work": "Presencial", "cost": "100"}}' 
 </msg>
<msg timestamp="20220212 10:44:22.381" level="INFO">POST Response : url=https://getgeeks-users-balbino.herokuapp.com/users 
 status=400, reason=Bad Request 
 headers={'Server': 'Cowboy', 'Connection': 'keep-alive', 'X-Powered-By': 'Express', 'Access-Control-Allow-Origin': '*', 'Content-Type': 'application/json; charset=utf-8', 'Content-Length': '31', 'Etag': 'W/"1f-lFUySNKwX3L5eGEwGcNcUoVKWhE"', 'Date': 'Sat, 12 Feb 2022 13:44:22 GMT', 'Via': '1.1 vegur'} 
 body={"error":"User already exists"} 
 </msg>
<msg timestamp="20220212 10:44:22.381" level="INFO">${response} = &lt;Response [400]&gt;</msg>
<status status="PASS" starttime="20220212 10:44:21.720" endtime="20220212 10:44:22.381"/>
</kw>
<status status="PASS" starttime="20220212 10:44:21.720" endtime="20220212 10:44:22.381"/>
</kw>
<kw name="Get Token" library="Helpers">
<var>${token}</var>
<arg>${geek}</arg>
<kw name="Create Dictionary" library="BuiltIn">
<var>${payload}</var>
<arg>email=${user}[email]</arg>
<arg>password=${user}[password]</arg>
<doc>Creates and returns a dictionary based on the given ``items``.</doc>
<msg timestamp="20220212 10:44:22.382" level="INFO">${payload} = {'email': 'riri@marvel.com', 'password': 'pwd123'}</msg>
<status status="PASS" starttime="20220212 10:44:22.382" endtime="20220212 10:44:22.382"/>
</kw>
<kw name="POST Session" library="SessionsRoute">
<var>${response}</var>
<arg>${payload}</arg>
<kw name="POST" library="RequestsLibrary">
<var>${response}</var>
<arg>${API_USERS}/sessions</arg>
<arg>json=${payload}</arg>
<arg>expected_status=any</arg>
<doc>Sends a POST request.</doc>
<msg timestamp="20220212 10:44:23.071" level="INFO">POST Request : url=https://getgeeks-users-balbino.herokuapp.com/sessions 
 path_url=/sessions 
 headers={'User-Agent': 'python-requests/2.26.0', 'Accept-Encoding': 'gzip, deflate', 'Accept': '*/*', 'Connection': 'keep-alive', 'Content-Length': '50', 'Content-Type': 'application/json'} 
 body=b'{"email": "riri@marvel.com", "password": "pwd123"}' 
 </msg>
<msg timestamp="20220212 10:44:23.071" level="INFO">POST Response : url=https://getgeeks-users-balbino.herokuapp.com/sessions 
 status=200, reason=OK 
 headers={'Server': 'Cowboy', 'Connection': 'keep-alive', 'X-Powered-By': 'Express', 'Access-Control-Allow-Origin': '*', 'Content-Type': 'application/json; charset=utf-8', 'Content-Length': '373', 'Etag': 'W/"175-Qilv6AEUXuk5eQBo7blfr2+QWaM"', 'Date': 'Sat, 12 Feb 2022 13:44:22 GMT', 'Via': '1.1 vegur'} 
 body={"user":{"id":1148,"email":"riri@marvel.com","password_hash":"$2b$08$AxXXTUsS5TGsVaav2EIHiuHBrFBoFpDLy.xqfoCe5HMGGoYsdEtd.","name":"Riri Willians","avatar":null,"whatsapp":"11999999999","is_geek":true},"token":"eyJhbGciOiJIUzI1NiIsInR5cCI6IkpXVCJ9.eyJpZCI6MTE0OCwiaWF0IjoxNjQ0NjczNDYyLCJleHAiOjE2NDU1Mzc0NjJ9.POrqMz_0p1VFWF9Nf7LHtkMiIxKNH4h-fctUoGbTRyA","expires_in":"10d"} 
 </msg>
<msg timestamp="20220212 10:44:23.072" level="INFO">${response} = &lt;Response [200]&gt;</msg>
<status status="PASS" starttime="20220212 10:44:22.382" endtime="20220212 10:44:23.072"/>
</kw>
<msg timestamp="20220212 10:44:23.072" level="INFO">${response} = &lt;Response [200]&gt;</msg>
<status status="PASS" starttime="20220212 10:44:22.382" endtime="20220212 10:44:23.072"/>
</kw>
<kw name="Set Variable" library="BuiltIn">
<var>${result}</var>
<arg>${EMPTY}</arg>
<doc>Returns the given values which can then be assigned to a variables.</doc>
<msg timestamp="20220212 10:44:23.074" level="INFO">${result} = </msg>
<status status="PASS" starttime="20220212 10:44:23.073" endtime="20220212 10:44:23.074"/>
</kw>
<if>
<branch type="IF" condition="&quot;200&quot; in &quot;${response}&quot;">
<kw name="Set Variable" library="BuiltIn">
<var>${result}</var>
<arg>Bearer ${response.json()}[token]</arg>
<doc>Returns the given values which can then be assigned to a variables.</doc>
<msg timestamp="20220212 10:44:23.074" level="INFO">${result} = Bearer eyJhbGciOiJIUzI1NiIsInR5cCI6IkpXVCJ9.eyJpZCI6MTE0OCwiaWF0IjoxNjQ0NjczNDYyLCJleHAiOjE2NDU1Mzc0NjJ9.POrqMz_0p1VFWF9Nf7LHtkMiIxKNH4h-fctUoGbTRyA</msg>
<status status="PASS" starttime="20220212 10:44:23.074" endtime="20220212 10:44:23.074"/>
</kw>
<status status="PASS" starttime="20220212 10:44:23.074" endtime="20220212 10:44:23.074"/>
</branch>
<status status="PASS" starttime="20220212 10:44:23.074" endtime="20220212 10:44:23.074"/>
</if>
<msg timestamp="20220212 10:44:23.075" level="INFO">${token} = Bearer eyJhbGciOiJIUzI1NiIsInR5cCI6IkpXVCJ9.eyJpZCI6MTE0OCwiaWF0IjoxNjQ0NjczNDYyLCJleHAiOjE2NDU1Mzc0NjJ9.POrqMz_0p1VFWF9Nf7LHtkMiIxKNH4h-fctUoGbTRyA</msg>
<status status="PASS" starttime="20220212 10:44:22.381" endtime="20220212 10:44:23.075"/>
</kw>
<kw name="POST Geek" library="GeeksRoute">
<arg>${token}</arg>
<arg>${geek}[geek_profile]</arg>
<kw name="Create Dictionary" library="BuiltIn">
<var>${headers}</var>
<arg>Authorization=${token}</arg>
<doc>Creates and returns a dictionary based on the given ``items``.</doc>
<msg timestamp="20220212 10:44:23.075" level="INFO">${headers} = {'Authorization': 'Bearer eyJhbGciOiJIUzI1NiIsInR5cCI6IkpXVCJ9.eyJpZCI6MTE0OCwiaWF0IjoxNjQ0NjczNDYyLCJleHAiOjE2NDU1Mzc0NjJ9.POrqMz_0p1VFWF9Nf7LHtkMiIxKNH4h-fctUoGbTRyA'}</msg>
<status status="PASS" starttime="20220212 10:44:23.075" endtime="20220212 10:44:23.075"/>
</kw>
<kw name="POST" library="RequestsLibrary">
<var>${response}</var>
<arg>${API_GEEKS}/geeks</arg>
<arg>json=${payload}</arg>
<arg>headers=${headers}</arg>
<arg>expected_status=any</arg>
<doc>Sends a POST request.</doc>
<msg timestamp="20220212 10:44:24.244" level="INFO">POST Request : url=https://getgeeks-geeks-balbino.herokuapp.com/geeks 
 path_url=/geeks 
 headers={'User-Agent': 'python-requests/2.26.0', 'Accept-Encoding': 'gzip, deflate', 'Accept': '*/*', 'Connection': 'keep-alive', 'Authorization': 'Bearer eyJhbGciOiJIUzI1NiIsInR5cCI6IkpXVCJ9.eyJpZCI6MTE0OCwiaWF0IjoxNjQ0NjczNDYyLCJleHAiOjE2NDU1Mzc0NjJ9.POrqMz_0p1VFWF9Nf7LHtkMiIxKNH4h-fctUoGbTRyA', 'Content-Length': '390', 'Content-Type': 'application/json'} 
 body=b'{"whatsapp": "11999999999", "desc": "Seu computador est\\u00e1 lento? Reiniciando do nada? Talvez seja um v\\u00edrus, ou algum hardware com defeito. Posso fazer a manuten\\u00e7\\u00e3o no seu PC, formando, reinstalando o SO, trocando algum componente f\\u00edsico e porque n\\u00e3o remover o baidu ou qualquer outro malware.", "printer_repair": "N\\u00e3o", "work": "Presencial", "cost": "100"}' 
 </msg>
<msg timestamp="20220212 10:44:24.245" level="INFO">POST Response : url=https://getgeeks-geeks-balbino.herokuapp.com/geeks 
 status=201, reason=Created 
 headers={'Server': 'Cowboy', 'Connection': 'keep-alive', 'X-Powered-By': 'Express', 'Access-Control-Allow-Origin': '*', 'Date': 'Sat, 12 Feb 2022 13:44:24 GMT', 'Content-Length': '0', 'Via': '1.1 vegur'} 
 body=None 
 </msg>
<msg timestamp="20220212 10:44:24.245" level="INFO">${response} = &lt;Response [201]&gt;</msg>
<status status="PASS" starttime="20220212 10:44:23.075" endtime="20220212 10:44:24.245"/>
</kw>
<status status="PASS" starttime="20220212 10:44:23.075" endtime="20220212 10:44:24.245"/>
</kw>
<status status="PASS" starttime="20220212 10:44:21.720" endtime="20220212 10:44:24.245"/>
</iter>
<iter>
<var name="${geek}">{'name': 'Arnim Zola', 'email': 'zola@hidra.com', 'password': 'pwd123', 'geek_profile': {'whatsapp': '21999999999', 'desc': 'Instalo Distros Ubuntu, Debian, ElementaryOS, PopOS, Linux Mint, Kurumin, M...</var>
<kw name="POST User" library="UsersRoute">
<arg>${geek}</arg>
<kw name="POST" library="RequestsLibrary">
<var>${response}</var>
<arg>${API_USERS}/users</arg>
<arg>json=${payload}</arg>
<arg>expected_status=any</arg>
<doc>Sends a POST request.</doc>
<msg timestamp="20220212 10:44:25.030" level="INFO">POST Request : url=https://getgeeks-users-balbino.herokuapp.com/users 
 path_url=/users 
 headers={'User-Agent': 'python-requests/2.26.0', 'Accept-Encoding': 'gzip, deflate', 'Accept': '*/*', 'Connection': 'keep-alive', 'Content-Length': '445', 'Content-Type': 'application/json'} 
 body=b'{"name": "Arnim Zola", "email": "zola@hidra.com", "password": "pwd123", "geek_profile": {"whatsapp": "21999999999", "desc": "Instalo Distros Ubuntu, Debian, ElementaryOS, PopOS, Linux Mint, Kurumin, Mandrake, Connectiva, Fedora, RedHat, CentOS, Slackware, Gentoo, Archlinux, Kubuntu, Xubuntu, Suze, Mandriva, Edubuntu, KateOS, Sabayon Linux, Manjaro Linux, BigLinux, ZorinOS, Unit", "printer_repair": "N\\u00e3o", "work": "Ambos", "cost": "110"}}' 
 </msg>
<msg timestamp="20220212 10:44:25.030" level="INFO">POST Response : url=https://getgeeks-users-balbino.herokuapp.com/users 
 status=400, reason=Bad Request 
 headers={'Server': 'Cowboy', 'Connection': 'keep-alive', 'X-Powered-By': 'Express', 'Access-Control-Allow-Origin': '*', 'Content-Type': 'application/json; charset=utf-8', 'Content-Length': '31', 'Etag': 'W/"1f-lFUySNKwX3L5eGEwGcNcUoVKWhE"', 'Date': 'Sat, 12 Feb 2022 13:44:24 GMT', 'Via': '1.1 vegur'} 
 body={"error":"User already exists"} 
 </msg>
<msg timestamp="20220212 10:44:25.031" level="INFO">${response} = &lt;Response [400]&gt;</msg>
<status status="PASS" starttime="20220212 10:44:24.247" endtime="20220212 10:44:25.031"/>
</kw>
<status status="PASS" starttime="20220212 10:44:24.246" endtime="20220212 10:44:25.031"/>
</kw>
<kw name="Get Token" library="Helpers">
<var>${token}</var>
<arg>${geek}</arg>
<kw name="Create Dictionary" library="BuiltIn">
<var>${payload}</var>
<arg>email=${user}[email]</arg>
<arg>password=${user}[password]</arg>
<doc>Creates and returns a dictionary based on the given ``items``.</doc>
<msg timestamp="20220212 10:44:25.033" level="INFO">${payload} = {'email': 'zola@hidra.com', 'password': 'pwd123'}</msg>
<status status="PASS" starttime="20220212 10:44:25.032" endtime="20220212 10:44:25.033"/>
</kw>
<kw name="POST Session" library="SessionsRoute">
<var>${response}</var>
<arg>${payload}</arg>
<kw name="POST" library="RequestsLibrary">
<var>${response}</var>
<arg>${API_USERS}/sessions</arg>
<arg>json=${payload}</arg>
<arg>expected_status=any</arg>
<doc>Sends a POST request.</doc>
<msg timestamp="20220212 10:44:25.739" level="INFO">POST Request : url=https://getgeeks-users-balbino.herokuapp.com/sessions 
 path_url=/sessions 
 headers={'User-Agent': 'python-requests/2.26.0', 'Accept-Encoding': 'gzip, deflate', 'Accept': '*/*', 'Connection': 'keep-alive', 'Content-Length': '49', 'Content-Type': 'application/json'} 
 body=b'{"email": "zola@hidra.com", "password": "pwd123"}' 
 </msg>
<msg timestamp="20220212 10:44:25.739" level="INFO">POST Response : url=https://getgeeks-users-balbino.herokuapp.com/sessions 
 status=200, reason=OK 
 headers={'Server': 'Cowboy', 'Connection': 'keep-alive', 'X-Powered-By': 'Express', 'Access-Control-Allow-Origin': '*', 'Content-Type': 'application/json; charset=utf-8', 'Content-Length': '369', 'Etag': 'W/"171-5mQs+t79urA1AxAxzUz5HaumpDY"', 'Date': 'Sat, 12 Feb 2022 13:44:25 GMT', 'Via': '1.1 vegur'} 
 body={"user":{"id":1149,"email":"zola@hidra.com","password_hash":"$2b$08$wKXW9gDmzJm4T5j3jx4eMeOI7wGQ02VsmfvnL59In5Cjq7RfzyppC","name":"Arnim Zola","avatar":null,"whatsapp":"21999999999","is_geek":true},"token":"eyJhbGciOiJIUzI1NiIsInR5cCI6IkpXVCJ9.eyJpZCI6MTE0OSwiaWF0IjoxNjQ0NjczNDY1LCJleHAiOjE2NDU1Mzc0NjV9.HNBO4KS2zUmdjE4sm_8CBPPQTgpo-m1FylfRpTDLDrw","expires_in":"10d"} 
 </msg>
<msg timestamp="20220212 10:44:25.740" level="INFO">${response} = &lt;Response [200]&gt;</msg>
<status status="PASS" starttime="20220212 10:44:25.034" endtime="20220212 10:44:25.740"/>
</kw>
<msg timestamp="20220212 10:44:25.740" level="INFO">${response} = &lt;Response [200]&gt;</msg>
<status status="PASS" starttime="20220212 10:44:25.033" endtime="20220212 10:44:25.740"/>
</kw>
<kw name="Set Variable" library="BuiltIn">
<var>${result}</var>
<arg>${EMPTY}</arg>
<doc>Returns the given values which can then be assigned to a variables.</doc>
<msg timestamp="20220212 10:44:25.742" level="INFO">${result} = </msg>
<status status="PASS" starttime="20220212 10:44:25.741" endtime="20220212 10:44:25.742"/>
</kw>
<if>
<branch type="IF" condition="&quot;200&quot; in &quot;${response}&quot;">
<kw name="Set Variable" library="BuiltIn">
<var>${result}</var>
<arg>Bearer ${response.json()}[token]</arg>
<doc>Returns the given values which can then be assigned to a variables.</doc>
<msg timestamp="20220212 10:44:25.742" level="INFO">${result} = Bearer eyJhbGciOiJIUzI1NiIsInR5cCI6IkpXVCJ9.eyJpZCI6MTE0OSwiaWF0IjoxNjQ0NjczNDY1LCJleHAiOjE2NDU1Mzc0NjV9.HNBO4KS2zUmdjE4sm_8CBPPQTgpo-m1FylfRpTDLDrw</msg>
<status status="PASS" starttime="20220212 10:44:25.742" endtime="20220212 10:44:25.742"/>
</kw>
<status status="PASS" starttime="20220212 10:44:25.742" endtime="20220212 10:44:25.742"/>
</branch>
<status status="PASS" starttime="20220212 10:44:25.742" endtime="20220212 10:44:25.742"/>
</if>
<msg timestamp="20220212 10:44:25.742" level="INFO">${token} = Bearer eyJhbGciOiJIUzI1NiIsInR5cCI6IkpXVCJ9.eyJpZCI6MTE0OSwiaWF0IjoxNjQ0NjczNDY1LCJleHAiOjE2NDU1Mzc0NjV9.HNBO4KS2zUmdjE4sm_8CBPPQTgpo-m1FylfRpTDLDrw</msg>
<status status="PASS" starttime="20220212 10:44:25.031" endtime="20220212 10:44:25.742"/>
</kw>
<kw name="POST Geek" library="GeeksRoute">
<arg>${token}</arg>
<arg>${geek}[geek_profile]</arg>
<kw name="Create Dictionary" library="BuiltIn">
<var>${headers}</var>
<arg>Authorization=${token}</arg>
<doc>Creates and returns a dictionary based on the given ``items``.</doc>
<msg timestamp="20220212 10:44:25.743" level="INFO">${headers} = {'Authorization': 'Bearer eyJhbGciOiJIUzI1NiIsInR5cCI6IkpXVCJ9.eyJpZCI6MTE0OSwiaWF0IjoxNjQ0NjczNDY1LCJleHAiOjE2NDU1Mzc0NjV9.HNBO4KS2zUmdjE4sm_8CBPPQTgpo-m1FylfRpTDLDrw'}</msg>
<status status="PASS" starttime="20220212 10:44:25.743" endtime="20220212 10:44:25.743"/>
</kw>
<kw name="POST" library="RequestsLibrary">
<var>${response}</var>
<arg>${API_GEEKS}/geeks</arg>
<arg>json=${payload}</arg>
<arg>headers=${headers}</arg>
<arg>expected_status=any</arg>
<doc>Sends a POST request.</doc>
<msg timestamp="20220212 10:44:26.582" level="INFO">POST Request : url=https://getgeeks-geeks-balbino.herokuapp.com/geeks 
 path_url=/geeks 
 headers={'User-Agent': 'python-requests/2.26.0', 'Accept-Encoding': 'gzip, deflate', 'Accept': '*/*', 'Connection': 'keep-alive', 'Authorization': 'Bearer eyJhbGciOiJIUzI1NiIsInR5cCI6IkpXVCJ9.eyJpZCI6MTE0OSwiaWF0IjoxNjQ0NjczNDY1LCJleHAiOjE2NDU1Mzc0NjV9.HNBO4KS2zUmdjE4sm_8CBPPQTgpo-m1FylfRpTDLDrw', 'Content-Length': '356', 'Content-Type': 'application/json'} 
 body=b'{"whatsapp": "21999999999", "desc": "Instalo Distros Ubuntu, Debian, ElementaryOS, PopOS, Linux Mint, Kurumin, Mandrake, Connectiva, Fedora, RedHat, CentOS, Slackware, Gentoo, Archlinux, Kubuntu, Xubuntu, Suze, Mandriva, Edubuntu, KateOS, Sabayon Linux, Manjaro Linux, BigLinux, ZorinOS, Unit", "printer_repair": "N\\u00e3o", "work": "Ambos", "cost": "110"}' 
 </msg>
<msg timestamp="20220212 10:44:26.582" level="INFO">POST Response : url=https://getgeeks-geeks-balbino.herokuapp.com/geeks 
 status=201, reason=Created 
 headers={'Server': 'Cowboy', 'Connection': 'keep-alive', 'X-Powered-By': 'Express', 'Access-Control-Allow-Origin': '*', 'Date': 'Sat, 12 Feb 2022 13:44:26 GMT', 'Content-Length': '0', 'Via': '1.1 vegur'} 
 body=None 
 </msg>
<msg timestamp="20220212 10:44:26.583" level="INFO">${response} = &lt;Response [201]&gt;</msg>
<status status="PASS" starttime="20220212 10:44:25.743" endtime="20220212 10:44:26.583"/>
</kw>
<status status="PASS" starttime="20220212 10:44:25.742" endtime="20220212 10:44:26.583"/>
</kw>
<status status="PASS" starttime="20220212 10:44:24.246" endtime="20220212 10:44:26.583"/>
</iter>
<iter>
<var name="${geek}">{'name': 'Reed Richards', 'email': 'reed@fantastic4.com', 'password': 'pwd123', 'geek_profile': {'whatsapp': '31999999999', 'desc': 'Instalado e faço manutenção em qualquer tipo de impressora, matrici...</var>
<kw name="POST User" library="UsersRoute">
<arg>${geek}</arg>
<kw name="POST" library="RequestsLibrary">
<var>${response}</var>
<arg>${API_USERS}/users</arg>
<arg>json=${payload}</arg>
<arg>expected_status=any</arg>
<doc>Sends a POST request.</doc>
<msg timestamp="20220212 10:44:27.285" level="INFO">POST Request : url=https://getgeeks-users-balbino.herokuapp.com/users 
 path_url=/users 
 headers={'User-Agent': 'python-requests/2.26.0', 'Accept-Encoding': 'gzip, deflate', 'Accept': '*/*', 'Connection': 'keep-alive', 'Content-Length': '415', 'Content-Type': 'application/json'} 
 body=b'{"name": "Reed Richards", "email": "reed@fantastic4.com", "password": "pwd123", "geek_profile": {"whatsapp": "31999999999", "desc": "Instalado e fa\\u00e7o manuten\\u00e7\\u00e3o em qualquer tipo de impressora, matricial padr\\u00e3o, matricial fiscal, a jato, a cera, a laser e at\\u00e9 3D. Tamb\\u00e9m fa\\u00e7o remold de fitas coloridas para Epson LX300. ", "printer_repair": "Sim", "work": "Remoto", "cost": "120"}}' 
 </msg>
<msg timestamp="20220212 10:44:27.285" level="INFO">POST Response : url=https://getgeeks-users-balbino.herokuapp.com/users 
 status=400, reason=Bad Request 
 headers={'Server': 'Cowboy', 'Connection': 'keep-alive', 'X-Powered-By': 'Express', 'Access-Control-Allow-Origin': '*', 'Content-Type': 'application/json; charset=utf-8', 'Content-Length': '31', 'Etag': 'W/"1f-lFUySNKwX3L5eGEwGcNcUoVKWhE"', 'Date': 'Sat, 12 Feb 2022 13:44:27 GMT', 'Via': '1.1 vegur'} 
 body={"error":"User already exists"} 
 </msg>
<msg timestamp="20220212 10:44:27.286" level="INFO">${response} = &lt;Response [400]&gt;</msg>
<status status="PASS" starttime="20220212 10:44:26.584" endtime="20220212 10:44:27.286"/>
</kw>
<status status="PASS" starttime="20220212 10:44:26.584" endtime="20220212 10:44:27.286"/>
</kw>
<kw name="Get Token" library="Helpers">
<var>${token}</var>
<arg>${geek}</arg>
<kw name="Create Dictionary" library="BuiltIn">
<var>${payload}</var>
<arg>email=${user}[email]</arg>
<arg>password=${user}[password]</arg>
<doc>Creates and returns a dictionary based on the given ``items``.</doc>
<msg timestamp="20220212 10:44:27.288" level="INFO">${payload} = {'email': 'reed@fantastic4.com', 'password': 'pwd123'}</msg>
<status status="PASS" starttime="20220212 10:44:27.287" endtime="20220212 10:44:27.288"/>
</kw>
<kw name="POST Session" library="SessionsRoute">
<var>${response}</var>
<arg>${payload}</arg>
<kw name="POST" library="RequestsLibrary">
<var>${response}</var>
<arg>${API_USERS}/sessions</arg>
<arg>json=${payload}</arg>
<arg>expected_status=any</arg>
<doc>Sends a POST request.</doc>
<msg timestamp="20220212 10:44:27.967" level="INFO">POST Request : url=https://getgeeks-users-balbino.herokuapp.com/sessions 
 path_url=/sessions 
 headers={'User-Agent': 'python-requests/2.26.0', 'Accept-Encoding': 'gzip, deflate', 'Accept': '*/*', 'Connection': 'keep-alive', 'Content-Length': '54', 'Content-Type': 'application/json'} 
 body=b'{"email": "reed@fantastic4.com", "password": "pwd123"}' 
 </msg>
<msg timestamp="20220212 10:44:27.967" level="INFO">POST Response : url=https://getgeeks-users-balbino.herokuapp.com/sessions 
 status=200, reason=OK 
 headers={'Server': 'Cowboy', 'Connection': 'keep-alive', 'X-Powered-By': 'Express', 'Access-Control-Allow-Origin': '*', 'Content-Type': 'application/json; charset=utf-8', 'Content-Length': '377', 'Etag': 'W/"179-H1ZrsjCQSLsY2VU1GqFJs2bi4Eo"', 'Date': 'Sat, 12 Feb 2022 13:44:27 GMT', 'Via': '1.1 vegur'} 
 body={"user":{"id":1150,"email":"reed@fantastic4.com","password_hash":"$2b$08$2l.ymspbRE.6jAyXK92HR.kfV8bLzIvbyrtyPVf/50jPqXaVF/B/q","name":"Reed Richards","avatar":null,"whatsapp":"31999999999","is_geek":true},"token":"eyJhbGciOiJIUzI1NiIsInR5cCI6IkpXVCJ9.eyJpZCI6MTE1MCwiaWF0IjoxNjQ0NjczNDY3LCJleHAiOjE2NDU1Mzc0Njd9.IKXzPtupgNs0vmFuBLG7mm9zhPPYDqD1qMP6nFgzF_Q","expires_in":"10d"} 
 </msg>
<msg timestamp="20220212 10:44:27.967" level="INFO">${response} = &lt;Response [200]&gt;</msg>
<status status="PASS" starttime="20220212 10:44:27.288" endtime="20220212 10:44:27.967"/>
</kw>
<msg timestamp="20220212 10:44:27.968" level="INFO">${response} = &lt;Response [200]&gt;</msg>
<status status="PASS" starttime="20220212 10:44:27.288" endtime="20220212 10:44:27.968"/>
</kw>
<kw name="Set Variable" library="BuiltIn">
<var>${result}</var>
<arg>${EMPTY}</arg>
<doc>Returns the given values which can then be assigned to a variables.</doc>
<msg timestamp="20220212 10:44:27.969" level="INFO">${result} = </msg>
<status status="PASS" starttime="20220212 10:44:27.968" endtime="20220212 10:44:27.969"/>
</kw>
<if>
<branch type="IF" condition="&quot;200&quot; in &quot;${response}&quot;">
<kw name="Set Variable" library="BuiltIn">
<var>${result}</var>
<arg>Bearer ${response.json()}[token]</arg>
<doc>Returns the given values which can then be assigned to a variables.</doc>
<msg timestamp="20220212 10:44:27.969" level="INFO">${result} = Bearer eyJhbGciOiJIUzI1NiIsInR5cCI6IkpXVCJ9.eyJpZCI6MTE1MCwiaWF0IjoxNjQ0NjczNDY3LCJleHAiOjE2NDU1Mzc0Njd9.IKXzPtupgNs0vmFuBLG7mm9zhPPYDqD1qMP6nFgzF_Q</msg>
<status status="PASS" starttime="20220212 10:44:27.969" endtime="20220212 10:44:27.969"/>
</kw>
<status status="PASS" starttime="20220212 10:44:27.969" endtime="20220212 10:44:27.969"/>
</branch>
<status status="PASS" starttime="20220212 10:44:27.969" endtime="20220212 10:44:27.969"/>
</if>
<msg timestamp="20220212 10:44:27.969" level="INFO">${token} = Bearer eyJhbGciOiJIUzI1NiIsInR5cCI6IkpXVCJ9.eyJpZCI6MTE1MCwiaWF0IjoxNjQ0NjczNDY3LCJleHAiOjE2NDU1Mzc0Njd9.IKXzPtupgNs0vmFuBLG7mm9zhPPYDqD1qMP6nFgzF_Q</msg>
<status status="PASS" starttime="20220212 10:44:27.286" endtime="20220212 10:44:27.969"/>
</kw>
<kw name="POST Geek" library="GeeksRoute">
<arg>${token}</arg>
<arg>${geek}[geek_profile]</arg>
<kw name="Create Dictionary" library="BuiltIn">
<var>${headers}</var>
<arg>Authorization=${token}</arg>
<doc>Creates and returns a dictionary based on the given ``items``.</doc>
<msg timestamp="20220212 10:44:27.970" level="INFO">${headers} = {'Authorization': 'Bearer eyJhbGciOiJIUzI1NiIsInR5cCI6IkpXVCJ9.eyJpZCI6MTE1MCwiaWF0IjoxNjQ0NjczNDY3LCJleHAiOjE2NDU1Mzc0Njd9.IKXzPtupgNs0vmFuBLG7mm9zhPPYDqD1qMP6nFgzF_Q'}</msg>
<status status="PASS" starttime="20220212 10:44:27.970" endtime="20220212 10:44:27.970"/>
</kw>
<kw name="POST" library="RequestsLibrary">
<var>${response}</var>
<arg>${API_GEEKS}/geeks</arg>
<arg>json=${payload}</arg>
<arg>headers=${headers}</arg>
<arg>expected_status=any</arg>
<doc>Sends a POST request.</doc>
<msg timestamp="20220212 10:44:28.649" level="INFO">POST Request : url=https://getgeeks-geeks-balbino.herokuapp.com/geeks 
 path_url=/geeks 
 headers={'User-Agent': 'python-requests/2.26.0', 'Accept-Encoding': 'gzip, deflate', 'Accept': '*/*', 'Connection': 'keep-alive', 'Authorization': 'Bearer eyJhbGciOiJIUzI1NiIsInR5cCI6IkpXVCJ9.eyJpZCI6MTE1MCwiaWF0IjoxNjQ0NjczNDY3LCJleHAiOjE2NDU1Mzc0Njd9.IKXzPtupgNs0vmFuBLG7mm9zhPPYDqD1qMP6nFgzF_Q', 'Content-Length': '318', 'Content-Type': 'application/json'} 
 body=b'{"whatsapp": "31999999999", "desc": "Instalado e fa\\u00e7o manuten\\u00e7\\u00e3o em qualquer tipo de impressora, matricial padr\\u00e3o, matricial fiscal, a jato, a cera, a laser e at\\u00e9 3D. Tamb\\u00e9m fa\\u00e7o remold de fitas coloridas para Epson LX300. ", "printer_repair": "Sim", "work": "Remoto", "cost": "120"}' 
 </msg>
<msg timestamp="20220212 10:44:28.649" level="INFO">POST Response : url=https://getgeeks-geeks-balbino.herokuapp.com/geeks 
 status=201, reason=Created 
 headers={'Server': 'Cowboy', 'Connection': 'keep-alive', 'X-Powered-By': 'Express', 'Access-Control-Allow-Origin': '*', 'Date': 'Sat, 12 Feb 2022 13:44:28 GMT', 'Content-Length': '0', 'Via': '1.1 vegur'} 
 body=None 
 </msg>
<msg timestamp="20220212 10:44:28.649" level="INFO">${response} = &lt;Response [201]&gt;</msg>
<status status="PASS" starttime="20220212 10:44:27.970" endtime="20220212 10:44:28.649"/>
</kw>
<status status="PASS" starttime="20220212 10:44:27.969" endtime="20220212 10:44:28.650"/>
</kw>
<status status="PASS" starttime="20220212 10:44:26.583" endtime="20220212 10:44:28.650"/>
</iter>
<status status="PASS" starttime="20220212 10:44:21.720" endtime="20220212 10:44:28.650"/>
</for>
<kw name="POST User" library="UsersRoute">
<arg>${data}[user]</arg>
<kw name="POST" library="RequestsLibrary">
<var>${response}</var>
<arg>${API_USERS}/users</arg>
<arg>json=${payload}</arg>
<arg>expected_status=any</arg>
<doc>Sends a POST request.</doc>
<msg timestamp="20220212 10:44:29.314" level="INFO">POST Request : url=https://getgeeks-users-balbino.herokuapp.com/users 
 path_url=/users 
 headers={'User-Agent': 'python-requests/2.26.0', 'Accept-Encoding': 'gzip, deflate', 'Accept': '*/*', 'Connection': 'keep-alive', 'Content-Length': '74', 'Content-Type': 'application/json'} 
 body=b'{"name": "Peter Quill", "email": "quill@marvel.com", "password": "pwd123"}' 
 </msg>
<msg timestamp="20220212 10:44:29.314" level="INFO">POST Response : url=https://getgeeks-users-balbino.herokuapp.com/users 
 status=400, reason=Bad Request 
 headers={'Server': 'Cowboy', 'Connection': 'keep-alive', 'X-Powered-By': 'Express', 'Access-Control-Allow-Origin': '*', 'Content-Type': 'application/json; charset=utf-8', 'Content-Length': '31', 'Etag': 'W/"1f-lFUySNKwX3L5eGEwGcNcUoVKWhE"', 'Date': 'Sat, 12 Feb 2022 13:44:29 GMT', 'Via': '1.1 vegur'} 
 body={"error":"User already exists"} 
 </msg>
<msg timestamp="20220212 10:44:29.315" level="INFO">${response} = &lt;Response [400]&gt;</msg>
<status status="PASS" starttime="20220212 10:44:28.652" endtime="20220212 10:44:29.315"/>
</kw>
<status status="PASS" starttime="20220212 10:44:28.652" endtime="20220212 10:44:29.315"/>
</kw>
<kw name="Get Token" library="Helpers">
<var>${token}</var>
<arg>${data}[user]</arg>
<kw name="Create Dictionary" library="BuiltIn">
<var>${payload}</var>
<arg>email=${user}[email]</arg>
<arg>password=${user}[password]</arg>
<doc>Creates and returns a dictionary based on the given ``items``.</doc>
<msg timestamp="20220212 10:44:29.317" level="INFO">${payload} = {'email': 'quill@marvel.com', 'password': 'pwd123'}</msg>
<status status="PASS" starttime="20220212 10:44:29.317" endtime="20220212 10:44:29.317"/>
</kw>
<kw name="POST Session" library="SessionsRoute">
<var>${response}</var>
<arg>${payload}</arg>
<kw name="POST" library="RequestsLibrary">
<var>${response}</var>
<arg>${API_USERS}/sessions</arg>
<arg>json=${payload}</arg>
<arg>expected_status=any</arg>
<doc>Sends a POST request.</doc>
<msg timestamp="20220212 10:44:29.993" level="INFO">POST Request : url=https://getgeeks-users-balbino.herokuapp.com/sessions 
 path_url=/sessions 
 headers={'User-Agent': 'python-requests/2.26.0', 'Accept-Encoding': 'gzip, deflate', 'Accept': '*/*', 'Connection': 'keep-alive', 'Content-Length': '51', 'Content-Type': 'application/json'} 
 body=b'{"email": "quill@marvel.com", "password": "pwd123"}' 
 </msg>
<msg timestamp="20220212 10:44:29.993" level="INFO">POST Response : url=https://getgeeks-users-balbino.herokuapp.com/sessions 
 status=200, reason=OK 
 headers={'Server': 'Cowboy', 'Connection': 'keep-alive', 'X-Powered-By': 'Express', 'Access-Control-Allow-Origin': '*', 'Content-Type': 'application/json; charset=utf-8', 'Content-Length': '364', 'Etag': 'W/"16c-jHEg/j28s4aP7qzbwIqT3Tj1QY4"', 'Date': 'Sat, 12 Feb 2022 13:44:29 GMT', 'Via': '1.1 vegur'} 
 body={"user":{"id":1151,"email":"quill@marvel.com","password_hash":"$2b$08$NH97R/ZXd6YoudXjSjmTdeS2JINlXJZg99lfRTHuXfrVSZ3ExiZli","name":"Peter Quill","avatar":null,"whatsapp":null,"is_geek":false},"token":"eyJhbGciOiJIUzI1NiIsInR5cCI6IkpXVCJ9.eyJpZCI6MTE1MSwiaWF0IjoxNjQ0NjczNDY5LCJleHAiOjE2NDU1Mzc0Njl9.cwyWU_J7RNERqP3A-wdlGFxgWGLqBlVNir-Gdq78WQ0","expires_in":"10d"} 
 </msg>
<msg timestamp="20220212 10:44:29.993" level="INFO">${response} = &lt;Response [200]&gt;</msg>
<status status="PASS" starttime="20220212 10:44:29.317" endtime="20220212 10:44:29.993"/>
</kw>
<msg timestamp="20220212 10:44:29.993" level="INFO">${response} = &lt;Response [200]&gt;</msg>
<status status="PASS" starttime="20220212 10:44:29.317" endtime="20220212 10:44:29.993"/>
</kw>
<kw name="Set Variable" library="BuiltIn">
<var>${result}</var>
<arg>${EMPTY}</arg>
<doc>Returns the given values which can then be assigned to a variables.</doc>
<msg timestamp="20220212 10:44:29.994" level="INFO">${result} = </msg>
<status status="PASS" starttime="20220212 10:44:29.994" endtime="20220212 10:44:29.994"/>
</kw>
<if>
<branch type="IF" condition="&quot;200&quot; in &quot;${response}&quot;">
<kw name="Set Variable" library="BuiltIn">
<var>${result}</var>
<arg>Bearer ${response.json()}[token]</arg>
<doc>Returns the given values which can then be assigned to a variables.</doc>
<msg timestamp="20220212 10:44:29.994" level="INFO">${result} = Bearer eyJhbGciOiJIUzI1NiIsInR5cCI6IkpXVCJ9.eyJpZCI6MTE1MSwiaWF0IjoxNjQ0NjczNDY5LCJleHAiOjE2NDU1Mzc0Njl9.cwyWU_J7RNERqP3A-wdlGFxgWGLqBlVNir-Gdq78WQ0</msg>
<status status="PASS" starttime="20220212 10:44:29.994" endtime="20220212 10:44:29.995"/>
</kw>
<status status="PASS" starttime="20220212 10:44:29.994" endtime="20220212 10:44:29.995"/>
</branch>
<status status="PASS" starttime="20220212 10:44:29.994" endtime="20220212 10:44:29.995"/>
</if>
<msg timestamp="20220212 10:44:29.995" level="INFO">${token} = Bearer eyJhbGciOiJIUzI1NiIsInR5cCI6IkpXVCJ9.eyJpZCI6MTE1MSwiaWF0IjoxNjQ0NjczNDY5LCJleHAiOjE2NDU1Mzc0Njl9.cwyWU_J7RNERqP3A-wdlGFxgWGLqBlVNir-Gdq78WQ0</msg>
<status status="PASS" starttime="20220212 10:44:29.316" endtime="20220212 10:44:29.995"/>
</kw>
<kw name="GET Geeks" library="GeeksRoute">
<var>${response}</var>
<arg>${token}</arg>
<kw name="Create Dictionary" library="BuiltIn">
<var>${headers}</var>
<arg>Authorization=${token}</arg>
<doc>Creates and returns a dictionary based on the given ``items``.</doc>
<msg timestamp="20220212 10:44:29.996" level="INFO">${headers} = {'Authorization': 'Bearer eyJhbGciOiJIUzI1NiIsInR5cCI6IkpXVCJ9.eyJpZCI6MTE1MSwiaWF0IjoxNjQ0NjczNDY5LCJleHAiOjE2NDU1Mzc0Njl9.cwyWU_J7RNERqP3A-wdlGFxgWGLqBlVNir-Gdq78WQ0'}</msg>
<status status="PASS" starttime="20220212 10:44:29.995" endtime="20220212 10:44:29.996"/>
</kw>
<kw name="GET" library="RequestsLibrary">
<var>${response}</var>
<arg>${API_GEEKS}/geeks</arg>
<arg>headers=${headers}</arg>
<arg>expected_status=any</arg>
<doc>Sends a GET request.</doc>
<msg timestamp="20220212 10:44:31.178" level="INFO">GET Request : url=https://getgeeks-geeks-balbino.herokuapp.com/geeks 
 path_url=/geeks 
 headers={'User-Agent': 'python-requests/2.26.0', 'Accept-Encoding': 'gzip, deflate', 'Accept': '*/*', 'Connection': 'keep-alive', 'Authorization': 'Bearer eyJhbGciOiJIUzI1NiIsInR5cCI6IkpXVCJ9.eyJpZCI6MTE1MSwiaWF0IjoxNjQ0NjczNDY5LCJleHAiOjE2NDU1Mzc0Njl9.cwyWU_J7RNERqP3A-wdlGFxgWGLqBlVNir-Gdq78WQ0'} 
 body=None 
 </msg>
<msg timestamp="20220212 10:44:31.179" level="INFO">GET Response : url=https://getgeeks-geeks-balbino.herokuapp.com/geeks 
 status=200, reason=OK 
 headers={'Server': 'Cowboy', 'Connection': 'keep-alive', 'X-Powered-By': 'Express', 'Access-Control-Allow-Origin': '*', 'Content-Type': 'application/json; charset=utf-8', 'Content-Length': '3444', 'Etag': 'W/"d74-XxS3V3woudKJZqRQBD3RS59XQK0"', 'Date': 'Sat, 12 Feb 2022 13:44:30 GMT', 'Via': '1.1 vegur'} 
 body={"Geeks":[{"id":1157,"desc":"Seu computador está lento? Reiniciando do nada? Talvez seja um vírus, ou algum hardware com defeito. Posso fazer a manutenção no seu PC, formando, reinstalando o SO, trocando algum componente físico e porque não remover o baidu ou qualquer outro malware.","printer_repair":"Sim","work":"Presencial","cost":"150.99","user_id":1157,"email":"joao@qaninja.com.br","password_hash":"$2b$08$B7CsQHm9001kriSYJmV45.WIu.CAaGbVkrSCOcce9PcdgiYK.7Sh2","name":"Joao Lucas","avatar":null,"whatsapp":"11999999999","is_geek":true},{"id":1148,"desc":"Seu computador está lento? Reiniciando do nada? Talvez seja um vírus, ou algum hardware com defeito. Posso fazer a manutenção no seu PC, formando, reinstalando o SO, trocando algum componente físico e porque não remover o baidu ou qualquer outro malware.","printer_repair":"Não","work":"Presencial","cost":"100.00","user_id":1148,"email":"riri@marvel.com","password_hash":"$2b$08$AxXXTUsS5TGsVaav2EIHiuHBrFBoFpDLy.xqfoCe5HMGGoYsdEtd.","name":"Riri Willians","avatar":null,"whatsapp":"11999999999","is_geek":true},{"id":1149,"desc":"Instalo Distros Ubuntu, Debian, ElementaryOS, PopOS, Linux Mint, Kurumin, Mandrake, Connectiva, Fedora, RedHat, CentOS, Slackware, Gentoo, Archlinux, Kubuntu, Xubuntu, Suze, Mandriva, Edubuntu, KateOS, Sabayon Linux, Manjaro Linux, BigLinux, ZorinOS, Unit","printer_repair":"Não","work":"Ambos","cost":"110.00","user_id":1149,"email":"zola@hidra.com","password_hash":"$2b$08$wKXW9gDmzJm4T5j3jx4eMeOI7wGQ02VsmfvnL59In5Cjq7RfzyppC","name":"Arnim Zola","avatar":null,"whatsapp":"21999999999","is_geek":true},{"id":1150,"desc":"Instalado e faço manutenção em qualquer tipo de impressora, matricial padrão, matricial fiscal, a jato, a cera, a laser e até 3D. Também faço remold de fitas coloridas para Epson LX300. ","printer_repair":"Sim","work":"Remoto","cost":"120.00","user_id":1150,"email":"reed@fantastic4.com","password_hash":"$2b$08$2l.ymspbRE.6jAyXK92HR.kfV8bLzIvbyrtyPVf/50jPqXaVF/B/q","name":"Reed Richards","avatar":null,"whatsapp":"31999999999","is_geek":true},{"id":1139,"desc":"Seu computador está lento? Reiniciando do nada? Posso fazer a manutenção no seu PC, formatando, reinstalando o Sistema Operacional, trocando algum componente físico e porque não remover o baidú ou qualquer outro malware.","printer_repair":"Sim","work":"Remoto","cost":"100.00","user_id":1139,"email":"kim@dot.com","password_hash":"$2b$08$azI8OMKNkVCFRyrsW2pAducYIhSNOv9.CVTouf6IjDY.9ZSpkdfFa","name":"Kim Dotcom","avatar":null,"whatsapp":"11999999999","is_geek":true},{"id":1142,"desc":"Faço conserto de qualquer impressora. Matricial a fita, Matricial a fita colorida, a laser, a jato de tinta e também impressora 3D.","printer_repair":"Sim","work":"Presencial","cost":"250.00","user_id":1142,"email":"doc.ock@oscorp.com","password_hash":"$2b$08$CKcfQiEqXU.BxETwWI7jk.zHSp4ysAZO2S9zPSJgYZQYC1lQQAMYe","name":"Doctor Ocktavius","avatar":null,"whatsapp":"11999999999","is_geek":true},{"id":1143,"desc":"Faço instalação de distribuções Linux no seu computador PC X86 ou X64 com processadores Intel ou AMD. Pode ser o Linux Debian, Ubuntu, Mint, Fedora etc...","printer_repair":"Não","work":"Remoto","cost":"200.00","user_id":1143,"email":"parker2@oscorp.com","password_hash":"$2b$08$2YpPN61BpVSH6hQyvoWQk.9GXiT91ANqT3rXNWqRvwb7IT.cwJVGi","name":"Petter Parker","avatar":null,"whatsapp":"11999998888","is_geek":true}],"Count":"7"} 
 </msg>
<msg timestamp="20220212 10:44:31.179" level="INFO">${response} = &lt;Response [200]&gt;</msg>
<status status="PASS" starttime="20220212 10:44:29.996" endtime="20220212 10:44:31.179"/>
</kw>
<msg timestamp="20220212 10:44:31.179" level="INFO">${response} = &lt;Response [200]&gt;</msg>
<status status="PASS" starttime="20220212 10:44:29.995" endtime="20220212 10:44:31.179"/>
</kw>
<kw name="Status Should Be" library="RequestsLibrary">
<arg>200</arg>
<arg>${response}</arg>
<doc>Fails if response status code is different than the expected.</doc>
<status status="PASS" starttime="20220212 10:44:31.180" endtime="20220212 10:44:31.180"/>
</kw>
<kw name="Log" library="BuiltIn">
<arg>${response.json()}[Geeks]</arg>
<doc>Logs the given message with the given level.</doc>
<msg timestamp="20220212 10:44:31.182" level="INFO">[{'id': 1157, 'desc': 'Seu computador está lento? Reiniciando do nada? Talvez seja um vírus, ou algum hardware com defeito. Posso fazer a manutenção no seu PC, formando, reinstalando o SO, trocando algum componente físico e porque não remover o baidu ou qualquer outro malware.', 'printer_repair': 'Sim', 'work': 'Presencial', 'cost': '150.99', 'user_id': 1157, 'email': 'joao@qaninja.com.br', 'password_hash': '$2b$08$B7CsQHm9001kriSYJmV45.WIu.CAaGbVkrSCOcce9PcdgiYK.7Sh2', 'name': 'Joao Lucas', 'avatar': None, 'whatsapp': '11999999999', 'is_geek': True}, {'id': 1148, 'desc': 'Seu computador está lento? Reiniciando do nada? Talvez seja um vírus, ou algum hardware com defeito. Posso fazer a manutenção no seu PC, formando, reinstalando o SO, trocando algum componente físico e porque não remover o baidu ou qualquer outro malware.', 'printer_repair': 'Não', 'work': 'Presencial', 'cost': '100.00', 'user_id': 1148, 'email': 'riri@marvel.com', 'password_hash': '$2b$08$AxXXTUsS5TGsVaav2EIHiuHBrFBoFpDLy.xqfoCe5HMGGoYsdEtd.', 'name': 'Riri Willians', 'avatar': None, 'whatsapp': '11999999999', 'is_geek': True}, {'id': 1149, 'desc': 'Instalo Distros Ubuntu, Debian, ElementaryOS, PopOS, Linux Mint, Kurumin, Mandrake, Connectiva, Fedora, RedHat, CentOS, Slackware, Gentoo, Archlinux, Kubuntu, Xubuntu, Suze, Mandriva, Edubuntu, KateOS, Sabayon Linux, Manjaro Linux, BigLinux, ZorinOS, Unit', 'printer_repair': 'Não', 'work': 'Ambos', 'cost': '110.00', 'user_id': 1149, 'email': 'zola@hidra.com', 'password_hash': '$2b$08$wKXW9gDmzJm4T5j3jx4eMeOI7wGQ02VsmfvnL59In5Cjq7RfzyppC', 'name': 'Arnim Zola', 'avatar': None, 'whatsapp': '21999999999', 'is_geek': True}, {'id': 1150, 'desc': 'Instalado e faço manutenção em qualquer tipo de impressora, matricial padrão, matricial fiscal, a jato, a cera, a laser e até 3D. Também faço remold de fitas coloridas para Epson LX300. ', 'printer_repair': 'Sim', 'work': 'Remoto', 'cost': '120.00', 'user_id': 1150, 'email': 'reed@fantastic4.com', 'password_hash': '$2b$08$2l.ymspbRE.6jAyXK92HR.kfV8bLzIvbyrtyPVf/50jPqXaVF/B/q', 'name': 'Reed Richards', 'avatar': None, 'whatsapp': '31999999999', 'is_geek': True}, {'id': 1139, 'desc': 'Seu computador está lento? Reiniciando do nada? Posso fazer a manutenção no seu PC, formatando, reinstalando o Sistema Operacional, trocando algum componente físico e porque não remover o baidú ou qualquer outro malware.', 'printer_repair': 'Sim', 'work': 'Remoto', 'cost': '100.00', 'user_id': 1139, 'email': 'kim@dot.com', 'password_hash': '$2b$08$azI8OMKNkVCFRyrsW2pAducYIhSNOv9.CVTouf6IjDY.9ZSpkdfFa', 'name': 'Kim Dotcom', 'avatar': None, 'whatsapp': '11999999999', 'is_geek': True}, {'id': 1142, 'desc': 'Faço conserto de qualquer impressora. Matricial a fita, Matricial a fita colorida, a laser, a jato de tinta e também impressora 3D.', 'printer_repair': 'Sim', 'work': 'Presencial', 'cost': '250.00', 'user_id': 1142, 'email': 'doc.ock@oscorp.com', 'password_hash': '$2b$08$CKcfQiEqXU.BxETwWI7jk.zHSp4ysAZO2S9zPSJgYZQYC1lQQAMYe', 'name': 'Doctor Ocktavius', 'avatar': None, 'whatsapp': '11999999999', 'is_geek': True}, {'id': 1143, 'desc': 'Faço instalação de distribuções Linux no seu computador PC X86 ou X64 com processadores Intel ou AMD. Pode ser o Linux Debian, Ubuntu, Mint, Fedora etc...', 'printer_repair': 'Não', 'work': 'Remoto', 'cost': '200.00', 'user_id': 1143, 'email': 'parker2@oscorp.com', 'password_hash': '$2b$08$2YpPN61BpVSH6hQyvoWQk.9GXiT91ANqT3rXNWqRvwb7IT.cwJVGi', 'name': 'Petter Parker', 'avatar': None, 'whatsapp': '11999998888', 'is_geek': True}]</msg>
<status status="PASS" starttime="20220212 10:44:31.181" endtime="20220212 10:44:31.183"/>
</kw>
<kw name="Get Length" library="BuiltIn">
<var>${total}</var>
<arg>${response.json()}[Geeks]</arg>
<doc>Returns and logs the length of the given item as an integer.</doc>
<msg timestamp="20220212 10:44:31.185" level="INFO">Length is 7</msg>
<msg timestamp="20220212 10:44:31.185" level="INFO">${total} = 7</msg>
<status status="PASS" starttime="20220212 10:44:31.184" endtime="20220212 10:44:31.185"/>
</kw>
<kw name="Should Be True" library="BuiltIn">
<arg>${total} &gt; 0</arg>
<doc>Fails if the given condition is not true.</doc>
<status status="PASS" starttime="20220212 10:44:31.186" endtime="20220212 10:44:31.186"/>
</kw>
<status status="PASS" starttime="20220212 10:44:21.719" endtime="20220212 10:44:31.188"/>
</test>
<doc>Geek route test suite</doc>
<status status="PASS" starttime="20220212 10:44:16.532" endtime="20220212 10:44:31.189"/>
</suite>
<suite id="s1-s2" name="Sessions" source="C:\GravidadeZERO\getgeeks\project\backend\tests\Sessions.robot">
<test id="s1-s2-t1" name="User session">
<kw name="Factory User Session" library="Users">
<var>${payload}</var>
<arg>signup</arg>
<msg timestamp="20220212 10:44:31.196" level="INFO">${payload} = {'name': 'Kate Bishop', 'email': 'kate@hotmail.com', 'password': 'pwd123'}</msg>
<status status="PASS" starttime="20220212 10:44:31.196" endtime="20220212 10:44:31.196"/>
</kw>
<kw name="POST User" library="UsersRoute">
<arg>${payload}</arg>
<kw name="POST" library="RequestsLibrary">
<var>${response}</var>
<arg>${API_USERS}/users</arg>
<arg>json=${payload}</arg>
<arg>expected_status=any</arg>
<doc>Sends a POST request.</doc>
<msg timestamp="20220212 10:44:31.866" level="INFO">POST Request : url=https://getgeeks-users-balbino.herokuapp.com/users 
 path_url=/users 
 headers={'User-Agent': 'python-requests/2.26.0', 'Accept-Encoding': 'gzip, deflate', 'Accept': '*/*', 'Connection': 'keep-alive', 'Content-Length': '74', 'Content-Type': 'application/json'} 
 body=b'{"name": "Kate Bishop", "email": "kate@hotmail.com", "password": "pwd123"}' 
 </msg>
<msg timestamp="20220212 10:44:31.866" level="INFO">POST Response : url=https://getgeeks-users-balbino.herokuapp.com/users 
 status=400, reason=Bad Request 
 headers={'Server': 'Cowboy', 'Connection': 'keep-alive', 'X-Powered-By': 'Express', 'Access-Control-Allow-Origin': '*', 'Content-Type': 'application/json; charset=utf-8', 'Content-Length': '31', 'Etag': 'W/"1f-lFUySNKwX3L5eGEwGcNcUoVKWhE"', 'Date': 'Sat, 12 Feb 2022 13:44:31 GMT', 'Via': '1.1 vegur'} 
 body={"error":"User already exists"} 
 </msg>
<msg timestamp="20220212 10:44:31.866" level="INFO">${response} = &lt;Response [400]&gt;</msg>
<status status="PASS" starttime="20220212 10:44:31.197" endtime="20220212 10:44:31.866"/>
</kw>
<status status="PASS" starttime="20220212 10:44:31.197" endtime="20220212 10:44:31.867"/>
</kw>
<kw name="Factory User Session" library="Users">
<var>${payload}</var>
<arg>login</arg>
<msg timestamp="20220212 10:44:31.869" level="INFO">${payload} = {'email': 'kate@hotmail.com', 'password': 'pwd123'}</msg>
<status status="PASS" starttime="20220212 10:44:31.868" endtime="20220212 10:44:31.869"/>
</kw>
<kw name="POST Session" library="SessionsRoute">
<var>${response}</var>
<arg>${payload}</arg>
<kw name="POST" library="RequestsLibrary">
<var>${response}</var>
<arg>${API_USERS}/sessions</arg>
<arg>json=${payload}</arg>
<arg>expected_status=any</arg>
<doc>Sends a POST request.</doc>
<msg timestamp="20220212 10:44:32.575" level="INFO">POST Request : url=https://getgeeks-users-balbino.herokuapp.com/sessions 
 path_url=/sessions 
 headers={'User-Agent': 'python-requests/2.26.0', 'Accept-Encoding': 'gzip, deflate', 'Accept': '*/*', 'Connection': 'keep-alive', 'Content-Length': '51', 'Content-Type': 'application/json'} 
 body=b'{"email": "kate@hotmail.com", "password": "pwd123"}' 
 </msg>
<msg timestamp="20220212 10:44:32.575" level="INFO">POST Response : url=https://getgeeks-users-balbino.herokuapp.com/sessions 
 status=200, reason=OK 
 headers={'Server': 'Cowboy', 'Connection': 'keep-alive', 'X-Powered-By': 'Express', 'Access-Control-Allow-Origin': '*', 'Content-Type': 'application/json; charset=utf-8', 'Content-Length': '364', 'Etag': 'W/"16c-O6VuHfpebro9+OZ2egas3mUwPuk"', 'Date': 'Sat, 12 Feb 2022 13:44:32 GMT', 'Via': '1.1 vegur'} 
 body={"user":{"id":1152,"email":"kate@hotmail.com","password_hash":"$2b$08$Xd9j3rZjMbz4WmkLtU0RbeWif7GjJIMExazLV1GQVYOqDXxXC/Me6","name":"Kate Bishop","avatar":null,"whatsapp":null,"is_geek":false},"token":"eyJhbGciOiJIUzI1NiIsInR5cCI6IkpXVCJ9.eyJpZCI6MTE1MiwiaWF0IjoxNjQ0NjczNDcyLCJleHAiOjE2NDU1Mzc0NzJ9.AyWuot2DQF3hxy-yHkBpR4ElzILnUf9lI1NOaEqz1SY","expires_in":"10d"} 
 </msg>
<msg timestamp="20220212 10:44:32.576" level="INFO">${response} = &lt;Response [200]&gt;</msg>
<status status="PASS" starttime="20220212 10:44:31.869" endtime="20220212 10:44:32.576"/>
</kw>
<msg timestamp="20220212 10:44:32.576" level="INFO">${response} = &lt;Response [200]&gt;</msg>
<status status="PASS" starttime="20220212 10:44:31.869" endtime="20220212 10:44:32.576"/>
</kw>
<kw name="Status Should Be" library="RequestsLibrary">
<arg>200</arg>
<arg>${response}</arg>
<doc>Fails if response status code is different than the expected.</doc>
<status status="PASS" starttime="20220212 10:44:32.578" endtime="20220212 10:44:32.578"/>
</kw>
<kw name="Get Length" library="BuiltIn">
<var>${size}</var>
<arg>${response.json()}[token]</arg>
<doc>Returns and logs the length of the given item as an integer.</doc>
<msg timestamp="20220212 10:44:32.580" level="INFO">Length is 141</msg>
<msg timestamp="20220212 10:44:32.580" level="INFO">${size} = 141</msg>
<status status="PASS" starttime="20220212 10:44:32.580" endtime="20220212 10:44:32.580"/>
</kw>
<kw name="Convert To Integer" library="BuiltIn">
<var>${expected_size}</var>
<arg>141</arg>
<doc>Converts the given item to an integer number.</doc>
<msg timestamp="20220212 10:44:32.580" level="INFO">${expected_size} = 141</msg>
<status status="PASS" starttime="20220212 10:44:32.580" endtime="20220212 10:44:32.580"/>
</kw>
<kw name="Should Be Equal" library="BuiltIn">
<arg>${expected_size}</arg>
<arg>${size}</arg>
<doc>Fails if the given objects are unequal.</doc>
<status status="PASS" starttime="20220212 10:44:32.580" endtime="20220212 10:44:32.580"/>
</kw>
<kw name="Should Be Equal" library="BuiltIn">
<arg>10d</arg>
<arg>${response.json()}[expires_in]</arg>
<doc>Fails if the given objects are unequal.</doc>
<status status="PASS" starttime="20220212 10:44:32.581" endtime="20220212 10:44:32.581"/>
</kw>
<status status="PASS" starttime="20220212 10:44:31.196" endtime="20220212 10:44:32.582"/>
</test>
<test id="s1-s2-t2" name="Should Not Get Token">
<kw name="Attempt POST Session">
<arg>${inv_pass}</arg>
<arg>401</arg>
<arg>Unauthorized</arg>
<kw name="POST Session" library="SessionsRoute">
<var>${response}</var>
<arg>${payload}</arg>
<kw name="POST" library="RequestsLibrary">
<var>${response}</var>
<arg>${API_USERS}/sessions</arg>
<arg>json=${payload}</arg>
<arg>expected_status=any</arg>
<doc>Sends a POST request.</doc>
<msg timestamp="20220212 10:44:33.243" level="INFO">POST Request : url=https://getgeeks-users-balbino.herokuapp.com/sessions 
 path_url=/sessions 
 headers={'User-Agent': 'python-requests/2.26.0', 'Accept-Encoding': 'gzip, deflate', 'Accept': '*/*', 'Connection': 'keep-alive', 'Content-Length': '47', 'Content-Type': 'application/json'} 
 body=b'{"email": "kate@msn.com", "password": "abc123"}' 
 </msg>
<msg timestamp="20220212 10:44:33.243" level="INFO">POST Response : url=https://getgeeks-users-balbino.herokuapp.com/sessions 
 status=401, reason=Unauthorized 
 headers={'Server': 'Cowboy', 'Connection': 'keep-alive', 'X-Powered-By': 'Express', 'Access-Control-Allow-Origin': '*', 'Content-Type': 'application/json; charset=utf-8', 'Content-Length': '24', 'Etag': 'W/"18-XPDV80vbMk4yY1/PADG4jYM4rSI"', 'Date': 'Sat, 12 Feb 2022 13:44:32 GMT', 'Via': '1.1 vegur'} 
 body={"error":"Unauthorized"} 
 </msg>
<msg timestamp="20220212 10:44:33.244" level="INFO">${response} = &lt;Response [401]&gt;</msg>
<status status="PASS" starttime="20220212 10:44:32.582" endtime="20220212 10:44:33.244"/>
</kw>
<msg timestamp="20220212 10:44:33.244" level="INFO">${response} = &lt;Response [401]&gt;</msg>
<status status="PASS" starttime="20220212 10:44:32.582" endtime="20220212 10:44:33.244"/>
</kw>
<kw name="Status Should Be" library="RequestsLibrary">
<arg>${status_code}</arg>
<arg>${response}</arg>
<doc>Fails if response status code is different than the expected.</doc>
<status status="PASS" starttime="20220212 10:44:33.244" endtime="20220212 10:44:33.245"/>
</kw>
<kw name="Should Be Equal" library="BuiltIn">
<arg>${error_message}</arg>
<arg>${response.json()}[error]</arg>
<doc>Fails if the given objects are unequal.</doc>
<status status="PASS" starttime="20220212 10:44:33.245" endtime="20220212 10:44:33.246"/>
</kw>
<status status="PASS" starttime="20220212 10:44:32.582" endtime="20220212 10:44:33.246"/>
</kw>
<kw name="Attempt POST Session">
<arg>${inv_email}</arg>
<arg>400</arg>
<arg>Incorrect email</arg>
<kw name="POST Session" library="SessionsRoute">
<var>${response}</var>
<arg>${payload}</arg>
<kw name="POST" library="RequestsLibrary">
<var>${response}</var>
<arg>${API_USERS}/sessions</arg>
<arg>json=${payload}</arg>
<arg>expected_status=any</arg>
<doc>Sends a POST request.</doc>
<msg timestamp="20220212 10:44:33.892" level="INFO">POST Request : url=https://getgeeks-users-balbino.herokuapp.com/sessions 
 path_url=/sessions 
 headers={'User-Agent': 'python-requests/2.26.0', 'Accept-Encoding': 'gzip, deflate', 'Accept': '*/*', 'Connection': 'keep-alive', 'Content-Length': '46', 'Content-Type': 'application/json'} 
 body=b'{"email": "kate.com.br", "password": "abc123"}' 
 </msg>
<msg timestamp="20220212 10:44:33.892" level="INFO">POST Response : url=https://getgeeks-users-balbino.herokuapp.com/sessions 
 status=400, reason=Bad Request 
 headers={'Server': 'Cowboy', 'Connection': 'keep-alive', 'X-Powered-By': 'Express', 'Access-Control-Allow-Origin': '*', 'Content-Type': 'application/json; charset=utf-8', 'Content-Length': '27', 'Etag': 'W/"1b-/TOfJuE8lwSWEXvBl7o6iRstTo0"', 'Date': 'Sat, 12 Feb 2022 13:44:33 GMT', 'Via': '1.1 vegur'} 
 body={"error":"Incorrect email"} 
 </msg>
<msg timestamp="20220212 10:44:33.892" level="INFO">${response} = &lt;Response [400]&gt;</msg>
<status status="PASS" starttime="20220212 10:44:33.248" endtime="20220212 10:44:33.893"/>
</kw>
<msg timestamp="20220212 10:44:33.893" level="INFO">${response} = &lt;Response [400]&gt;</msg>
<status status="PASS" starttime="20220212 10:44:33.248" endtime="20220212 10:44:33.893"/>
</kw>
<kw name="Status Should Be" library="RequestsLibrary">
<arg>${status_code}</arg>
<arg>${response}</arg>
<doc>Fails if response status code is different than the expected.</doc>
<status status="PASS" starttime="20220212 10:44:33.893" endtime="20220212 10:44:33.894"/>
</kw>
<kw name="Should Be Equal" library="BuiltIn">
<arg>${error_message}</arg>
<arg>${response.json()}[error]</arg>
<doc>Fails if the given objects are unequal.</doc>
<status status="PASS" starttime="20220212 10:44:33.894" endtime="20220212 10:44:33.895"/>
</kw>
<status status="PASS" starttime="20220212 10:44:33.248" endtime="20220212 10:44:33.895"/>
</kw>
<kw name="Attempt POST Session">
<arg>${email_404}</arg>
<arg>401</arg>
<arg>Unauthorized</arg>
<kw name="POST Session" library="SessionsRoute">
<var>${response}</var>
<arg>${payload}</arg>
<kw name="POST" library="RequestsLibrary">
<var>${response}</var>
<arg>${API_USERS}/sessions</arg>
<arg>json=${payload}</arg>
<arg>expected_status=any</arg>
<doc>Sends a POST request.</doc>
<msg timestamp="20220212 10:44:34.565" level="INFO">POST Request : url=https://getgeeks-users-balbino.herokuapp.com/sessions 
 path_url=/sessions 
 headers={'User-Agent': 'python-requests/2.26.0', 'Accept-Encoding': 'gzip, deflate', 'Accept': '*/*', 'Connection': 'keep-alive', 'Content-Length': '47', 'Content-Type': 'application/json'} 
 body=b'{"email": "kate@404.com", "password": "abc123"}' 
 </msg>
<msg timestamp="20220212 10:44:34.566" level="INFO">POST Response : url=https://getgeeks-users-balbino.herokuapp.com/sessions 
 status=401, reason=Unauthorized 
 headers={'Server': 'Cowboy', 'Connection': 'keep-alive', 'X-Powered-By': 'Express', 'Access-Control-Allow-Origin': '*', 'Content-Type': 'application/json; charset=utf-8', 'Content-Length': '24', 'Etag': 'W/"18-XPDV80vbMk4yY1/PADG4jYM4rSI"', 'Date': 'Sat, 12 Feb 2022 13:44:34 GMT', 'Via': '1.1 vegur'} 
 body={"error":"Unauthorized"} 
 </msg>
<msg timestamp="20220212 10:44:34.566" level="INFO">${response} = &lt;Response [401]&gt;</msg>
<status status="PASS" starttime="20220212 10:44:33.896" endtime="20220212 10:44:34.566"/>
</kw>
<msg timestamp="20220212 10:44:34.566" level="INFO">${response} = &lt;Response [401]&gt;</msg>
<status status="PASS" starttime="20220212 10:44:33.896" endtime="20220212 10:44:34.566"/>
</kw>
<kw name="Status Should Be" library="RequestsLibrary">
<arg>${status_code}</arg>
<arg>${response}</arg>
<doc>Fails if response status code is different than the expected.</doc>
<status status="PASS" starttime="20220212 10:44:34.567" endtime="20220212 10:44:34.567"/>
</kw>
<kw name="Should Be Equal" library="BuiltIn">
<arg>${error_message}</arg>
<arg>${response.json()}[error]</arg>
<doc>Fails if the given objects are unequal.</doc>
<status status="PASS" starttime="20220212 10:44:34.567" endtime="20220212 10:44:34.568"/>
</kw>
<status status="PASS" starttime="20220212 10:44:33.896" endtime="20220212 10:44:34.568"/>
</kw>
<kw name="Attempt POST Session">
<arg>${empty_email}</arg>
<arg>400</arg>
<arg>Required email</arg>
<kw name="POST Session" library="SessionsRoute">
<var>${response}</var>
<arg>${payload}</arg>
<kw name="POST" library="RequestsLibrary">
<var>${response}</var>
<arg>${API_USERS}/sessions</arg>
<arg>json=${payload}</arg>
<arg>expected_status=any</arg>
<doc>Sends a POST request.</doc>
<msg timestamp="20220212 10:44:35.233" level="INFO">POST Request : url=https://getgeeks-users-balbino.herokuapp.com/sessions 
 path_url=/sessions 
 headers={'User-Agent': 'python-requests/2.26.0', 'Accept-Encoding': 'gzip, deflate', 'Accept': '*/*', 'Connection': 'keep-alive', 'Content-Length': '35', 'Content-Type': 'application/json'} 
 body=b'{"email": "", "password": "abc123"}' 
 </msg>
<msg timestamp="20220212 10:44:35.234" level="INFO">POST Response : url=https://getgeeks-users-balbino.herokuapp.com/sessions 
 status=400, reason=Bad Request 
 headers={'Server': 'Cowboy', 'Connection': 'keep-alive', 'X-Powered-By': 'Express', 'Access-Control-Allow-Origin': '*', 'Content-Type': 'application/json; charset=utf-8', 'Content-Length': '26', 'Etag': 'W/"1a-ztWLEO5pP/4DOQYYgf8vh7rMmRI"', 'Date': 'Sat, 12 Feb 2022 13:44:34 GMT', 'Via': '1.1 vegur'} 
 body={"error":"Required email"} 
 </msg>
<msg timestamp="20220212 10:44:35.234" level="INFO">${response} = &lt;Response [400]&gt;</msg>
<status status="PASS" starttime="20220212 10:44:34.569" endtime="20220212 10:44:35.234"/>
</kw>
<msg timestamp="20220212 10:44:35.234" level="INFO">${response} = &lt;Response [400]&gt;</msg>
<status status="PASS" starttime="20220212 10:44:34.569" endtime="20220212 10:44:35.234"/>
</kw>
<kw name="Status Should Be" library="RequestsLibrary">
<arg>${status_code}</arg>
<arg>${response}</arg>
<doc>Fails if response status code is different than the expected.</doc>
<status status="PASS" starttime="20220212 10:44:35.235" endtime="20220212 10:44:35.235"/>
</kw>
<kw name="Should Be Equal" library="BuiltIn">
<arg>${error_message}</arg>
<arg>${response.json()}[error]</arg>
<doc>Fails if the given objects are unequal.</doc>
<status status="PASS" starttime="20220212 10:44:35.235" endtime="20220212 10:44:35.236"/>
</kw>
<status status="PASS" starttime="20220212 10:44:34.569" endtime="20220212 10:44:35.236"/>
</kw>
<kw name="Attempt POST Session">
<arg>${wo_email}</arg>
<arg>400</arg>
<arg>Required email</arg>
<kw name="POST Session" library="SessionsRoute">
<var>${response}</var>
<arg>${payload}</arg>
<kw name="POST" library="RequestsLibrary">
<var>${response}</var>
<arg>${API_USERS}/sessions</arg>
<arg>json=${payload}</arg>
<arg>expected_status=any</arg>
<doc>Sends a POST request.</doc>
<msg timestamp="20220212 10:44:35.908" level="INFO">POST Request : url=https://getgeeks-users-balbino.herokuapp.com/sessions 
 path_url=/sessions 
 headers={'User-Agent': 'python-requests/2.26.0', 'Accept-Encoding': 'gzip, deflate', 'Accept': '*/*', 'Connection': 'keep-alive', 'Content-Length': '22', 'Content-Type': 'application/json'} 
 body=b'{"password": "abc123"}' 
 </msg>
<msg timestamp="20220212 10:44:35.908" level="INFO">POST Response : url=https://getgeeks-users-balbino.herokuapp.com/sessions 
 status=400, reason=Bad Request 
 headers={'Server': 'Cowboy', 'Connection': 'keep-alive', 'X-Powered-By': 'Express', 'Access-Control-Allow-Origin': '*', 'Content-Type': 'application/json; charset=utf-8', 'Content-Length': '26', 'Etag': 'W/"1a-ztWLEO5pP/4DOQYYgf8vh7rMmRI"', 'Date': 'Sat, 12 Feb 2022 13:44:35 GMT', 'Via': '1.1 vegur'} 
 body={"error":"Required email"} 
 </msg>
<msg timestamp="20220212 10:44:35.908" level="INFO">${response} = &lt;Response [400]&gt;</msg>
<status status="PASS" starttime="20220212 10:44:35.237" endtime="20220212 10:44:35.908"/>
</kw>
[...]
 body={"user":{"id":1159,"email":"ross@gmail.com","password_hash":"$2b$08$fr1wIHAuKAbuDLDljnhh2.fqfcO3O2Sy6gSnh2kz7qQTQLlx7KMIq","name":"Thaddeus Ross","avatar":null,"whatsapp":null,"is_geek":false},"token":"eyJhbGciOiJIUzI1NiIsInR5cCI6IkpXVCJ9.eyJpZCI6MTE1OSwiaWF0IjoxNjQ0NjczNDgyLCJleHAiOjE2NDU1Mzc0ODJ9.lisJrsrD179zzD2AEnANCQcqSsjULtNnG9OSJEZ5fQg","expires_in":"10d"} 
 </msg>
<msg timestamp="20220212 10:44:43.196" level="INFO">${response} = &lt;Response [200]&gt;</msg>
<status status="PASS" starttime="20220212 10:44:42.513" endtime="20220212 10:44:43.196"/>
</kw>
<msg timestamp="20220212 10:44:43.197" level="INFO">${response} = &lt;Response [200]&gt;</msg>
<status status="PASS" starttime="20220212 10:44:42.513" endtime="20220212 10:44:43.197"/>
</kw>
<kw name="Set Variable" library="BuiltIn">
<var>${result}</var>
<arg>${EMPTY}</arg>
<doc>Returns the given values which can then be assigned to a variables.</doc>
<msg timestamp="20220212 10:44:43.198" level="INFO">${result} = </msg>
<status status="PASS" starttime="20220212 10:44:43.197" endtime="20220212 10:44:43.198"/>
</kw>
<if>
<branch type="IF" condition="&quot;200&quot; in &quot;${response}&quot;">
<kw name="Set Variable" library="BuiltIn">
<var>${result}</var>
<arg>Bearer ${response.json()}[token]</arg>
<doc>Returns the given values which can then be assigned to a variables.</doc>
<msg timestamp="20220212 10:44:43.199" level="INFO">${result} = Bearer eyJhbGciOiJIUzI1NiIsInR5cCI6IkpXVCJ9.eyJpZCI6MTE1OSwiaWF0IjoxNjQ0NjczNDgyLCJleHAiOjE2NDU1Mzc0ODJ9.lisJrsrD179zzD2AEnANCQcqSsjULtNnG9OSJEZ5fQg</msg>
<status status="PASS" starttime="20220212 10:44:43.198" endtime="20220212 10:44:43.199"/>
</kw>
<status status="PASS" starttime="20220212 10:44:43.198" endtime="20220212 10:44:43.199"/>
</branch>
<status status="PASS" starttime="20220212 10:44:43.198" endtime="20220212 10:44:43.199"/>
</if>
<msg timestamp="20220212 10:44:43.199" level="INFO">${token} = Bearer eyJhbGciOiJIUzI1NiIsInR5cCI6IkpXVCJ9.eyJpZCI6MTE1OSwiaWF0IjoxNjQ0NjczNDgyLCJleHAiOjE2NDU1Mzc0ODJ9.lisJrsrD179zzD2AEnANCQcqSsjULtNnG9OSJEZ5fQg</msg>
<status status="PASS" starttime="20220212 10:44:42.512" endtime="20220212 10:44:43.199"/>
</kw>
<kw name="DELETE User" library="UsersRoute">
<var>${response}</var>
<arg>${token}</arg>
<kw name="Create Dictionary" library="BuiltIn">
<var>${headers}</var>
<arg>Authorization=${token}</arg>
<doc>Creates and returns a dictionary based on the given ``items``.</doc>
<msg timestamp="20220212 10:44:43.201" level="INFO">${headers} = {'Authorization': 'Bearer eyJhbGciOiJIUzI1NiIsInR5cCI6IkpXVCJ9.eyJpZCI6MTE1OSwiaWF0IjoxNjQ0NjczNDgyLCJleHAiOjE2NDU1Mzc0ODJ9.lisJrsrD179zzD2AEnANCQcqSsjULtNnG9OSJEZ5fQg'}</msg>
<status status="PASS" starttime="20220212 10:44:43.200" endtime="20220212 10:44:43.201"/>
</kw>
<kw name="DELETE" library="RequestsLibrary">
<var>${response}</var>
<arg>${API_USERS}/users</arg>
<arg>headers=${headers}</arg>
<arg>expected_status=any</arg>
<doc>Sends a DELETE request.</doc>
<msg timestamp="20220212 10:44:43.854" level="INFO">DELETE Request : url=https://getgeeks-users-balbino.herokuapp.com/users 
 path_url=/users 
 headers={'User-Agent': 'python-requests/2.26.0', 'Accept-Encoding': 'gzip, deflate', 'Accept': '*/*', 'Connection': 'keep-alive', 'Authorization': 'Bearer eyJhbGciOiJIUzI1NiIsInR5cCI6IkpXVCJ9.eyJpZCI6MTE1OSwiaWF0IjoxNjQ0NjczNDgyLCJleHAiOjE2NDU1Mzc0ODJ9.lisJrsrD179zzD2AEnANCQcqSsjULtNnG9OSJEZ5fQg', 'Content-Length': '0'} 
 body=None 
 </msg>
<msg timestamp="20220212 10:44:43.854" level="INFO">DELETE Response : url=https://getgeeks-users-balbino.herokuapp.com/users 
 status=204, reason=No Content 
 headers={'Server': 'Cowboy', 'Content-Length': '0', 'Connection': 'keep-alive', 'X-Powered-By': 'Express', 'Access-Control-Allow-Origin': '*', 'Date': 'Sat, 12 Feb 2022 13:44:43 GMT', 'Via': '1.1 vegur'} 
 body=None 
 </msg>
<msg timestamp="20220212 10:44:43.855" level="INFO">${response} = &lt;Response [204]&gt;</msg>
<status status="PASS" starttime="20220212 10:44:43.201" endtime="20220212 10:44:43.855"/>
</kw>
<msg timestamp="20220212 10:44:43.855" level="INFO">${response} = &lt;Response [204]&gt;</msg>
<status status="PASS" starttime="20220212 10:44:43.200" endtime="20220212 10:44:43.855"/>
</kw>
<kw name="Status Should Be" library="RequestsLibrary">
<arg>204</arg>
<arg>${response}</arg>
<doc>Fails if response status code is different than the expected.</doc>
<status status="PASS" starttime="20220212 10:44:43.857" endtime="20220212 10:44:43.858"/>
</kw>
<kw name="GET User" library="UsersRoute">
<var>${response}</var>
<arg>${token}</arg>
<kw name="Create Dictionary" library="BuiltIn">
<var>${headers}</var>
<arg>Authorization=${token}</arg>
<doc>Creates and returns a dictionary based on the given ``items``.</doc>
<msg timestamp="20220212 10:44:43.860" level="INFO">${headers} = {'Authorization': 'Bearer eyJhbGciOiJIUzI1NiIsInR5cCI6IkpXVCJ9.eyJpZCI6MTE1OSwiaWF0IjoxNjQ0NjczNDgyLCJleHAiOjE2NDU1Mzc0ODJ9.lisJrsrD179zzD2AEnANCQcqSsjULtNnG9OSJEZ5fQg'}</msg>
<status status="PASS" starttime="20220212 10:44:43.860" endtime="20220212 10:44:43.860"/>
</kw>
<kw name="GET" library="RequestsLibrary">
<var>${response}</var>
<arg>${API_USERS}/users</arg>
<arg>headers=${headers}</arg>
<arg>expected_status=any</arg>
<doc>Sends a GET request.</doc>
<msg timestamp="20220212 10:44:44.518" level="INFO">GET Request : url=https://getgeeks-users-balbino.herokuapp.com/users 
 path_url=/users 
 headers={'User-Agent': 'python-requests/2.26.0', 'Accept-Encoding': 'gzip, deflate', 'Accept': '*/*', 'Connection': 'keep-alive', 'Authorization': 'Bearer eyJhbGciOiJIUzI1NiIsInR5cCI6IkpXVCJ9.eyJpZCI6MTE1OSwiaWF0IjoxNjQ0NjczNDgyLCJleHAiOjE2NDU1Mzc0ODJ9.lisJrsrD179zzD2AEnANCQcqSsjULtNnG9OSJEZ5fQg'} 
 body=None 
 </msg>
<msg timestamp="20220212 10:44:44.518" level="INFO">GET Response : url=https://getgeeks-users-balbino.herokuapp.com/users 
 status=404, reason=Not Found 
 headers={'Server': 'Cowboy', 'Connection': 'keep-alive', 'X-Powered-By': 'Express', 'Access-Control-Allow-Origin': '*', 'Date': 'Sat, 12 Feb 2022 13:44:44 GMT', 'Content-Length': '0', 'Via': '1.1 vegur'} 
 body=None 
 </msg>
<msg timestamp="20220212 10:44:44.519" level="INFO">${response} = &lt;Response [404]&gt;</msg>
<status status="PASS" starttime="20220212 10:44:43.861" endtime="20220212 10:44:44.519"/>
</kw>
<msg timestamp="20220212 10:44:44.519" level="INFO">${response} = &lt;Response [404]&gt;</msg>
<status status="PASS" starttime="20220212 10:44:43.859" endtime="20220212 10:44:44.519"/>
</kw>
<kw name="Status Should Be" library="RequestsLibrary">
<arg>404</arg>
<arg>${response}</arg>
<doc>Fails if response status code is different than the expected.</doc>
<status status="PASS" starttime="20220212 10:44:44.521" endtime="20220212 10:44:44.522"/>
</kw>
<status status="PASS" starttime="20220212 10:44:41.815" endtime="20220212 10:44:44.523"/>
</test>
<test id="s1-s3-t4" name="Update a user">
<kw name="Factory Update User" library="Users">
<var>${user}</var>
<msg timestamp="20220212 10:44:44.524" level="INFO">${user} = {'before': {'name': 'Rafael Melo', 'email': 'rafael@yahoo.com.br', 'password': 'pwd123'}, 'after': {'name': 'Rafael Balbino', 'email': 'rafael@yahoo.com.br', 'whatsapp': '11999999998', 'avatar': ''}}</msg>
<status status="PASS" starttime="20220212 10:44:44.524" endtime="20220212 10:44:44.524"/>
</kw>
<kw name="POST User" library="UsersRoute">
<arg>${user}[before]</arg>
<kw name="POST" library="RequestsLibrary">
<var>${response}</var>
<arg>${API_USERS}/users</arg>
<arg>json=${payload}</arg>
<arg>expected_status=any</arg>
<doc>Sends a POST request.</doc>
<msg timestamp="20220212 10:44:45.172" level="INFO">POST Request : url=https://getgeeks-users-balbino.herokuapp.com/users 
 path_url=/users 
 headers={'User-Agent': 'python-requests/2.26.0', 'Accept-Encoding': 'gzip, deflate', 'Accept': '*/*', 'Connection': 'keep-alive', 'Content-Length': '77', 'Content-Type': 'application/json'} 
 body=b'{"name": "Rafael Melo", "email": "rafael@yahoo.com.br", "password": "pwd123"}' 
 </msg>
<msg timestamp="20220212 10:44:45.172" level="INFO">POST Response : url=https://getgeeks-users-balbino.herokuapp.com/users 
 status=400, reason=Bad Request 
 headers={'Server': 'Cowboy', 'Connection': 'keep-alive', 'X-Powered-By': 'Express', 'Access-Control-Allow-Origin': '*', 'Content-Type': 'application/json; charset=utf-8', 'Content-Length': '31', 'Etag': 'W/"1f-lFUySNKwX3L5eGEwGcNcUoVKWhE"', 'Date': 'Sat, 12 Feb 2022 13:44:44 GMT', 'Via': '1.1 vegur'} 
 body={"error":"User already exists"} 
 </msg>
<msg timestamp="20220212 10:44:45.173" level="INFO">${response} = &lt;Response [400]&gt;</msg>
<status status="PASS" starttime="20220212 10:44:44.525" endtime="20220212 10:44:45.173"/>
</kw>
<status status="PASS" starttime="20220212 10:44:44.524" endtime="20220212 10:44:45.173"/>
</kw>
<kw name="Get Token" library="Helpers">
<var>${token}</var>
<arg>${user}[before]</arg>
<kw name="Create Dictionary" library="BuiltIn">
<var>${payload}</var>
<arg>email=${user}[email]</arg>
<arg>password=${user}[password]</arg>
<doc>Creates and returns a dictionary based on the given ``items``.</doc>
<msg timestamp="20220212 10:44:45.176" level="INFO">${payload} = {'email': 'rafael@yahoo.com.br', 'password': 'pwd123'}</msg>
<status status="PASS" starttime="20220212 10:44:45.176" endtime="20220212 10:44:45.176"/>
</kw>
<kw name="POST Session" library="SessionsRoute">
<var>${response}</var>
<arg>${payload}</arg>
<kw name="POST" library="RequestsLibrary">
<var>${response}</var>
<arg>${API_USERS}/sessions</arg>
<arg>json=${payload}</arg>
<arg>expected_status=any</arg>
<doc>Sends a POST request.</doc>
<msg timestamp="20220212 10:44:45.861" level="INFO">POST Request : url=https://getgeeks-users-balbino.herokuapp.com/sessions 
 path_url=/sessions 
 headers={'User-Agent': 'python-requests/2.26.0', 'Accept-Encoding': 'gzip, deflate', 'Accept': '*/*', 'Connection': 'keep-alive', 'Content-Length': '54', 'Content-Type': 'application/json'} 
 body=b'{"email": "rafael@yahoo.com.br", "password": "pwd123"}' 
 </msg>
<msg timestamp="20220212 10:44:45.861" level="INFO">POST Response : url=https://getgeeks-users-balbino.herokuapp.com/sessions 
 status=200, reason=OK 
 headers={'Server': 'Cowboy', 'Connection': 'keep-alive', 'X-Powered-By': 'Express', 'Access-Control-Allow-Origin': '*', 'Content-Type': 'application/json; charset=utf-8', 'Content-Length': '377', 'Etag': 'W/"179-ms/+Yt8Y0yeaKjDQlh/4HyLOcdA"', 'Date': 'Sat, 12 Feb 2022 13:44:45 GMT', 'Via': '1.1 vegur'} 
 body={"user":{"id":1156,"email":"rafael@yahoo.com.br","password_hash":"$2b$08$4bQp9hrlpDwvjiJe5SA1Z.5hHuZqoRsG5Tj81WNvhNTa2seOGvYVy","name":"Rafael Balbino","avatar":"","whatsapp":"11999999998","is_geek":false},"token":"eyJhbGciOiJIUzI1NiIsInR5cCI6IkpXVCJ9.eyJpZCI6MTE1NiwiaWF0IjoxNjQ0NjczNDg1LCJleHAiOjE2NDU1Mzc0ODV9.lk8DEWXZ0KcXisu6ueWhCfeaf9z840Zx9K-Em8Gzl1w","expires_in":"10d"} 
 </msg>
<msg timestamp="20220212 10:44:45.861" level="INFO">${response} = &lt;Response [200]&gt;</msg>
<status status="PASS" starttime="20220212 10:44:45.176" endtime="20220212 10:44:45.861"/>
</kw>
<msg timestamp="20220212 10:44:45.862" level="INFO">${response} = &lt;Response [200]&gt;</msg>
<status status="PASS" starttime="20220212 10:44:45.176" endtime="20220212 10:44:45.862"/>
</kw>
<kw name="Set Variable" library="BuiltIn">
<var>${result}</var>
<arg>${EMPTY}</arg>
<doc>Returns the given values which can then be assigned to a variables.</doc>
<msg timestamp="20220212 10:44:45.862" level="INFO">${result} = </msg>
<status status="PASS" starttime="20220212 10:44:45.862" endtime="20220212 10:44:45.862"/>
</kw>
<if>
<branch type="IF" condition="&quot;200&quot; in &quot;${response}&quot;">
<kw name="Set Variable" library="BuiltIn">
<var>${result}</var>
<arg>Bearer ${response.json()}[token]</arg>
<doc>Returns the given values which can then be assigned to a variables.</doc>
<msg timestamp="20220212 10:44:45.863" level="INFO">${result} = Bearer eyJhbGciOiJIUzI1NiIsInR5cCI6IkpXVCJ9.eyJpZCI6MTE1NiwiaWF0IjoxNjQ0NjczNDg1LCJleHAiOjE2NDU1Mzc0ODV9.lk8DEWXZ0KcXisu6ueWhCfeaf9z840Zx9K-Em8Gzl1w</msg>
<status status="PASS" starttime="20220212 10:44:45.862" endtime="20220212 10:44:45.863"/>
</kw>
<status status="PASS" starttime="20220212 10:44:45.862" endtime="20220212 10:44:45.863"/>
</branch>
<status status="PASS" starttime="20220212 10:44:45.862" endtime="20220212 10:44:45.863"/>
</if>
<msg timestamp="20220212 10:44:45.863" level="INFO">${token} = Bearer eyJhbGciOiJIUzI1NiIsInR5cCI6IkpXVCJ9.eyJpZCI6MTE1NiwiaWF0IjoxNjQ0NjczNDg1LCJleHAiOjE2NDU1Mzc0ODV9.lk8DEWXZ0KcXisu6ueWhCfeaf9z840Zx9K-Em8Gzl1w</msg>
<status status="PASS" starttime="20220212 10:44:45.175" endtime="20220212 10:44:45.863"/>
</kw>
<kw name="PUT User" library="UsersRoute">
<var>${response}</var>
<arg>${token}</arg>
<arg>${user}[after]</arg>
<kw name="Create Dictionary" library="BuiltIn">
<var>${headers}</var>
<arg>Authorization=${token}</arg>
<doc>Creates and returns a dictionary based on the given ``items``.</doc>
<msg timestamp="20220212 10:44:45.865" level="INFO">${headers} = {'Authorization': 'Bearer eyJhbGciOiJIUzI1NiIsInR5cCI6IkpXVCJ9.eyJpZCI6MTE1NiwiaWF0IjoxNjQ0NjczNDg1LCJleHAiOjE2NDU1Mzc0ODV9.lk8DEWXZ0KcXisu6ueWhCfeaf9z840Zx9K-Em8Gzl1w'}</msg>
<status status="PASS" starttime="20220212 10:44:45.865" endtime="20220212 10:44:45.865"/>
</kw>
<kw name="PUT" library="RequestsLibrary">
<var>${response}</var>
<arg>${API_USERS}/users</arg>
<arg>json=${payload}</arg>
<arg>headers=${headers}</arg>
<arg>expected_status=any</arg>
<doc>Sends a PUT request.</doc>
<msg timestamp="20220212 10:44:46.528" level="INFO">PUT Request : url=https://getgeeks-users-balbino.herokuapp.com/users 
 path_url=/users 
 headers={'User-Agent': 'python-requests/2.26.0', 'Accept-Encoding': 'gzip, deflate', 'Accept': '*/*', 'Connection': 'keep-alive', 'Authorization': 'Bearer eyJhbGciOiJIUzI1NiIsInR5cCI6IkpXVCJ9.eyJpZCI6MTE1NiwiaWF0IjoxNjQ0NjczNDg1LCJleHAiOjE2NDU1Mzc0ODV9.lk8DEWXZ0KcXisu6ueWhCfeaf9z840Zx9K-Em8Gzl1w', 'Content-Length': '99', 'Content-Type': 'application/json'} 
 body=b'{"name": "Rafael Balbino", "email": "rafael@yahoo.com.br", "whatsapp": "11999999998", "avatar": ""}' 
 </msg>
<msg timestamp="20220212 10:44:46.528" level="INFO">PUT Response : url=https://getgeeks-users-balbino.herokuapp.com/users 
 status=200, reason=OK 
 headers={'Server': 'Cowboy', 'Connection': 'keep-alive', 'X-Powered-By': 'Express', 'Access-Control-Allow-Origin': '*', 'Date': 'Sat, 12 Feb 2022 13:44:46 GMT', 'Content-Length': '0', 'Via': '1.1 vegur'} 
 body=None 
 </msg>
<msg timestamp="20220212 10:44:46.529" level="INFO">${response} = &lt;Response [200]&gt;</msg>
<status status="PASS" starttime="20220212 10:44:45.865" endtime="20220212 10:44:46.529"/>
</kw>
<msg timestamp="20220212 10:44:46.529" level="INFO">${response} = &lt;Response [200]&gt;</msg>
<status status="PASS" starttime="20220212 10:44:45.865" endtime="20220212 10:44:46.529"/>
</kw>
<kw name="Status Should Be" library="RequestsLibrary">
<arg>200</arg>
<arg>${response}</arg>
<doc>Fails if response status code is different than the expected.</doc>
<status status="PASS" starttime="20220212 10:44:46.531" endtime="20220212 10:44:46.531"/>
</kw>
<kw name="GET User" library="UsersRoute">
<var>${response}</var>
<arg>${token}</arg>
<kw name="Create Dictionary" library="BuiltIn">
<var>${headers}</var>
<arg>Authorization=${token}</arg>
<doc>Creates and returns a dictionary based on the given ``items``.</doc>
<msg timestamp="20220212 10:44:46.532" level="INFO">${headers} = {'Authorization': 'Bearer eyJhbGciOiJIUzI1NiIsInR5cCI6IkpXVCJ9.eyJpZCI6MTE1NiwiaWF0IjoxNjQ0NjczNDg1LCJleHAiOjE2NDU1Mzc0ODV9.lk8DEWXZ0KcXisu6ueWhCfeaf9z840Zx9K-Em8Gzl1w'}</msg>
<status status="PASS" starttime="20220212 10:44:46.532" endtime="20220212 10:44:46.532"/>
</kw>
<kw name="GET" library="RequestsLibrary">
<var>${response}</var>
<arg>${API_USERS}/users</arg>
<arg>headers=${headers}</arg>
<arg>expected_status=any</arg>
<doc>Sends a GET request.</doc>
<msg timestamp="20220212 10:44:47.214" level="INFO">GET Request : url=https://getgeeks-users-balbino.herokuapp.com/users 
 path_url=/users 
 headers={'User-Agent': 'python-requests/2.26.0', 'Accept-Encoding': 'gzip, deflate', 'Accept': '*/*', 'Connection': 'keep-alive', 'Authorization': 'Bearer eyJhbGciOiJIUzI1NiIsInR5cCI6IkpXVCJ9.eyJpZCI6MTE1NiwiaWF0IjoxNjQ0NjczNDg1LCJleHAiOjE2NDU1Mzc0ODV9.lk8DEWXZ0KcXisu6ueWhCfeaf9z840Zx9K-Em8Gzl1w'} 
 body=None 
 </msg>
<msg timestamp="20220212 10:44:47.215" level="INFO">GET Response : url=https://getgeeks-users-balbino.herokuapp.com/users 
 status=200, reason=OK 
 headers={'Server': 'Cowboy', 'Connection': 'keep-alive', 'X-Powered-By': 'Express', 'Access-Control-Allow-Origin': '*', 'Content-Type': 'application/json; charset=utf-8', 'Content-Length': '197', 'Etag': 'W/"c5-ZSt3uNwD+nPA1l+b6W452TOd808"', 'Date': 'Sat, 12 Feb 2022 13:44:46 GMT', 'Via': '1.1 vegur'} 
 body={"id":1156,"email":"rafael@yahoo.com.br","password_hash":"$2b$08$4bQp9hrlpDwvjiJe5SA1Z.5hHuZqoRsG5Tj81WNvhNTa2seOGvYVy","name":"Rafael Balbino","avatar":"","whatsapp":"11999999998","is_geek":false} 
 </msg>
<msg timestamp="20220212 10:44:47.215" level="INFO">${response} = &lt;Response [200]&gt;</msg>
<status status="PASS" starttime="20220212 10:44:46.532" endtime="20220212 10:44:47.215"/>
</kw>
<msg timestamp="20220212 10:44:47.216" level="INFO">${response} = &lt;Response [200]&gt;</msg>
<status status="PASS" starttime="20220212 10:44:46.532" endtime="20220212 10:44:47.216"/>
</kw>
<kw name="Should Be Equal As Strings" library="BuiltIn">
<arg>${user}[after][name]</arg>
<arg>${response.json()}[name]</arg>
<doc>Fails if objects are unequal after converting them to strings.</doc>
<status status="PASS" starttime="20220212 10:44:47.218" endtime="20220212 10:44:47.219"/>
</kw>
<kw name="Should Be Equal As Strings" library="BuiltIn">
<arg>${user}[after][email]</arg>
<arg>${response.json()}[email]</arg>
<doc>Fails if objects are unequal after converting them to strings.</doc>
<status status="PASS" starttime="20220212 10:44:47.220" endtime="20220212 10:44:47.221"/>
</kw>
<kw name="Should Be Equal As Strings" library="BuiltIn">
<arg>${user}[after][whatsapp]</arg>
<arg>${response.json()}[whatsapp]</arg>
<doc>Fails if objects are unequal after converting them to strings.</doc>
<status status="PASS" starttime="20220212 10:44:47.222" endtime="20220212 10:44:47.223"/>
</kw>
<kw name="Should Be Equal As Strings" library="BuiltIn">
<arg>${user}[after][avatar]</arg>
<arg>${response.json()}[avatar]</arg>
<doc>Fails if objects are unequal after converting them to strings.</doc>
<status status="PASS" starttime="20220212 10:44:47.225" endtime="20220212 10:44:47.225"/>
</kw>
<kw name="Should Be Equal As Strings" library="BuiltIn">
<arg>False</arg>
<arg>${response.json()}[is_geek]</arg>
<doc>Fails if objects are unequal after converting them to strings.</doc>
<msg timestamp="20220212 10:44:47.226" level="INFO">Argument types are:
&lt;type 'unicode'&gt;
&lt;class 'bool'&gt;</msg>
<status status="PASS" starttime="20220212 10:44:47.226" endtime="20220212 10:44:47.226"/>
</kw>
<status status="PASS" starttime="20220212 10:44:44.524" endtime="20220212 10:44:47.226"/>
</test>
<doc>Users route test suite</doc>
<status status="PASS" starttime="20220212 10:44:37.234" endtime="20220212 10:44:47.227"/>
</suite>
<status status="PASS" starttime="20220212 10:44:16.513" endtime="20220212 10:44:47.228"/>
</suite>
<statistics>
<total>
<stat pass="8" fail="0" skip="0">All Tests</stat>
</total>
<tag>
</tag>
<suite>
<stat pass="8" fail="0" skip="0" id="s1" name="Tests">Tests</stat>
<stat pass="2" fail="0" skip="0" id="s1-s1" name="Geeks">Tests.Geeks</stat>
<stat pass="2" fail="0" skip="0" id="s1-s2" name="Sessions">Tests.Sessions</stat>
<stat pass="4" fail="0" skip="0" id="s1-s3" name="Users">Tests.Users</stat>
</suite>
</statistics>
<errors>
</errors>
</robot>
