<?xml version="1.0" encoding="UTF-8"?>
<robot generator="Robot 4.1.2 (Python 3.10.0 on win32)" generated="20211213 23:11:59.875" rpa="false" schemaversion="2">
<suite id="s1" name="Tests" source="C:\GravidadeZERO\getgeeks\project\backend\tests">
<suite id="s1-s1" name="Geeks" source="C:\GravidadeZERO\getgeeks\project\backend\tests\Geeks.robot">
<test id="s1-s1-t1" name="Be a Geek">
<kw name="Factory Be Geek" library="Users">
<var>${user}</var>
<msg timestamp="20211213 23:11:59.983" level="INFO">${user} = {'name': 'Joao Lucas', 'email': 'joao@qaninja.com.br', 'password': 'pwd123', 'geek_profile': {'whatsapp': '11999999999', 'desc': 'Seu computador está lento? Reiniciando do nada? Talvez seja um vírus, ...</msg>
<status status="PASS" starttime="20211213 23:11:59.982" endtime="20211213 23:11:59.983"/>
</kw>
<kw name="Remove User" library="helpers">
<arg>${user}</arg>
<kw name="Get Token" library="helpers">
<var>${token}</var>
<arg>${user}</arg>
<kw name="Create Dictionary" library="BuiltIn">
<var>${payload}</var>
<arg>email=${user}[email]</arg>
<arg>password=${user}[password]</arg>
<doc>Creates and returns a dictionary based on the given ``items``.</doc>
<msg timestamp="20211213 23:11:59.984" level="INFO">${payload} = {'email': 'joao@qaninja.com.br', 'password': 'pwd123'}</msg>
<status status="PASS" starttime="20211213 23:11:59.983" endtime="20211213 23:11:59.984"/>
</kw>
<kw name="POST Session" library="SessionsRoute">
<var>${response}</var>
<arg>${payload}</arg>
<kw name="POST" library="RequestsLibrary">
<var>${response}</var>
<arg>${API_USERS}/sessions</arg>
<arg>json=${payload}</arg>
<arg>expected_status=any</arg>
<doc>Sends a POST request.</doc>
<msg timestamp="20211213 23:12:00.656" level="INFO">POST Request : url=https://getgeeks-users-balbino.herokuapp.com/sessions 
 path_url=/sessions 
 headers={'User-Agent': 'python-requests/2.26.0', 'Accept-Encoding': 'gzip, deflate', 'Accept': '*/*', 'Connection': 'keep-alive', 'Content-Length': '54', 'Content-Type': 'application/json'} 
 body=b'{"email": "joao@qaninja.com.br", "password": "pwd123"}' 
 </msg>
<msg timestamp="20211213 23:12:00.656" level="INFO">POST Response : url=https://getgeeks-users-balbino.herokuapp.com/sessions 
 status=200, reason=OK 
 headers={'Server': 'Cowboy', 'Connection': 'keep-alive', 'X-Powered-By': 'Express', 'Access-Control-Allow-Origin': '*', 'Content-Type': 'application/json; charset=utf-8', 'Content-Length': '364', 'Etag': 'W/"16c-hw6lfskoleJvP5RrufDsESlNBZA"', 'Date': 'Tue, 14 Dec 2021 02:11:58 GMT', 'Via': '1.1 vegur'} 
 body={"user":{"id":744,"email":"joao@qaninja.com.br","password_hash":"$2b$08$9XGl.ZV2RlpGOIrQk0w5JOtZp/D4UKSf7K5URocEHozhNiLIf5KJW","name":"Joao Lucas","avatar":null,"whatsapp":null,"is_geek":false},"token":"eyJhbGciOiJIUzI1NiIsInR5cCI6IkpXVCJ9.eyJpZCI6NzQ0LCJpYXQiOjE2Mzk0NDc5MTgsImV4cCI6MTY0MDMxMTkxOH0.W90DnMyTsKHu1Tek6WQyZJV8fyDlAdEOrTsRG-8uUsA","expires_in":"10d"} 
 </msg>
<msg timestamp="20211213 23:12:00.656" level="INFO">${response} = &lt;Response [200]&gt;</msg>
<status status="PASS" starttime="20211213 23:11:59.984" endtime="20211213 23:12:00.656"/>
</kw>
<msg timestamp="20211213 23:12:00.656" level="INFO">${response} = &lt;Response [200]&gt;</msg>
<status status="PASS" starttime="20211213 23:11:59.984" endtime="20211213 23:12:00.656"/>
</kw>
<kw name="Set Variable" library="BuiltIn">
<var>${result}</var>
<arg>${EMPTY}</arg>
<doc>Returns the given values which can then be assigned to a variables.</doc>
<msg timestamp="20211213 23:12:00.657" level="INFO">${result} = </msg>
<status status="PASS" starttime="20211213 23:12:00.656" endtime="20211213 23:12:00.657"/>
</kw>
<if>
<branch type="IF" condition="&quot;200&quot; in &quot;${response}&quot;">
<kw name="Set Variable" library="BuiltIn">
<var>${result}</var>
<arg>Bearer ${response.json()}[token]</arg>
<doc>Returns the given values which can then be assigned to a variables.</doc>
<msg timestamp="20211213 23:12:00.657" level="INFO">${result} = Bearer eyJhbGciOiJIUzI1NiIsInR5cCI6IkpXVCJ9.eyJpZCI6NzQ0LCJpYXQiOjE2Mzk0NDc5MTgsImV4cCI6MTY0MDMxMTkxOH0.W90DnMyTsKHu1Tek6WQyZJV8fyDlAdEOrTsRG-8uUsA</msg>
<status status="PASS" starttime="20211213 23:12:00.657" endtime="20211213 23:12:00.657"/>
</kw>
<status status="PASS" starttime="20211213 23:12:00.657" endtime="20211213 23:12:00.657"/>
</branch>
<status status="PASS" starttime="20211213 23:12:00.657" endtime="20211213 23:12:00.657"/>
</if>
<msg timestamp="20211213 23:12:00.657" level="INFO">${token} = Bearer eyJhbGciOiJIUzI1NiIsInR5cCI6IkpXVCJ9.eyJpZCI6NzQ0LCJpYXQiOjE2Mzk0NDc5MTgsImV4cCI6MTY0MDMxMTkxOH0.W90DnMyTsKHu1Tek6WQyZJV8fyDlAdEOrTsRG-8uUsA</msg>
<status status="PASS" starttime="20211213 23:11:59.983" endtime="20211213 23:12:00.657"/>
</kw>
<if>
<branch type="IF" condition="&quot;${token}&quot;">
<kw name="DELETE User" library="UsersRoute">
<arg>${token}</arg>
<kw name="Create Dictionary" library="BuiltIn">
<var>${headers}</var>
<arg>Authorization=${token}</arg>
<doc>Creates and returns a dictionary based on the given ``items``.</doc>
<msg timestamp="20211213 23:12:00.658" level="INFO">${headers} = {'Authorization': 'Bearer eyJhbGciOiJIUzI1NiIsInR5cCI6IkpXVCJ9.eyJpZCI6NzQ0LCJpYXQiOjE2Mzk0NDc5MTgsImV4cCI6MTY0MDMxMTkxOH0.W90DnMyTsKHu1Tek6WQyZJV8fyDlAdEOrTsRG-8uUsA'}</msg>
<status status="PASS" starttime="20211213 23:12:00.658" endtime="20211213 23:12:00.658"/>
</kw>
<kw name="DELETE" library="RequestsLibrary">
<var>${response}</var>
<arg>${API_USERS}/users</arg>
<arg>headers=${headers}</arg>
<arg>expected_status=any</arg>
<doc>Sends a DELETE request.</doc>
<msg timestamp="20211213 23:12:01.304" level="INFO">DELETE Request : url=https://getgeeks-users-balbino.herokuapp.com/users 
 path_url=/users 
 headers={'User-Agent': 'python-requests/2.26.0', 'Accept-Encoding': 'gzip, deflate', 'Accept': '*/*', 'Connection': 'keep-alive', 'Authorization': 'Bearer eyJhbGciOiJIUzI1NiIsInR5cCI6IkpXVCJ9.eyJpZCI6NzQ0LCJpYXQiOjE2Mzk0NDc5MTgsImV4cCI6MTY0MDMxMTkxOH0.W90DnMyTsKHu1Tek6WQyZJV8fyDlAdEOrTsRG-8uUsA', 'Content-Length': '0'} 
 body=None 
 </msg>
<msg timestamp="20211213 23:12:01.305" level="INFO">DELETE Response : url=https://getgeeks-users-balbino.herokuapp.com/users 
 status=204, reason=No Content 
 headers={'Server': 'Cowboy', 'Content-Length': '0', 'Connection': 'keep-alive', 'X-Powered-By': 'Express', 'Access-Control-Allow-Origin': '*', 'Date': 'Tue, 14 Dec 2021 02:11:59 GMT', 'Via': '1.1 vegur'} 
 body=None 
 </msg>
<msg timestamp="20211213 23:12:01.305" level="INFO">${response} = &lt;Response [204]&gt;</msg>
<status status="PASS" starttime="20211213 23:12:00.658" endtime="20211213 23:12:01.305"/>
</kw>
<status status="PASS" starttime="20211213 23:12:00.658" endtime="20211213 23:12:01.305"/>
</kw>
<status status="PASS" starttime="20211213 23:12:00.657" endtime="20211213 23:12:01.305"/>
</branch>
<status status="PASS" starttime="20211213 23:12:00.657" endtime="20211213 23:12:01.305"/>
</if>
<status status="PASS" starttime="20211213 23:11:59.983" endtime="20211213 23:12:01.305"/>
</kw>
<kw name="POST User" library="UsersRoute">
<arg>${user}</arg>
<kw name="POST" library="RequestsLibrary">
<var>${response}</var>
<arg>${API_USERS}/users</arg>
<arg>json=${payload}</arg>
<arg>expected_status=any</arg>
<doc>Sends a POST request.</doc>
<msg timestamp="20211213 23:12:02.445" level="INFO">POST Request : url=https://getgeeks-users-balbino.herokuapp.com/users 
 path_url=/users 
 headers={'User-Agent': 'python-requests/2.26.0', 'Accept-Encoding': 'gzip, deflate', 'Accept': '*/*', 'Connection': 'keep-alive', 'Content-Length': '482', 'Content-Type': 'application/json'} 
 body=b'{"name": "Joao Lucas", "email": "joao@qaninja.com.br", "password": "pwd123", "geek_profile": {"whatsapp": "11999999999", "desc": "Seu computador est\\u00e1 lento? Reiniciando do nada? Talvez seja um v\\u00edrus, ou algum hardware com defeito. Posso fazer a manuten\\u00e7\\u00e3o no seu PC, formando, reinstalando o SO, trocando algum componente f\\u00edsico e porque n\\u00e3o remover o baidu ou qualquer outro malware.", "printer_repair": "Sim", "work": "Presencial", "cost": "150.99"}}' 
 </msg>
<msg timestamp="20211213 23:12:02.445" level="INFO">POST Response : url=https://getgeeks-users-balbino.herokuapp.com/users 
 status=201, reason=Created 
 headers={'Server': 'Cowboy', 'Connection': 'keep-alive', 'X-Powered-By': 'Express', 'Access-Control-Allow-Origin': '*', 'Content-Type': 'application/json; charset=utf-8', 'Content-Length': '10', 'Etag': 'W/"a-3C9pkP6xe90OskKHkdJ8988064M"', 'Date': 'Tue, 14 Dec 2021 02:12:00 GMT', 'Via': '1.1 vegur'} 
 body={"id":747} 
 </msg>
<msg timestamp="20211213 23:12:02.445" level="INFO">${response} = &lt;Response [201]&gt;</msg>
<status status="PASS" starttime="20211213 23:12:01.306" endtime="20211213 23:12:02.445"/>
</kw>
<status status="PASS" starttime="20211213 23:12:01.306" endtime="20211213 23:12:02.445"/>
</kw>
<kw name="Get Token" library="helpers">
<var>${token}</var>
<arg>${user}</arg>
<kw name="Create Dictionary" library="BuiltIn">
<var>${payload}</var>
<arg>email=${user}[email]</arg>
<arg>password=${user}[password]</arg>
<doc>Creates and returns a dictionary based on the given ``items``.</doc>
<msg timestamp="20211213 23:12:02.447" level="INFO">${payload} = {'email': 'joao@qaninja.com.br', 'password': 'pwd123'}</msg>
<status status="PASS" starttime="20211213 23:12:02.447" endtime="20211213 23:12:02.447"/>
</kw>
<kw name="POST Session" library="SessionsRoute">
<var>${response}</var>
<arg>${payload}</arg>
<kw name="POST" library="RequestsLibrary">
<var>${response}</var>
<arg>${API_USERS}/sessions</arg>
<arg>json=${payload}</arg>
<arg>expected_status=any</arg>
<doc>Sends a POST request.</doc>
<msg timestamp="20211213 23:12:03.107" level="INFO">POST Request : url=https://getgeeks-users-balbino.herokuapp.com/sessions 
 path_url=/sessions 
 headers={'User-Agent': 'python-requests/2.26.0', 'Accept-Encoding': 'gzip, deflate', 'Accept': '*/*', 'Connection': 'keep-alive', 'Content-Length': '54', 'Content-Type': 'application/json'} 
 body=b'{"email": "joao@qaninja.com.br", "password": "pwd123"}' 
 </msg>
<msg timestamp="20211213 23:12:03.107" level="INFO">POST Response : url=https://getgeeks-users-balbino.herokuapp.com/sessions 
 status=200, reason=OK 
 headers={'Server': 'Cowboy', 'Connection': 'keep-alive', 'X-Powered-By': 'Express', 'Access-Control-Allow-Origin': '*', 'Content-Type': 'application/json; charset=utf-8', 'Content-Length': '364', 'Etag': 'W/"16c-pTl8ZnAC751koTCnv5/HgwTYpus"', 'Date': 'Tue, 14 Dec 2021 02:12:01 GMT', 'Via': '1.1 vegur'} 
 body={"user":{"id":747,"email":"joao@qaninja.com.br","password_hash":"$2b$08$P9sL3G2tHT37aMTH.4iqh.H/CDBvAcCCCKYyghPd41lpuGRGHclLK","name":"Joao Lucas","avatar":null,"whatsapp":null,"is_geek":false},"token":"eyJhbGciOiJIUzI1NiIsInR5cCI6IkpXVCJ9.eyJpZCI6NzQ3LCJpYXQiOjE2Mzk0NDc5MjEsImV4cCI6MTY0MDMxMTkyMX0.8UJFzr1kPX3Ix6hpcGOXBggjPZEH6vZWXSerQipe9hg","expires_in":"10d"} 
 </msg>
<msg timestamp="20211213 23:12:03.107" level="INFO">${response} = &lt;Response [200]&gt;</msg>
<status status="PASS" starttime="20211213 23:12:02.447" endtime="20211213 23:12:03.107"/>
</kw>
<msg timestamp="20211213 23:12:03.107" level="INFO">${response} = &lt;Response [200]&gt;</msg>
<status status="PASS" starttime="20211213 23:12:02.447" endtime="20211213 23:12:03.107"/>
</kw>
<kw name="Set Variable" library="BuiltIn">
<var>${result}</var>
<arg>${EMPTY}</arg>
<doc>Returns the given values which can then be assigned to a variables.</doc>
<msg timestamp="20211213 23:12:03.108" level="INFO">${result} = </msg>
<status status="PASS" starttime="20211213 23:12:03.108" endtime="20211213 23:12:03.108"/>
</kw>
<if>
<branch type="IF" condition="&quot;200&quot; in &quot;${response}&quot;">
<kw name="Set Variable" library="BuiltIn">
<var>${result}</var>
<arg>Bearer ${response.json()}[token]</arg>
<doc>Returns the given values which can then be assigned to a variables.</doc>
<msg timestamp="20211213 23:12:03.109" level="INFO">${result} = Bearer eyJhbGciOiJIUzI1NiIsInR5cCI6IkpXVCJ9.eyJpZCI6NzQ3LCJpYXQiOjE2Mzk0NDc5MjEsImV4cCI6MTY0MDMxMTkyMX0.8UJFzr1kPX3Ix6hpcGOXBggjPZEH6vZWXSerQipe9hg</msg>
<status status="PASS" starttime="20211213 23:12:03.108" endtime="20211213 23:12:03.109"/>
</kw>
<status status="PASS" starttime="20211213 23:12:03.108" endtime="20211213 23:12:03.109"/>
</branch>
<status status="PASS" starttime="20211213 23:12:03.108" endtime="20211213 23:12:03.109"/>
</if>
<msg timestamp="20211213 23:12:03.109" level="INFO">${token} = Bearer eyJhbGciOiJIUzI1NiIsInR5cCI6IkpXVCJ9.eyJpZCI6NzQ3LCJpYXQiOjE2Mzk0NDc5MjEsImV4cCI6MTY0MDMxMTkyMX0.8UJFzr1kPX3Ix6hpcGOXBggjPZEH6vZWXSerQipe9hg</msg>
<status status="PASS" starttime="20211213 23:12:02.446" endtime="20211213 23:12:03.109"/>
</kw>
<kw name="POST Geek" library="GeeksRoute">
<var>${response}</var>
<arg>${token}</arg>
<arg>${user}[geek_profile]</arg>
<kw name="Create Dictionary" library="BuiltIn">
<var>${headers}</var>
<arg>Authorization=${token}</arg>
<doc>Creates and returns a dictionary based on the given ``items``.</doc>
<msg timestamp="20211213 23:12:03.110" level="INFO">${headers} = {'Authorization': 'Bearer eyJhbGciOiJIUzI1NiIsInR5cCI6IkpXVCJ9.eyJpZCI6NzQ3LCJpYXQiOjE2Mzk0NDc5MjEsImV4cCI6MTY0MDMxMTkyMX0.8UJFzr1kPX3Ix6hpcGOXBggjPZEH6vZWXSerQipe9hg'}</msg>
<status status="PASS" starttime="20211213 23:12:03.110" endtime="20211213 23:12:03.110"/>
</kw>
<kw name="POST" library="RequestsLibrary">
<var>${response}</var>
<arg>${API_GEEKS}/geeks</arg>
<arg>json=${payload}</arg>
<arg>headers=${headers}</arg>
<arg>expected_status=any</arg>
<doc>Sends a POST request.</doc>
<msg timestamp="20211213 23:12:03.790" level="INFO">POST Request : url=https://getgeeks-geeks-balbino.herokuapp.com/geeks 
 path_url=/geeks 
 headers={'User-Agent': 'python-requests/2.26.0', 'Accept-Encoding': 'gzip, deflate', 'Accept': '*/*', 'Connection': 'keep-alive', 'Authorization': 'Bearer eyJhbGciOiJIUzI1NiIsInR5cCI6IkpXVCJ9.eyJpZCI6NzQ3LCJpYXQiOjE2Mzk0NDc5MjEsImV4cCI6MTY0MDMxMTkyMX0.8UJFzr1kPX3Ix6hpcGOXBggjPZEH6vZWXSerQipe9hg', 'Content-Length': '388', 'Content-Type': 'application/json'} 
 body=b'{"whatsapp": "11999999999", "desc": "Seu computador est\\u00e1 lento? Reiniciando do nada? Talvez seja um v\\u00edrus, ou algum hardware com defeito. Posso fazer a manuten\\u00e7\\u00e3o no seu PC, formando, reinstalando o SO, trocando algum componente f\\u00edsico e porque n\\u00e3o remover o baidu ou qualquer outro malware.", "printer_repair": "Sim", "work": "Presencial", "cost": "150.99"}' 
 </msg>
<msg timestamp="20211213 23:12:03.790" level="INFO">POST Response : url=https://getgeeks-geeks-balbino.herokuapp.com/geeks 
 status=201, reason=Created 
 headers={'Server': 'Cowboy', 'Connection': 'keep-alive', 'X-Powered-By': 'Express', 'Access-Control-Allow-Origin': '*', 'Date': 'Tue, 14 Dec 2021 02:12:01 GMT', 'Content-Length': '0', 'Via': '1.1 vegur'} 
 body=None 
 </msg>
<msg timestamp="20211213 23:12:03.790" level="INFO">${response} = &lt;Response [201]&gt;</msg>
<status status="PASS" starttime="20211213 23:12:03.110" endtime="20211213 23:12:03.790"/>
</kw>
<msg timestamp="20211213 23:12:03.790" level="INFO">${response} = &lt;Response [201]&gt;</msg>
<status status="PASS" starttime="20211213 23:12:03.109" endtime="20211213 23:12:03.790"/>
</kw>
<kw name="Status Should Be" library="RequestsLibrary">
<arg>201</arg>
<arg>${response}</arg>
<doc>Fails if response status code is different than the expected.</doc>
<status status="PASS" starttime="20211213 23:12:03.791" endtime="20211213 23:12:03.791"/>
</kw>
<kw name="GET User" library="UsersRoute">
<var>${response}</var>
<arg>${token}</arg>
<kw name="Create Dictionary" library="BuiltIn">
<var>${headers}</var>
<arg>Authorization=${token}</arg>
<doc>Creates and returns a dictionary based on the given ``items``.</doc>
<msg timestamp="20211213 23:12:03.792" level="INFO">${headers} = {'Authorization': 'Bearer eyJhbGciOiJIUzI1NiIsInR5cCI6IkpXVCJ9.eyJpZCI6NzQ3LCJpYXQiOjE2Mzk0NDc5MjEsImV4cCI6MTY0MDMxMTkyMX0.8UJFzr1kPX3Ix6hpcGOXBggjPZEH6vZWXSerQipe9hg'}</msg>
<status status="PASS" starttime="20211213 23:12:03.792" endtime="20211213 23:12:03.792"/>
</kw>
<kw name="GET" library="RequestsLibrary">
<var>${response}</var>
<arg>${API_USERS}/users</arg>
<arg>headers=${headers}</arg>
<arg>expected_status=any</arg>
<doc>Sends a GET request.</doc>
<msg timestamp="20211213 23:12:04.884" level="INFO">GET Request : url=https://getgeeks-users-balbino.herokuapp.com/users 
 path_url=/users 
 headers={'User-Agent': 'python-requests/2.26.0', 'Accept-Encoding': 'gzip, deflate', 'Accept': '*/*', 'Connection': 'keep-alive', 'Authorization': 'Bearer eyJhbGciOiJIUzI1NiIsInR5cCI6IkpXVCJ9.eyJpZCI6NzQ3LCJpYXQiOjE2Mzk0NDc5MjEsImV4cCI6MTY0MDMxMTkyMX0.8UJFzr1kPX3Ix6hpcGOXBggjPZEH6vZWXSerQipe9hg'} 
 body=None 
 </msg>
<msg timestamp="20211213 23:12:04.884" level="INFO">GET Response : url=https://getgeeks-users-balbino.herokuapp.com/users 
 status=200, reason=OK 
 headers={'Server': 'Cowboy', 'Connection': 'keep-alive', 'X-Powered-By': 'Express', 'Access-Control-Allow-Origin': '*', 'Content-Type': 'application/json; charset=utf-8', 'Content-Length': '535', 'Etag': 'W/"217-PEJZXMB3LhADapwGyAiiwooQ3rw"', 'Date': 'Tue, 14 Dec 2021 02:12:03 GMT', 'Via': '1.1 vegur'} 
 body={"id":50,"email":"joao@qaninja.com.br","password_hash":"$2b$08$P9sL3G2tHT37aMTH.4iqh.H/CDBvAcCCCKYyghPd41lpuGRGHclLK","name":"Joao Lucas","avatar":null,"whatsapp":"11999999999","is_geek":true,"desc":"Seu computador está lento? Reiniciando do nada? Talvez seja um vírus, ou algum hardware com defeito. Posso fazer a manutenção no seu PC, formando, reinstalando o SO, trocando algum componente físico e porque não remover o baidu ou qualquer outro malware.","printer_repair":"Sim","work":"Presencial","cost":"150.99","user_id":747} 
 </msg>
<msg timestamp="20211213 23:12:04.884" level="INFO">${response} = &lt;Response [200]&gt;</msg>
<status status="PASS" starttime="20211213 23:12:03.792" endtime="20211213 23:12:04.884"/>
</kw>
<msg timestamp="20211213 23:12:04.884" level="INFO">${response} = &lt;Response [200]&gt;</msg>
<status status="PASS" starttime="20211213 23:12:03.791" endtime="20211213 23:12:04.884"/>
</kw>
<kw name="Should Be Equal As Strings" library="BuiltIn">
<arg>${user}[name]</arg>
<arg>${response.json()}[name]</arg>
<doc>Fails if objects are unequal after converting them to strings.</doc>
<status status="PASS" starttime="20211213 23:12:04.885" endtime="20211213 23:12:04.886"/>
</kw>
<kw name="Should Be Equal As Strings" library="BuiltIn">
<arg>${user}[email]</arg>
<arg>${response.json()}[email]</arg>
<doc>Fails if objects are unequal after converting them to strings.</doc>
<status status="PASS" starttime="20211213 23:12:04.886" endtime="20211213 23:12:04.887"/>
</kw>
<kw name="Should Be Equal As Strings" library="BuiltIn">
<arg>${user}[geek_profile][whatsapp]</arg>
<arg>${response.json()}[whatsapp]</arg>
<doc>Fails if objects are unequal after converting them to strings.</doc>
<status status="PASS" starttime="20211213 23:12:04.887" endtime="20211213 23:12:04.887"/>
</kw>
<kw name="Should Be Equal As Strings" library="BuiltIn">
<arg>${user}[geek_profile][desc]</arg>
<arg>${response.json()}[desc]</arg>
<doc>Fails if objects are unequal after converting them to strings.</doc>
<status status="PASS" starttime="20211213 23:12:04.887" endtime="20211213 23:12:04.888"/>
</kw>
<kw name="Convert To Number" library="BuiltIn">
<var>${expected_float}</var>
<arg>${user}[geek_profile][cost]</arg>
<doc>Converts the given item to a floating point number.</doc>
<msg timestamp="20211213 23:12:04.888" level="INFO">${expected_float} = 150.99</msg>
<status status="PASS" starttime="20211213 23:12:04.888" endtime="20211213 23:12:04.888"/>
</kw>
<kw name="Convert To Number" library="BuiltIn">
<var>${got_float}</var>
<arg>${response.json()}[cost]</arg>
<doc>Converts the given item to a floating point number.</doc>
<msg timestamp="20211213 23:12:04.889" level="INFO">${got_float} = 150.99</msg>
<status status="PASS" starttime="20211213 23:12:04.889" endtime="20211213 23:12:04.889"/>
</kw>
<kw name="Should Be Equal" library="BuiltIn">
<arg>${expected_float}</arg>
<arg>${got_float}</arg>
<doc>Fails if the given objects are unequal.</doc>
<status status="PASS" starttime="20211213 23:12:04.889" endtime="20211213 23:12:04.889"/>
</kw>
<kw name="Should Be Equal As Strings" library="BuiltIn">
<arg>${user}[geek_profile][printer_repair]</arg>
<arg>${response.json()}[printer_repair]</arg>
<doc>Fails if objects are unequal after converting them to strings.</doc>
<status status="PASS" starttime="20211213 23:12:04.889" endtime="20211213 23:12:04.890"/>
</kw>
<kw name="Should Be Equal As Strings" library="BuiltIn">
<arg>${user}[geek_profile][work]</arg>
<arg>${response.json()}[work]</arg>
<doc>Fails if objects are unequal after converting them to strings.</doc>
<status status="PASS" starttime="20211213 23:12:04.890" endtime="20211213 23:12:04.890"/>
</kw>
<kw name="Should Be Equal As Strings" library="BuiltIn">
<arg>None</arg>
<arg>${response.json()}[avatar]</arg>
<doc>Fails if objects are unequal after converting them to strings.</doc>
<msg timestamp="20211213 23:12:04.891" level="INFO">Argument types are:
&lt;type 'unicode'&gt;
&lt;class 'NoneType'&gt;</msg>
<status status="PASS" starttime="20211213 23:12:04.891" endtime="20211213 23:12:04.891"/>
</kw>
<kw name="Should Be Equal As Strings" library="BuiltIn">
<arg>True</arg>
<arg>${response.json()}[is_geek]</arg>
<doc>Fails if objects are unequal after converting them to strings.</doc>
<msg timestamp="20211213 23:12:04.892" level="INFO">Argument types are:
&lt;type 'unicode'&gt;
&lt;class 'bool'&gt;</msg>
<status status="PASS" starttime="20211213 23:12:04.891" endtime="20211213 23:12:04.892"/>
</kw>
<status status="PASS" starttime="20211213 23:11:59.982" endtime="20211213 23:12:04.892"/>
</test>
<test id="s1-s1-t2" name="Get Geek List">
<kw name="Factory Search For Geeks" library="Users">
<var>${data}</var>
<msg timestamp="20211213 23:12:04.892" level="INFO">${data} = {'user': {'name': 'Peter Quill', 'email': 'quill@marvel.com', 'password': 'pwd123'}, 'geeks': [{'name': 'Riri Willians', 'email': 'riri@marvel.com', 'password': 'pwd123', 'geek_profile': {'whatsapp': ...</msg>
<status status="PASS" starttime="20211213 23:12:04.892" endtime="20211213 23:12:04.892"/>
</kw>
<for flavor="IN">
<var>${geek}</var>
<value>@{data}[geeks]</value>
<iter>
<var name="${geek}">{'name': 'Riri Willians', 'email': 'riri@marvel.com', 'password': 'pwd123', 'geek_profile': {'whatsapp': '11999999999', 'desc': 'Seu computador está lento? Reiniciando do nada? Talvez seja um vírus, o...</var>
<kw name="POST User" library="UsersRoute">
<arg>${geek}</arg>
<kw name="POST" library="RequestsLibrary">
<var>${response}</var>
<arg>${API_USERS}/users</arg>
<arg>json=${payload}</arg>
<arg>expected_status=any</arg>
<doc>Sends a POST request.</doc>
<msg timestamp="20211213 23:12:05.542" level="INFO">POST Request : url=https://getgeeks-users-balbino.herokuapp.com/users 
 path_url=/users 
 headers={'User-Agent': 'python-requests/2.26.0', 'Accept-Encoding': 'gzip, deflate', 'Accept': '*/*', 'Connection': 'keep-alive', 'Content-Length': '483', 'Content-Type': 'application/json'} 
 body=b'{"name": "Riri Willians", "email": "riri@marvel.com", "password": "pwd123", "geek_profile": {"whatsapp": "11999999999", "desc": "Seu computador est\\u00e1 lento? Reiniciando do nada? Talvez seja um v\\u00edrus, ou algum hardware com defeito. Posso fazer a manuten\\u00e7\\u00e3o no seu PC, formando, reinstalando o SO, trocando algum componente f\\u00edsico e porque n\\u00e3o remover o baidu ou qualquer outro malware.", "printer_repair": "N\\u00e3o", "work": "Presencial", "cost": "100"}}' 
 </msg>
<msg timestamp="20211213 23:12:05.543" level="INFO">POST Response : url=https://getgeeks-users-balbino.herokuapp.com/users 
 status=400, reason=Bad Request 
 headers={'Server': 'Cowboy', 'Connection': 'keep-alive', 'X-Powered-By': 'Express', 'Access-Control-Allow-Origin': '*', 'Content-Type': 'application/json; charset=utf-8', 'Content-Length': '31', 'Etag': 'W/"1f-lFUySNKwX3L5eGEwGcNcUoVKWhE"', 'Date': 'Tue, 14 Dec 2021 02:12:03 GMT', 'Via': '1.1 vegur'} 
 body={"error":"User already exists"} 
 </msg>
<msg timestamp="20211213 23:12:05.543" level="INFO">${response} = &lt;Response [400]&gt;</msg>
<status status="PASS" starttime="20211213 23:12:04.893" endtime="20211213 23:12:05.543"/>
</kw>
<status status="PASS" starttime="20211213 23:12:04.893" endtime="20211213 23:12:05.543"/>
</kw>
<kw name="Get Token" library="helpers">
<var>${token}</var>
<arg>${geek}</arg>
<kw name="Create Dictionary" library="BuiltIn">
<var>${payload}</var>
<arg>email=${user}[email]</arg>
<arg>password=${user}[password]</arg>
<doc>Creates and returns a dictionary based on the given ``items``.</doc>
<msg timestamp="20211213 23:12:05.544" level="INFO">${payload} = {'email': 'riri@marvel.com', 'password': 'pwd123'}</msg>
<status status="PASS" starttime="20211213 23:12:05.543" endtime="20211213 23:12:05.544"/>
</kw>
<kw name="POST Session" library="SessionsRoute">
<var>${response}</var>
<arg>${payload}</arg>
<kw name="POST" library="RequestsLibrary">
<var>${response}</var>
<arg>${API_USERS}/sessions</arg>
<arg>json=${payload}</arg>
<arg>expected_status=any</arg>
<doc>Sends a POST request.</doc>
<msg timestamp="20211213 23:12:06.201" level="INFO">POST Request : url=https://getgeeks-users-balbino.herokuapp.com/sessions 
 path_url=/sessions 
 headers={'User-Agent': 'python-requests/2.26.0', 'Accept-Encoding': 'gzip, deflate', 'Accept': '*/*', 'Connection': 'keep-alive', 'Content-Length': '50', 'Content-Type': 'application/json'} 
 body=b'{"email": "riri@marvel.com", "password": "pwd123"}' 
 </msg>
<msg timestamp="20211213 23:12:06.201" level="INFO">POST Response : url=https://getgeeks-users-balbino.herokuapp.com/sessions 
 status=200, reason=OK 
 headers={'Server': 'Cowboy', 'Connection': 'keep-alive', 'X-Powered-By': 'Express', 'Access-Control-Allow-Origin': '*', 'Content-Type': 'application/json; charset=utf-8', 'Content-Length': '371', 'Etag': 'W/"173-0t6WE2fZXwRbBqE/XhP+we1UCes"', 'Date': 'Tue, 14 Dec 2021 02:12:04 GMT', 'Via': '1.1 vegur'} 
 body={"user":{"id":740,"email":"riri@marvel.com","password_hash":"$2b$08$xEE9BnzTURsWu89yD71iPe1q8wUQJTvVJGhbQOLW3h69OpKIpJFe6","name":"Riri Willians","avatar":null,"whatsapp":"11999999999","is_geek":true},"token":"eyJhbGciOiJIUzI1NiIsInR5cCI6IkpXVCJ9.eyJpZCI6NzQwLCJpYXQiOjE2Mzk0NDc5MjQsImV4cCI6MTY0MDMxMTkyNH0.309r6dd7r8mdHbTgDU7b1OPKDt8jSUEn2kepWpdrFZk","expires_in":"10d"} 
 </msg>
<msg timestamp="20211213 23:12:06.202" level="INFO">${response} = &lt;Response [200]&gt;</msg>
<status status="PASS" starttime="20211213 23:12:05.544" endtime="20211213 23:12:06.202"/>
</kw>
<msg timestamp="20211213 23:12:06.202" level="INFO">${response} = &lt;Response [200]&gt;</msg>
<status status="PASS" starttime="20211213 23:12:05.544" endtime="20211213 23:12:06.202"/>
</kw>
<kw name="Set Variable" library="BuiltIn">
<var>${result}</var>
<arg>${EMPTY}</arg>
<doc>Returns the given values which can then be assigned to a variables.</doc>
<msg timestamp="20211213 23:12:06.202" level="INFO">${result} = </msg>
<status status="PASS" starttime="20211213 23:12:06.202" endtime="20211213 23:12:06.202"/>
</kw>
<if>
<branch type="IF" condition="&quot;200&quot; in &quot;${response}&quot;">
<kw name="Set Variable" library="BuiltIn">
<var>${result}</var>
<arg>Bearer ${response.json()}[token]</arg>
<doc>Returns the given values which can then be assigned to a variables.</doc>
<msg timestamp="20211213 23:12:06.203" level="INFO">${result} = Bearer eyJhbGciOiJIUzI1NiIsInR5cCI6IkpXVCJ9.eyJpZCI6NzQwLCJpYXQiOjE2Mzk0NDc5MjQsImV4cCI6MTY0MDMxMTkyNH0.309r6dd7r8mdHbTgDU7b1OPKDt8jSUEn2kepWpdrFZk</msg>
<status status="PASS" starttime="20211213 23:12:06.202" endtime="20211213 23:12:06.203"/>
</kw>
<status status="PASS" starttime="20211213 23:12:06.202" endtime="20211213 23:12:06.203"/>
</branch>
<status status="PASS" starttime="20211213 23:12:06.202" endtime="20211213 23:12:06.203"/>
</if>
<msg timestamp="20211213 23:12:06.203" level="INFO">${token} = Bearer eyJhbGciOiJIUzI1NiIsInR5cCI6IkpXVCJ9.eyJpZCI6NzQwLCJpYXQiOjE2Mzk0NDc5MjQsImV4cCI6MTY0MDMxMTkyNH0.309r6dd7r8mdHbTgDU7b1OPKDt8jSUEn2kepWpdrFZk</msg>
<status status="PASS" starttime="20211213 23:12:05.543" endtime="20211213 23:12:06.203"/>
</kw>
<kw name="POST Geek" library="GeeksRoute">
<arg>${token}</arg>
<arg>${geek}[geek_profile]</arg>
<kw name="Create Dictionary" library="BuiltIn">
<var>${headers}</var>
<arg>Authorization=${token}</arg>
<doc>Creates and returns a dictionary based on the given ``items``.</doc>
<msg timestamp="20211213 23:12:06.204" level="INFO">${headers} = {'Authorization': 'Bearer eyJhbGciOiJIUzI1NiIsInR5cCI6IkpXVCJ9.eyJpZCI6NzQwLCJpYXQiOjE2Mzk0NDc5MjQsImV4cCI6MTY0MDMxMTkyNH0.309r6dd7r8mdHbTgDU7b1OPKDt8jSUEn2kepWpdrFZk'}</msg>
<status status="PASS" starttime="20211213 23:12:06.203" endtime="20211213 23:12:06.204"/>
</kw>
<kw name="POST" library="RequestsLibrary">
<var>${response}</var>
<arg>${API_GEEKS}/geeks</arg>
<arg>json=${payload}</arg>
<arg>headers=${headers}</arg>
<arg>expected_status=any</arg>
<doc>Sends a POST request.</doc>
<msg timestamp="20211213 23:12:06.871" level="INFO">POST Request : url=https://getgeeks-geeks-balbino.herokuapp.com/geeks 
 path_url=/geeks 
 headers={'User-Agent': 'python-requests/2.26.0', 'Accept-Encoding': 'gzip, deflate', 'Accept': '*/*', 'Connection': 'keep-alive', 'Authorization': 'Bearer eyJhbGciOiJIUzI1NiIsInR5cCI6IkpXVCJ9.eyJpZCI6NzQwLCJpYXQiOjE2Mzk0NDc5MjQsImV4cCI6MTY0MDMxMTkyNH0.309r6dd7r8mdHbTgDU7b1OPKDt8jSUEn2kepWpdrFZk', 'Content-Length': '390', 'Content-Type': 'application/json'} 
 body=b'{"whatsapp": "11999999999", "desc": "Seu computador est\\u00e1 lento? Reiniciando do nada? Talvez seja um v\\u00edrus, ou algum hardware com defeito. Posso fazer a manuten\\u00e7\\u00e3o no seu PC, formando, reinstalando o SO, trocando algum componente f\\u00edsico e porque n\\u00e3o remover o baidu ou qualquer outro malware.", "printer_repair": "N\\u00e3o", "work": "Presencial", "cost": "100"}' 
 </msg>
<msg timestamp="20211213 23:12:06.872" level="INFO">POST Response : url=https://getgeeks-geeks-balbino.herokuapp.com/geeks 
 status=201, reason=Created 
 headers={'Server': 'Cowboy', 'Connection': 'keep-alive', 'X-Powered-By': 'Express', 'Access-Control-Allow-Origin': '*', 'Date': 'Tue, 14 Dec 2021 02:12:05 GMT', 'Content-Length': '0', 'Via': '1.1 vegur'} 
 body=None 
 </msg>
<msg timestamp="20211213 23:12:06.872" level="INFO">${response} = &lt;Response [201]&gt;</msg>
<status status="PASS" starttime="20211213 23:12:06.204" endtime="20211213 23:12:06.872"/>
</kw>
<status status="PASS" starttime="20211213 23:12:06.203" endtime="20211213 23:12:06.872"/>
</kw>
<status status="PASS" starttime="20211213 23:12:04.893" endtime="20211213 23:12:06.872"/>
</iter>
<iter>
<var name="${geek}">{'name': 'Arnim Zola', 'email': 'zola@hidra.com', 'password': 'pwd123', 'geek_profile': {'whatsapp': '21999999999', 'desc': 'Instalo Distros Ubuntu, Debian, ElementaryOS, PopOS, Linux Mint, Kurumin, M...</var>
<kw name="POST User" library="UsersRoute">
<arg>${geek}</arg>
<kw name="POST" library="RequestsLibrary">
<var>${response}</var>
<arg>${API_USERS}/users</arg>
<arg>json=${payload}</arg>
<arg>expected_status=any</arg>
<doc>Sends a POST request.</doc>
<msg timestamp="20211213 23:12:08.022" level="INFO">POST Request : url=https://getgeeks-users-balbino.herokuapp.com/users 
 path_url=/users 
 headers={'User-Agent': 'python-requests/2.26.0', 'Accept-Encoding': 'gzip, deflate', 'Accept': '*/*', 'Connection': 'keep-alive', 'Content-Length': '445', 'Content-Type': 'application/json'} 
 body=b'{"name": "Arnim Zola", "email": "zola@hidra.com", "password": "pwd123", "geek_profile": {"whatsapp": "21999999999", "desc": "Instalo Distros Ubuntu, Debian, ElementaryOS, PopOS, Linux Mint, Kurumin, Mandrake, Connectiva, Fedora, RedHat, CentOS, Slackware, Gentoo, Archlinux, Kubuntu, Xubuntu, Suze, Mandriva, Edubuntu, KateOS, Sabayon Linux, Manjaro Linux, BigLinux, ZorinOS, Unit", "printer_repair": "N\\u00e3o", "work": "Ambos", "cost": "110"}}' 
 </msg>
<msg timestamp="20211213 23:12:08.022" level="INFO">POST Response : url=https://getgeeks-users-balbino.herokuapp.com/users 
 status=400, reason=Bad Request 
 headers={'Server': 'Cowboy', 'Connection': 'keep-alive', 'X-Powered-By': 'Express', 'Access-Control-Allow-Origin': '*', 'Content-Type': 'application/json; charset=utf-8', 'Content-Length': '31', 'Etag': 'W/"1f-lFUySNKwX3L5eGEwGcNcUoVKWhE"', 'Date': 'Tue, 14 Dec 2021 02:12:06 GMT', 'Via': '1.1 vegur'} 
 body={"error":"User already exists"} 
 </msg>
<msg timestamp="20211213 23:12:08.022" level="INFO">${response} = &lt;Response [400]&gt;</msg>
<status status="PASS" starttime="20211213 23:12:06.872" endtime="20211213 23:12:08.022"/>
</kw>
<status status="PASS" starttime="20211213 23:12:06.872" endtime="20211213 23:12:08.022"/>
</kw>
<kw name="Get Token" library="helpers">
<var>${token}</var>
<arg>${geek}</arg>
<kw name="Create Dictionary" library="BuiltIn">
<var>${payload}</var>
<arg>email=${user}[email]</arg>
<arg>password=${user}[password]</arg>
<doc>Creates and returns a dictionary based on the given ``items``.</doc>
<msg timestamp="20211213 23:12:08.023" level="INFO">${payload} = {'email': 'zola@hidra.com', 'password': 'pwd123'}</msg>
<status status="PASS" starttime="20211213 23:12:08.022" endtime="20211213 23:12:08.023"/>
</kw>
<kw name="POST Session" library="SessionsRoute">
<var>${response}</var>
<arg>${payload}</arg>
<kw name="POST" library="RequestsLibrary">
<var>${response}</var>
<arg>${API_USERS}/sessions</arg>
<arg>json=${payload}</arg>
<arg>expected_status=any</arg>
<doc>Sends a POST request.</doc>
<msg timestamp="20211213 23:12:08.690" level="INFO">POST Request : url=https://getgeeks-users-balbino.herokuapp.com/sessions 
 path_url=/sessions 
 headers={'User-Agent': 'python-requests/2.26.0', 'Accept-Encoding': 'gzip, deflate', 'Accept': '*/*', 'Connection': 'keep-alive', 'Content-Length': '49', 'Content-Type': 'application/json'} 
 body=b'{"email": "zola@hidra.com", "password": "pwd123"}' 
 </msg>
<msg timestamp="20211213 23:12:08.690" level="INFO">POST Response : url=https://getgeeks-users-balbino.herokuapp.com/sessions 
 status=200, reason=OK 
 headers={'Server': 'Cowboy', 'Connection': 'keep-alive', 'X-Powered-By': 'Express', 'Access-Control-Allow-Origin': '*', 'Content-Type': 'application/json; charset=utf-8', 'Content-Length': '367', 'Etag': 'W/"16f-ZwP4+tyGVBGWvGHbWd6n3QEZ35A"', 'Date': 'Tue, 14 Dec 2021 02:12:06 GMT', 'Via': '1.1 vegur'} 
 body={"user":{"id":741,"email":"zola@hidra.com","password_hash":"$2b$08$ZiU4id6lZWevoRatjtdRD.049OPfjMyX3mZkV47Le40fc/Jrv8VGi","name":"Arnim Zola","avatar":null,"whatsapp":"21999999999","is_geek":true},"token":"eyJhbGciOiJIUzI1NiIsInR5cCI6IkpXVCJ9.eyJpZCI6NzQxLCJpYXQiOjE2Mzk0NDc5MjYsImV4cCI6MTY0MDMxMTkyNn0.HNc1SV6KxhMxlPTiUUP6aw2DNR2fxMazv-oWpIR1f04","expires_in":"10d"} 
 </msg>
<msg timestamp="20211213 23:12:08.690" level="INFO">${response} = &lt;Response [200]&gt;</msg>
<status status="PASS" starttime="20211213 23:12:08.023" endtime="20211213 23:12:08.690"/>
</kw>
<msg timestamp="20211213 23:12:08.690" level="INFO">${response} = &lt;Response [200]&gt;</msg>
<status status="PASS" starttime="20211213 23:12:08.023" endtime="20211213 23:12:08.690"/>
</kw>
<kw name="Set Variable" library="BuiltIn">
<var>${result}</var>
<arg>${EMPTY}</arg>
<doc>Returns the given values which can then be assigned to a variables.</doc>
<msg timestamp="20211213 23:12:08.691" level="INFO">${result} = </msg>
<status status="PASS" starttime="20211213 23:12:08.690" endtime="20211213 23:12:08.691"/>
</kw>
<if>
<branch type="IF" condition="&quot;200&quot; in &quot;${response}&quot;">
<kw name="Set Variable" library="BuiltIn">
<var>${result}</var>
<arg>Bearer ${response.json()}[token]</arg>
<doc>Returns the given values which can then be assigned to a variables.</doc>
<msg timestamp="20211213 23:12:08.691" level="INFO">${result} = Bearer eyJhbGciOiJIUzI1NiIsInR5cCI6IkpXVCJ9.eyJpZCI6NzQxLCJpYXQiOjE2Mzk0NDc5MjYsImV4cCI6MTY0MDMxMTkyNn0.HNc1SV6KxhMxlPTiUUP6aw2DNR2fxMazv-oWpIR1f04</msg>
<status status="PASS" starttime="20211213 23:12:08.691" endtime="20211213 23:12:08.691"/>
</kw>
<status status="PASS" starttime="20211213 23:12:08.691" endtime="20211213 23:12:08.691"/>
</branch>
<status status="PASS" starttime="20211213 23:12:08.691" endtime="20211213 23:12:08.692"/>
</if>
<msg timestamp="20211213 23:12:08.692" level="INFO">${token} = Bearer eyJhbGciOiJIUzI1NiIsInR5cCI6IkpXVCJ9.eyJpZCI6NzQxLCJpYXQiOjE2Mzk0NDc5MjYsImV4cCI6MTY0MDMxMTkyNn0.HNc1SV6KxhMxlPTiUUP6aw2DNR2fxMazv-oWpIR1f04</msg>
<status status="PASS" starttime="20211213 23:12:08.022" endtime="20211213 23:12:08.692"/>
</kw>
<kw name="POST Geek" library="GeeksRoute">
<arg>${token}</arg>
<arg>${geek}[geek_profile]</arg>
<kw name="Create Dictionary" library="BuiltIn">
<var>${headers}</var>
<arg>Authorization=${token}</arg>
<doc>Creates and returns a dictionary based on the given ``items``.</doc>
<msg timestamp="20211213 23:12:08.692" level="INFO">${headers} = {'Authorization': 'Bearer eyJhbGciOiJIUzI1NiIsInR5cCI6IkpXVCJ9.eyJpZCI6NzQxLCJpYXQiOjE2Mzk0NDc5MjYsImV4cCI6MTY0MDMxMTkyNn0.HNc1SV6KxhMxlPTiUUP6aw2DNR2fxMazv-oWpIR1f04'}</msg>
<status status="PASS" starttime="20211213 23:12:08.692" endtime="20211213 23:12:08.692"/>
</kw>
<kw name="POST" library="RequestsLibrary">
<var>${response}</var>
<arg>${API_GEEKS}/geeks</arg>
<arg>json=${payload}</arg>
<arg>headers=${headers}</arg>
<arg>expected_status=any</arg>
<doc>Sends a POST request.</doc>
<msg timestamp="20211213 23:12:09.342" level="INFO">POST Request : url=https://getgeeks-geeks-balbino.herokuapp.com/geeks 
 path_url=/geeks 
 headers={'User-Agent': 'python-requests/2.26.0', 'Accept-Encoding': 'gzip, deflate', 'Accept': '*/*', 'Connection': 'keep-alive', 'Authorization': 'Bearer eyJhbGciOiJIUzI1NiIsInR5cCI6IkpXVCJ9.eyJpZCI6NzQxLCJpYXQiOjE2Mzk0NDc5MjYsImV4cCI6MTY0MDMxMTkyNn0.HNc1SV6KxhMxlPTiUUP6aw2DNR2fxMazv-oWpIR1f04', 'Content-Length': '356', 'Content-Type': 'application/json'} 
 body=b'{"whatsapp": "21999999999", "desc": "Instalo Distros Ubuntu, Debian, ElementaryOS, PopOS, Linux Mint, Kurumin, Mandrake, Connectiva, Fedora, RedHat, CentOS, Slackware, Gentoo, Archlinux, Kubuntu, Xubuntu, Suze, Mandriva, Edubuntu, KateOS, Sabayon Linux, Manjaro Linux, BigLinux, ZorinOS, Unit", "printer_repair": "N\\u00e3o", "work": "Ambos", "cost": "110"}' 
 </msg>
<msg timestamp="20211213 23:12:09.342" level="INFO">POST Response : url=https://getgeeks-geeks-balbino.herokuapp.com/geeks 
 status=201, reason=Created 
 headers={'Server': 'Cowboy', 'Connection': 'keep-alive', 'X-Powered-By': 'Express', 'Access-Control-Allow-Origin': '*', 'Date': 'Tue, 14 Dec 2021 02:12:07 GMT', 'Content-Length': '0', 'Via': '1.1 vegur'} 
 body=None 
 </msg>
<msg timestamp="20211213 23:12:09.342" level="INFO">${response} = &lt;Response [201]&gt;</msg>
<status status="PASS" starttime="20211213 23:12:08.692" endtime="20211213 23:12:09.342"/>
</kw>
<status status="PASS" starttime="20211213 23:12:08.692" endtime="20211213 23:12:09.342"/>
</kw>
<status status="PASS" starttime="20211213 23:12:06.872" endtime="20211213 23:12:09.342"/>
</iter>
<iter>
<var name="${geek}">{'name': 'Reed Richards', 'email': 'reed@fantastic4.com', 'password': 'pwd123', 'geek_profile': {'whatsapp': '31999999999', 'desc': 'Instalado e faço manutenção em qualquer tipo de impressora, matrici...</var>
<kw name="POST User" library="UsersRoute">
<arg>${geek}</arg>
<kw name="POST" library="RequestsLibrary">
<var>${response}</var>
<arg>${API_USERS}/users</arg>
<arg>json=${payload}</arg>
<arg>expected_status=any</arg>
<doc>Sends a POST request.</doc>
<msg timestamp="20211213 23:12:09.981" level="INFO">POST Request : url=https://getgeeks-users-balbino.herokuapp.com/users 
 path_url=/users 
 headers={'User-Agent': 'python-requests/2.26.0', 'Accept-Encoding': 'gzip, deflate', 'Accept': '*/*', 'Connection': 'keep-alive', 'Content-Length': '415', 'Content-Type': 'application/json'} 
 body=b'{"name": "Reed Richards", "email": "reed@fantastic4.com", "password": "pwd123", "geek_profile": {"whatsapp": "31999999999", "desc": "Instalado e fa\\u00e7o manuten\\u00e7\\u00e3o em qualquer tipo de impressora, matricial padr\\u00e3o, matricial fiscal, a jato, a cera, a laser e at\\u00e9 3D. Tamb\\u00e9m fa\\u00e7o remold de fitas coloridas para Epson LX300. ", "printer_repair": "Sim", "work": "Remoto", "cost": "120"}}' 
 </msg>
<msg timestamp="20211213 23:12:09.981" level="INFO">POST Response : url=https://getgeeks-users-balbino.herokuapp.com/users 
 status=400, reason=Bad Request 
 headers={'Server': 'Cowboy', 'Connection': 'keep-alive', 'X-Powered-By': 'Express', 'Access-Control-Allow-Origin': '*', 'Content-Type': 'application/json; charset=utf-8', 'Content-Length': '31', 'Etag': 'W/"1f-lFUySNKwX3L5eGEwGcNcUoVKWhE"', 'Date': 'Tue, 14 Dec 2021 02:12:08 GMT', 'Via': '1.1 vegur'} 
 body={"error":"User already exists"} 
 </msg>
<msg timestamp="20211213 23:12:09.981" level="INFO">${response} = &lt;Response [400]&gt;</msg>
<status status="PASS" starttime="20211213 23:12:09.343" endtime="20211213 23:12:09.981"/>
</kw>
<status status="PASS" starttime="20211213 23:12:09.342" endtime="20211213 23:12:09.982"/>
</kw>
<kw name="Get Token" library="helpers">
<var>${token}</var>
<arg>${geek}</arg>
<kw name="Create Dictionary" library="BuiltIn">
<var>${payload}</var>
<arg>email=${user}[email]</arg>
<arg>password=${user}[password]</arg>
<doc>Creates and returns a dictionary based on the given ``items``.</doc>
<msg timestamp="20211213 23:12:09.982" level="INFO">${payload} = {'email': 'reed@fantastic4.com', 'password': 'pwd123'}</msg>
<status status="PASS" starttime="20211213 23:12:09.982" endtime="20211213 23:12:09.982"/>
</kw>
<kw name="POST Session" library="SessionsRoute">
<var>${response}</var>
<arg>${payload}</arg>
<kw name="POST" library="RequestsLibrary">
<var>${response}</var>
<arg>${API_USERS}/sessions</arg>
<arg>json=${payload}</arg>
<arg>expected_status=any</arg>
<doc>Sends a POST request.</doc>
<msg timestamp="20211213 23:12:10.670" level="INFO">POST Request : url=https://getgeeks-users-balbino.herokuapp.com/sessions 
 path_url=/sessions 
 headers={'User-Agent': 'python-requests/2.26.0', 'Accept-Encoding': 'gzip, deflate', 'Accept': '*/*', 'Connection': 'keep-alive', 'Content-Length': '54', 'Content-Type': 'application/json'} 
 body=b'{"email": "reed@fantastic4.com", "password": "pwd123"}' 
 </msg>
<msg timestamp="20211213 23:12:10.670" level="INFO">POST Response : url=https://getgeeks-users-balbino.herokuapp.com/sessions 
 status=200, reason=OK 
 headers={'Server': 'Cowboy', 'Connection': 'keep-alive', 'X-Powered-By': 'Express', 'Access-Control-Allow-Origin': '*', 'Content-Type': 'application/json; charset=utf-8', 'Content-Length': '375', 'Etag': 'W/"177-J2Cdufwfnaq8xugC8TmwjBVV5l0"', 'Date': 'Tue, 14 Dec 2021 02:12:08 GMT', 'Via': '1.1 vegur'} 
 body={"user":{"id":742,"email":"reed@fantastic4.com","password_hash":"$2b$08$i5nkXYIIH2j4rCGW2lE.AOHPTm8EBGffkxYqA1JGIPLWWIvIXJ3om","name":"Reed Richards","avatar":null,"whatsapp":"31999999999","is_geek":true},"token":"eyJhbGciOiJIUzI1NiIsInR5cCI6IkpXVCJ9.eyJpZCI6NzQyLCJpYXQiOjE2Mzk0NDc5MjgsImV4cCI6MTY0MDMxMTkyOH0.9pAoS5MtHfXigrEu46dtGuYvi-08MOkNRbmWpCAOtT0","expires_in":"10d"} 
 </msg>
<msg timestamp="20211213 23:12:10.671" level="INFO">${response} = &lt;Response [200]&gt;</msg>
<status status="PASS" starttime="20211213 23:12:09.983" endtime="20211213 23:12:10.671"/>
</kw>
<msg timestamp="20211213 23:12:10.671" level="INFO">${response} = &lt;Response [200]&gt;</msg>
<status status="PASS" starttime="20211213 23:12:09.982" endtime="20211213 23:12:10.671"/>
</kw>
<kw name="Set Variable" library="BuiltIn">
<var>${result}</var>
<arg>${EMPTY}</arg>
<doc>Returns the given values which can then be assigned to a variables.</doc>
<msg timestamp="20211213 23:12:10.673" level="INFO">${result} = </msg>
<status status="PASS" starttime="20211213 23:12:10.672" endtime="20211213 23:12:10.673"/>
</kw>
<if>
<branch type="IF" condition="&quot;200&quot; in &quot;${response}&quot;">
<kw name="Set Variable" library="BuiltIn">
<var>${result}</var>
<arg>Bearer ${response.json()}[token]</arg>
<doc>Returns the given values which can then be assigned to a variables.</doc>
<msg timestamp="20211213 23:12:10.674" level="INFO">${result} = Bearer eyJhbGciOiJIUzI1NiIsInR5cCI6IkpXVCJ9.eyJpZCI6NzQyLCJpYXQiOjE2Mzk0NDc5MjgsImV4cCI6MTY0MDMxMTkyOH0.9pAoS5MtHfXigrEu46dtGuYvi-08MOkNRbmWpCAOtT0</msg>
<status status="PASS" starttime="20211213 23:12:10.673" endtime="20211213 23:12:10.674"/>
</kw>
<status status="PASS" starttime="20211213 23:12:10.673" endtime="20211213 23:12:10.674"/>
</branch>
<status status="PASS" starttime="20211213 23:12:10.673" endtime="20211213 23:12:10.674"/>
</if>
<msg timestamp="20211213 23:12:10.674" level="INFO">${token} = Bearer eyJhbGciOiJIUzI1NiIsInR5cCI6IkpXVCJ9.eyJpZCI6NzQyLCJpYXQiOjE2Mzk0NDc5MjgsImV4cCI6MTY0MDMxMTkyOH0.9pAoS5MtHfXigrEu46dtGuYvi-08MOkNRbmWpCAOtT0</msg>
<status status="PASS" starttime="20211213 23:12:09.982" endtime="20211213 23:12:10.674"/>
</kw>
<kw name="POST Geek" library="GeeksRoute">
<arg>${token}</arg>
<arg>${geek}[geek_profile]</arg>
<kw name="Create Dictionary" library="BuiltIn">
<var>${headers}</var>
<arg>Authorization=${token}</arg>
<doc>Creates and returns a dictionary based on the given ``items``.</doc>
<msg timestamp="20211213 23:12:10.674" level="INFO">${headers} = {'Authorization': 'Bearer eyJhbGciOiJIUzI1NiIsInR5cCI6IkpXVCJ9.eyJpZCI6NzQyLCJpYXQiOjE2Mzk0NDc5MjgsImV4cCI6MTY0MDMxMTkyOH0.9pAoS5MtHfXigrEu46dtGuYvi-08MOkNRbmWpCAOtT0'}</msg>
<status status="PASS" starttime="20211213 23:12:10.674" endtime="20211213 23:12:10.674"/>
</kw>
<kw name="POST" library="RequestsLibrary">
<var>${response}</var>
<arg>${API_GEEKS}/geeks</arg>
<arg>json=${payload}</arg>
<arg>headers=${headers}</arg>
<arg>expected_status=any</arg>
<doc>Sends a POST request.</doc>
<msg timestamp="20211213 23:12:11.317" level="INFO">POST Request : url=https://getgeeks-geeks-balbino.herokuapp.com/geeks 
 path_url=/geeks 
 headers={'User-Agent': 'python-requests/2.26.0', 'Accept-Encoding': 'gzip, deflate', 'Accept': '*/*', 'Connection': 'keep-alive', 'Authorization': 'Bearer eyJhbGciOiJIUzI1NiIsInR5cCI6IkpXVCJ9.eyJpZCI6NzQyLCJpYXQiOjE2Mzk0NDc5MjgsImV4cCI6MTY0MDMxMTkyOH0.9pAoS5MtHfXigrEu46dtGuYvi-08MOkNRbmWpCAOtT0', 'Content-Length': '318', 'Content-Type': 'application/json'} 
 body=b'{"whatsapp": "31999999999", "desc": "Instalado e fa\\u00e7o manuten\\u00e7\\u00e3o em qualquer tipo de impressora, matricial padr\\u00e3o, matricial fiscal, a jato, a cera, a laser e at\\u00e9 3D. Tamb\\u00e9m fa\\u00e7o remold de fitas coloridas para Epson LX300. ", "printer_repair": "Sim", "work": "Remoto", "cost": "120"}' 
 </msg>
<msg timestamp="20211213 23:12:11.317" level="INFO">POST Response : url=https://getgeeks-geeks-balbino.herokuapp.com/geeks 
 status=201, reason=Created 
 headers={'Server': 'Cowboy', 'Connection': 'keep-alive', 'X-Powered-By': 'Express', 'Access-Control-Allow-Origin': '*', 'Date': 'Tue, 14 Dec 2021 02:12:09 GMT', 'Content-Length': '0', 'Via': '1.1 vegur'} 
 body=None 
 </msg>
<msg timestamp="20211213 23:12:11.317" level="INFO">${response} = &lt;Response [201]&gt;</msg>
<status status="PASS" starttime="20211213 23:12:10.674" endtime="20211213 23:12:11.318"/>
</kw>
<status status="PASS" starttime="20211213 23:12:10.674" endtime="20211213 23:12:11.318"/>
</kw>
<status status="PASS" starttime="20211213 23:12:09.342" endtime="20211213 23:12:11.318"/>
</iter>
<status status="PASS" starttime="20211213 23:12:04.892" endtime="20211213 23:12:11.318"/>
</for>
<kw name="POST User" library="UsersRoute">
<arg>${data}[user]</arg>
<kw name="POST" library="RequestsLibrary">
<var>${response}</var>
<arg>${API_USERS}/users</arg>
<arg>json=${payload}</arg>
<arg>expected_status=any</arg>
<doc>Sends a POST request.</doc>
<msg timestamp="20211213 23:12:11.968" level="INFO">POST Request : url=https://getgeeks-users-balbino.herokuapp.com/users 
 path_url=/users 
 headers={'User-Agent': 'python-requests/2.26.0', 'Accept-Encoding': 'gzip, deflate', 'Accept': '*/*', 'Connection': 'keep-alive', 'Content-Length': '74', 'Content-Type': 'application/json'} 
 body=b'{"name": "Peter Quill", "email": "quill@marvel.com", "password": "pwd123"}' 
 </msg>
<msg timestamp="20211213 23:12:11.968" level="INFO">POST Response : url=https://getgeeks-users-balbino.herokuapp.com/users 
 status=400, reason=Bad Request 
 headers={'Server': 'Cowboy', 'Connection': 'keep-alive', 'X-Powered-By': 'Express', 'Access-Control-Allow-Origin': '*', 'Content-Type': 'application/json; charset=utf-8', 'Content-Length': '31', 'Etag': 'W/"1f-lFUySNKwX3L5eGEwGcNcUoVKWhE"', 'Date': 'Tue, 14 Dec 2021 02:12:10 GMT', 'Via': '1.1 vegur'} 
 body={"error":"User already exists"} 
 </msg>
<msg timestamp="20211213 23:12:11.968" level="INFO">${response} = &lt;Response [400]&gt;</msg>
<status status="PASS" starttime="20211213 23:12:11.319" endtime="20211213 23:12:11.968"/>
</kw>
<status status="PASS" starttime="20211213 23:12:11.318" endtime="20211213 23:12:11.968"/>
</kw>
<kw name="Get Token" library="helpers">
<var>${token}</var>
<arg>${data}[user]</arg>
<kw name="Create Dictionary" library="BuiltIn">
<var>${payload}</var>
<arg>email=${user}[email]</arg>
<arg>password=${user}[password]</arg>
<doc>Creates and returns a dictionary based on the given ``items``.</doc>
<msg timestamp="20211213 23:12:11.970" level="INFO">${payload} = {'email': 'quill@marvel.com', 'password': 'pwd123'}</msg>
<status status="PASS" starttime="20211213 23:12:11.969" endtime="20211213 23:12:11.970"/>
</kw>
<kw name="POST Session" library="SessionsRoute">
<var>${response}</var>
<arg>${payload}</arg>
<kw name="POST" library="RequestsLibrary">
<var>${response}</var>
<arg>${API_USERS}/sessions</arg>
<arg>json=${payload}</arg>
<arg>expected_status=any</arg>
<doc>Sends a POST request.</doc>
<msg timestamp="20211213 23:12:12.635" level="INFO">POST Request : url=https://getgeeks-users-balbino.herokuapp.com/sessions 
 path_url=/sessions 
 headers={'User-Agent': 'python-requests/2.26.0', 'Accept-Encoding': 'gzip, deflate', 'Accept': '*/*', 'Connection': 'keep-alive', 'Content-Length': '51', 'Content-Type': 'application/json'} 
 body=b'{"email": "quill@marvel.com", "password": "pwd123"}' 
 </msg>
<msg timestamp="20211213 23:12:12.635" level="INFO">POST Response : url=https://getgeeks-users-balbino.herokuapp.com/sessions 
 status=200, reason=OK 
 headers={'Server': 'Cowboy', 'Connection': 'keep-alive', 'X-Powered-By': 'Express', 'Access-Control-Allow-Origin': '*', 'Content-Type': 'application/json; charset=utf-8', 'Content-Length': '362', 'Etag': 'W/"16a-vvTqwyAosQW6Y3BpvMW6xz2vZYY"', 'Date': 'Tue, 14 Dec 2021 02:12:10 GMT', 'Via': '1.1 vegur'} 
 body={"user":{"id":736,"email":"quill@marvel.com","password_hash":"$2b$08$QH//Mu4OOr9iKNahFzFhreCiq051trEX4nGeuWZ9scHqoC1OUf59u","name":"Peter Quill","avatar":null,"whatsapp":null,"is_geek":false},"token":"eyJhbGciOiJIUzI1NiIsInR5cCI6IkpXVCJ9.eyJpZCI6NzM2LCJpYXQiOjE2Mzk0NDc5MzAsImV4cCI6MTY0MDMxMTkzMH0.b_j5MwvG6joEtP-Xt4j6q0t8rNOAJdCxD6X24ojbU6o","expires_in":"10d"} 
 </msg>
<msg timestamp="20211213 23:12:12.635" level="INFO">${response} = &lt;Response [200]&gt;</msg>
<status status="PASS" starttime="20211213 23:12:11.970" endtime="20211213 23:12:12.635"/>
</kw>
<msg timestamp="20211213 23:12:12.635" level="INFO">${response} = &lt;Response [200]&gt;</msg>
<status status="PASS" starttime="20211213 23:12:11.970" endtime="20211213 23:12:12.635"/>
</kw>
<kw name="Set Variable" library="BuiltIn">
<var>${result}</var>
<arg>${EMPTY}</arg>
<doc>Returns the given values which can then be assigned to a variables.</doc>
<msg timestamp="20211213 23:12:12.636" level="INFO">${result} = </msg>
<status status="PASS" starttime="20211213 23:12:12.635" endtime="20211213 23:12:12.636"/>
</kw>
<if>
<branch type="IF" condition="&quot;200&quot; in &quot;${response}&quot;">
<kw name="Set Variable" library="BuiltIn">
<var>${result}</var>
<arg>Bearer ${response.json()}[token]</arg>
<doc>Returns the given values which can then be assigned to a variables.</doc>
<msg timestamp="20211213 23:12:12.636" level="INFO">${result} = Bearer eyJhbGciOiJIUzI1NiIsInR5cCI6IkpXVCJ9.eyJpZCI6NzM2LCJpYXQiOjE2Mzk0NDc5MzAsImV4cCI6MTY0MDMxMTkzMH0.b_j5MwvG6joEtP-Xt4j6q0t8rNOAJdCxD6X24ojbU6o</msg>
<status status="PASS" starttime="20211213 23:12:12.636" endtime="20211213 23:12:12.637"/>
</kw>
<status status="PASS" starttime="20211213 23:12:12.636" endtime="20211213 23:12:12.637"/>
</branch>
<status status="PASS" starttime="20211213 23:12:12.636" endtime="20211213 23:12:12.637"/>
</if>
<msg timestamp="20211213 23:12:12.637" level="INFO">${token} = Bearer eyJhbGciOiJIUzI1NiIsInR5cCI6IkpXVCJ9.eyJpZCI6NzM2LCJpYXQiOjE2Mzk0NDc5MzAsImV4cCI6MTY0MDMxMTkzMH0.b_j5MwvG6joEtP-Xt4j6q0t8rNOAJdCxD6X24ojbU6o</msg>
<status status="PASS" starttime="20211213 23:12:11.969" endtime="20211213 23:12:12.637"/>
</kw>
<kw name="GET Geeks" library="GeeksRoute">
<var>${response}</var>
<arg>${token}</arg>
<kw name="Create Dictionary" library="BuiltIn">
<var>${headers}</var>
<arg>Authorization=${token}</arg>
<doc>Creates and returns a dictionary based on the given ``items``.</doc>
<msg timestamp="20211213 23:12:12.637" level="INFO">${headers} = {'Authorization': 'Bearer eyJhbGciOiJIUzI1NiIsInR5cCI6IkpXVCJ9.eyJpZCI6NzM2LCJpYXQiOjE2Mzk0NDc5MzAsImV4cCI6MTY0MDMxMTkzMH0.b_j5MwvG6joEtP-Xt4j6q0t8rNOAJdCxD6X24ojbU6o'}</msg>
<status status="PASS" starttime="20211213 23:12:12.637" endtime="20211213 23:12:12.637"/>
</kw>
<kw name="GET" library="RequestsLibrary">
<var>${response}</var>
<arg>${API_GEEKS}/geeks</arg>
<arg>headers=${headers}</arg>
<arg>expected_status=any</arg>
<doc>Sends a GET request.</doc>
<msg timestamp="20211213 23:12:13.293" level="INFO">GET Request : url=https://getgeeks-geeks-balbino.herokuapp.com/geeks 
 path_url=/geeks 
 headers={'User-Agent': 'python-requests/2.26.0', 'Accept-Encoding': 'gzip, deflate', 'Accept': '*/*', 'Connection': 'keep-alive', 'Authorization': 'Bearer eyJhbGciOiJIUzI1NiIsInR5cCI6IkpXVCJ9.eyJpZCI6NzM2LCJpYXQiOjE2Mzk0NDc5MzAsImV4cCI6MTY0MDMxMTkzMH0.b_j5MwvG6joEtP-Xt4j6q0t8rNOAJdCxD6X24ojbU6o'} 
 body=None 
 </msg>
<msg timestamp="20211213 23:12:13.293" level="INFO">GET Response : url=https://getgeeks-geeks-balbino.herokuapp.com/geeks 
 status=200, reason=OK 
 headers={'Server': 'Cowboy', 'Connection': 'keep-alive', 'X-Powered-By': 'Express', 'Access-Control-Allow-Origin': '*', 'Content-Type': 'application/json; charset=utf-8', 'Content-Length': '2580', 'Etag': 'W/"a14-jMctHvLDqAI6WPc6dpl1e5R2ZZE"', 'Date': 'Tue, 14 Dec 2021 02:12:11 GMT', 'Via': '1.1 vegur'} 
 body={"Geeks":[{"id":697,"desc":"Seu computador está lento? Reiniciando do nada? Posso fazer a manutenção no seu PC, formatando, reinstalando o Sistema Operacional, trocando algum componente físico e porque não remover o baidú ou qualquer outro malware.","printer_repair":"Sim","work":"Remoto","cost":"100.00","user_id":697,"email":"kim@dot.com","password_hash":"$2b$08$QeqfBJsSciIwSJtubFPSF.8nTzL170Pxy4n8lICSUWvV7MWbypf6S","name":"Kim Dotcom","avatar":null,"whatsapp":"11999999999","is_geek":true},{"id":747,"desc":"Seu computador está lento? Reiniciando do nada? Talvez seja um vírus, ou algum hardware com defeito. Posso fazer a manutenção no seu PC, formando, reinstalando o SO, trocando algum componente físico e porque não remover o baidu ou qualquer outro malware.","printer_repair":"Sim","work":"Presencial","cost":"150.99","user_id":747,"email":"joao@qaninja.com.br","password_hash":"$2b$08$P9sL3G2tHT37aMTH.4iqh.H/CDBvAcCCCKYyghPd41lpuGRGHclLK","name":"Joao Lucas","avatar":null,"whatsapp":"11999999999","is_geek":true},{"id":740,"desc":"Seu computador está lento? Reiniciando do nada? Talvez seja um vírus, ou algum hardware com defeito. Posso fazer a manutenção no seu PC, formando, reinstalando o SO, trocando algum componente físico e porque não remover o baidu ou qualquer outro malware.","printer_repair":"Não","work":"Presencial","cost":"100.00","user_id":740,"email":"riri@marvel.com","password_hash":"$2b$08$xEE9BnzTURsWu89yD71iPe1q8wUQJTvVJGhbQOLW3h69OpKIpJFe6","name":"Riri Willians","avatar":null,"whatsapp":"11999999999","is_geek":true},{"id":741,"desc":"Instalo Distros Ubuntu, Debian, ElementaryOS, PopOS, Linux Mint, Kurumin, Mandrake, Connectiva, Fedora, RedHat, CentOS, Slackware, Gentoo, Archlinux, Kubuntu, Xubuntu, Suze, Mandriva, Edubuntu, KateOS, Sabayon Linux, Manjaro Linux, BigLinux, ZorinOS, Unit","printer_repair":"Não","work":"Ambos","cost":"110.00","user_id":741,"email":"zola@hidra.com","password_hash":"$2b$08$ZiU4id6lZWevoRatjtdRD.049OPfjMyX3mZkV47Le40fc/Jrv8VGi","name":"Arnim Zola","avatar":null,"whatsapp":"21999999999","is_geek":true},{"id":742,"desc":"Instalado e faço manutenção em qualquer tipo de impressora, matricial padrão, matricial fiscal, a jato, a cera, a laser e até 3D. Também faço remold de fitas coloridas para Epson LX300. ","printer_repair":"Sim","work":"Remoto","cost":"120.00","user_id":742,"email":"reed@fantastic4.com","password_hash":"$2b$08$i5nkXYIIH2j4rCGW2lE.AOHPTm8EBGffkxYqA1JGIPLWWIvIXJ3om","name":"Reed Richards","avatar":null,"whatsapp":"31999999999","is_geek":true}],"Count":"5"} 
 </msg>
<msg timestamp="20211213 23:12:13.293" level="INFO">${response} = &lt;Response [200]&gt;</msg>
<status status="PASS" starttime="20211213 23:12:12.638" endtime="20211213 23:12:13.293"/>
</kw>
<msg timestamp="20211213 23:12:13.293" level="INFO">${response} = &lt;Response [200]&gt;</msg>
<status status="PASS" starttime="20211213 23:12:12.637" endtime="20211213 23:12:13.293"/>
</kw>
<kw name="Status Should Be" library="RequestsLibrary">
<arg>200</arg>
<arg>${response}</arg>
<doc>Fails if response status code is different than the expected.</doc>
<status status="PASS" starttime="20211213 23:12:13.295" endtime="20211213 23:12:13.295"/>
</kw>
<kw name="Log" library="BuiltIn">
<arg>${response.json()}[Geeks]</arg>
<doc>Logs the given message with the given level.</doc>
<msg timestamp="20211213 23:12:13.296" level="INFO">[{'id': 697, 'desc': 'Seu computador está lento? Reiniciando do nada? Posso fazer a manutenção no seu PC, formatando, reinstalando o Sistema Operacional, trocando algum componente físico e porque não remover o baidú ou qualquer outro malware.', 'printer_repair': 'Sim', 'work': 'Remoto', 'cost': '100.00', 'user_id': 697, 'email': 'kim@dot.com', 'password_hash': '$2b$08$QeqfBJsSciIwSJtubFPSF.8nTzL170Pxy4n8lICSUWvV7MWbypf6S', 'name': 'Kim Dotcom', 'avatar': None, 'whatsapp': '11999999999', 'is_geek': True}, {'id': 747, 'desc': 'Seu computador está lento? Reiniciando do nada? Talvez seja um vírus, ou algum hardware com defeito. Posso fazer a manutenção no seu PC, formando, reinstalando o SO, trocando algum componente físico e porque não remover o baidu ou qualquer outro malware.', 'printer_repair': 'Sim', 'work': 'Presencial', 'cost': '150.99', 'user_id': 747, 'email': 'joao@qaninja.com.br', 'password_hash': '$2b$08$P9sL3G2tHT37aMTH.4iqh.H/CDBvAcCCCKYyghPd41lpuGRGHclLK', 'name': 'Joao Lucas', 'avatar': None, 'whatsapp': '11999999999', 'is_geek': True}, {'id': 740, 'desc': 'Seu computador está lento? Reiniciando do nada? Talvez seja um vírus, ou algum hardware com defeito. Posso fazer a manutenção no seu PC, formando, reinstalando o SO, trocando algum componente físico e porque não remover o baidu ou qualquer outro malware.', 'printer_repair': 'Não', 'work': 'Presencial', 'cost': '100.00', 'user_id': 740, 'email': 'riri@marvel.com', 'password_hash': '$2b$08$xEE9BnzTURsWu89yD71iPe1q8wUQJTvVJGhbQOLW3h69OpKIpJFe6', 'name': 'Riri Willians', 'avatar': None, 'whatsapp': '11999999999', 'is_geek': True}, {'id': 741, 'desc': 'Instalo Distros Ubuntu, Debian, ElementaryOS, PopOS, Linux Mint, Kurumin, Mandrake, Connectiva, Fedora, RedHat, CentOS, Slackware, Gentoo, Archlinux, Kubuntu, Xubuntu, Suze, Mandriva, Edubuntu, KateOS, Sabayon Linux, Manjaro Linux, BigLinux, ZorinOS, Unit', 'printer_repair': 'Não', 'work': 'Ambos', 'cost': '110.00', 'user_id': 741, 'email': 'zola@hidra.com', 'password_hash': '$2b$08$ZiU4id6lZWevoRatjtdRD.049OPfjMyX3mZkV47Le40fc/Jrv8VGi', 'name': 'Arnim Zola', 'avatar': None, 'whatsapp': '21999999999', 'is_geek': True}, {'id': 742, 'desc': 'Instalado e faço manutenção em qualquer tipo de impressora, matricial padrão, matricial fiscal, a jato, a cera, a laser e até 3D. Também faço remold de fitas coloridas para Epson LX300. ', 'printer_repair': 'Sim', 'work': 'Remoto', 'cost': '120.00', 'user_id': 742, 'email': 'reed@fantastic4.com', 'password_hash': '$2b$08$i5nkXYIIH2j4rCGW2lE.AOHPTm8EBGffkxYqA1JGIPLWWIvIXJ3om', 'name': 'Reed Richards', 'avatar': None, 'whatsapp': '31999999999', 'is_geek': True}]</msg>
<status status="PASS" starttime="20211213 23:12:13.295" endtime="20211213 23:12:13.296"/>
</kw>
<kw name="Get Length" library="BuiltIn">
<var>${total}</var>
<arg>${response.json()}[Geeks]</arg>
<doc>Returns and logs the length of the given item as an integer.</doc>
<msg timestamp="20211213 23:12:13.296" level="INFO">Length is 5</msg>
<msg timestamp="20211213 23:12:13.296" level="INFO">${total} = 5</msg>
<status status="PASS" starttime="20211213 23:12:13.296" endtime="20211213 23:12:13.297"/>
</kw>
<kw name="Should Be True" library="BuiltIn">
<arg>${total} &gt; 0</arg>
<doc>Fails if the given condition is not true.</doc>
<status status="PASS" starttime="20211213 23:12:13.297" endtime="20211213 23:12:13.297"/>
</kw>
<status status="PASS" starttime="20211213 23:12:04.892" endtime="20211213 23:12:13.297"/>
</test>
<doc>Geek route test suite</doc>
<status status="PASS" starttime="20211213 23:11:59.895" endtime="20211213 23:12:13.297"/>
</suite>
<suite id="s1-s2" name="Sessions" source="C:\GravidadeZERO\getgeeks\project\backend\tests\Sessions.robot">
<test id="s1-s2-t1" name="User session">
<kw name="Factory User Session" library="Users">
<var>${payload}</var>
<arg>signup</arg>
<msg timestamp="20211213 23:12:13.305" level="INFO">${payload} = {'name': 'Kate Bishop', 'email': 'kate@hotmail.com', 'password': 'pwd123'}</msg>
<status status="PASS" starttime="20211213 23:12:13.305" endtime="20211213 23:12:13.305"/>
</kw>
<kw name="POST User" library="UsersRoute">
<arg>${payload}</arg>
<kw name="POST" library="RequestsLibrary">
<var>${response}</var>
<arg>${API_USERS}/users</arg>
<arg>json=${payload}</arg>
<arg>expected_status=any</arg>
<doc>Sends a POST request.</doc>
<msg timestamp="20211213 23:12:14.454" level="INFO">POST Request : url=https://getgeeks-users-balbino.herokuapp.com/users 
 path_url=/users 
 headers={'User-Agent': 'python-requests/2.26.0', 'Accept-Encoding': 'gzip, deflate', 'Accept': '*/*', 'Connection': 'keep-alive', 'Content-Length': '74', 'Content-Type': 'application/json'} 
 body=b'{"name": "Kate Bishop", "email": "kate@hotmail.com", "password": "pwd123"}' 
 </msg>
<msg timestamp="20211213 23:12:14.454" level="INFO">POST Response : url=https://getgeeks-users-balbino.herokuapp.com/users 
 status=400, reason=Bad Request 
 headers={'Server': 'Cowboy', 'Connection': 'keep-alive', 'X-Powered-By': 'Express', 'Access-Control-Allow-Origin': '*', 'Content-Type': 'application/json; charset=utf-8', 'Content-Length': '31', 'Etag': 'W/"1f-lFUySNKwX3L5eGEwGcNcUoVKWhE"', 'Date': 'Tue, 14 Dec 2021 02:12:12 GMT', 'Via': '1.1 vegur'} 
 body={"error":"User already exists"} 
 </msg>
<msg timestamp="20211213 23:12:14.454" level="INFO">${response} = &lt;Response [400]&gt;</msg>
<status status="PASS" starttime="20211213 23:12:13.306" endtime="20211213 23:12:14.454"/>
</kw>
<status status="PASS" starttime="20211213 23:12:13.305" endtime="20211213 23:12:14.454"/>
</kw>
<kw name="Factory User Session" library="Users">
<var>${payload}</var>
<arg>login</arg>
<msg timestamp="20211213 23:12:14.455" level="INFO">${payload} = {'email': 'kate@hotmail.com', 'password': 'pwd123'}</msg>
<status status="PASS" starttime="20211213 23:12:14.455" endtime="20211213 23:12:14.455"/>
</kw>
<kw name="POST Session" library="SessionsRoute">
<var>${response}</var>
<arg>${payload}</arg>
<kw name="POST" library="RequestsLibrary">
<var>${response}</var>
<arg>${API_USERS}/sessions</arg>
<arg>json=${payload}</arg>
<arg>expected_status=any</arg>
<doc>Sends a POST request.</doc>
<msg timestamp="20211213 23:12:15.610" level="INFO">POST Request : url=https://getgeeks-users-balbino.herokuapp.com/sessions 
 path_url=/sessions 
 headers={'User-Agent': 'python-requests/2.26.0', 'Accept-Encoding': 'gzip, deflate', 'Accept': '*/*', 'Connection': 'keep-alive', 'Content-Length': '51', 'Content-Type': 'application/json'} 
 body=b'{"email": "kate@hotmail.com", "password": "pwd123"}' 
 </msg>
<msg timestamp="20211213 23:12:15.610" level="INFO">POST Response : url=https://getgeeks-users-balbino.herokuapp.com/sessions 
 status=200, reason=OK 
 headers={'Server': 'Cowboy', 'Connection': 'keep-alive', 'X-Powered-By': 'Express', 'Access-Control-Allow-Origin': '*', 'Content-Type': 'application/json; charset=utf-8', 'Content-Length': '362', 'Etag': 'W/"16a-O5/ThCZpSL3cqWLzX6VrP55s85E"', 'Date': 'Tue, 14 Dec 2021 02:12:13 GMT', 'Via': '1.1 vegur'} 
 body={"user":{"id":703,"email":"kate@hotmail.com","password_hash":"$2b$08$Vz5YaKvXjqLcL5vS.Ol/TOT0CX1rfN2bSxtpoPksSwS.j0AmKDHQm","name":"Kate Bishop","avatar":null,"whatsapp":null,"is_geek":false},"token":"eyJhbGciOiJIUzI1NiIsInR5cCI6IkpXVCJ9.eyJpZCI6NzAzLCJpYXQiOjE2Mzk0NDc5MzMsImV4cCI6MTY0MDMxMTkzM30.EqXn63Us-6IOdX0UTMsQOFXnwrGqZr6NpLrxc_CbjZc","expires_in":"10d"} 
 </msg>
<msg timestamp="20211213 23:12:15.610" level="INFO">${response} = &lt;Response [200]&gt;</msg>
<status status="PASS" starttime="20211213 23:12:14.456" endtime="20211213 23:12:15.610"/>
</kw>
<msg timestamp="20211213 23:12:15.610" level="INFO">${response} = &lt;Response [200]&gt;</msg>
<status status="PASS" starttime="20211213 23:12:14.456" endtime="20211213 23:12:15.610"/>
</kw>
<kw name="Status Should Be" library="RequestsLibrary">
<arg>200</arg>
<arg>${response}</arg>
<doc>Fails if response status code is different than the expected.</doc>
<status status="PASS" starttime="20211213 23:12:15.611" endtime="20211213 23:12:15.611"/>
</kw>
<kw name="Get Length" library="BuiltIn">
<var>${size}</var>
<arg>${response.json()}[token]</arg>
<doc>Returns and logs the length of the given item as an integer.</doc>
<msg timestamp="20211213 23:12:15.612" level="INFO">Length is 140</msg>
<msg timestamp="20211213 23:12:15.612" level="INFO">${size} = 140</msg>
<status status="PASS" starttime="20211213 23:12:15.612" endtime="20211213 23:12:15.612"/>
</kw>
<kw name="Convert To Integer" library="BuiltIn">
<var>${expected_size}</var>
<arg>140</arg>
<doc>Converts the given item to an integer number.</doc>
<msg timestamp="20211213 23:12:15.612" level="INFO">${expected_size} = 140</msg>
<status status="PASS" starttime="20211213 23:12:15.612" endtime="20211213 23:12:15.612"/>
</kw>
<kw name="Should Be Equal" library="BuiltIn">
<arg>${expected_size}</arg>
<arg>${size}</arg>
<doc>Fails if the given objects are unequal.</doc>
<status status="PASS" starttime="20211213 23:12:15.613" endtime="20211213 23:12:15.613"/>
</kw>
<kw name="Should Be Equal" library="BuiltIn">
<arg>10d</arg>
<arg>${response.json()}[expires_in]</arg>
<doc>Fails if the given objects are unequal.</doc>
<status status="PASS" starttime="20211213 23:12:15.613" endtime="20211213 23:12:15.613"/>
</kw>
<status status="PASS" starttime="20211213 23:12:13.305" endtime="20211213 23:12:15.614"/>
</test>
<test id="s1-s2-t2" name="Should Not Get Token">
<kw name="Attempt POST Session">
<arg>${inv_pass}</arg>
<arg>401</arg>
<arg>Unauthorized</arg>
<kw name="POST Session" library="SessionsRoute">
<var>${response}</var>
<arg>${payload}</arg>
<kw name="POST" library="RequestsLibrary">
<var>${response}</var>
<arg>${API_USERS}/sessions</arg>
<arg>json=${payload}</arg>
<arg>expected_status=any</arg>
<doc>Sends a POST request.</doc>
<msg timestamp="20211213 23:12:16.279" level="INFO">POST Request : url=https://getgeeks-users-balbino.herokuapp.com/sessions 
 path_url=/sessions 
 headers={'User-Agent': 'python-requests/2.26.0', 'Accept-Encoding': 'gzip, deflate', 'Accept': '*/*', 'Connection': 'keep-alive', 'Content-Length': '47', 'Content-Type': 'application/json'} 
 body=b'{"email": "kate@msn.com", "password": "abc123"}' 
 </msg>
<msg timestamp="20211213 23:12:16.279" level="INFO">POST Response : url=https://getgeeks-users-balbino.herokuapp.com/sessions 
 status=401, reason=Unauthorized 
 headers={'Server': 'Cowboy', 'Connection': 'keep-alive', 'X-Powered-By': 'Express', 'Access-Control-Allow-Origin': '*', 'Content-Type': 'application/json; charset=utf-8', 'Content-Length': '24', 'Etag': 'W/"18-XPDV80vbMk4yY1/PADG4jYM4rSI"', 'Date': 'Tue, 14 Dec 2021 02:12:14 GMT', 'Via': '1.1 vegur'} 
 body={"error":"Unauthorized"} 
 </msg>
<msg timestamp="20211213 23:12:16.279" level="INFO">${response} = &lt;Response [401]&gt;</msg>
<status status="PASS" starttime="20211213 23:12:15.615" endtime="20211213 23:12:16.279"/>
</kw>
<msg timestamp="20211213 23:12:16.280" level="INFO">${response} = &lt;Response [401]&gt;</msg>
<status status="PASS" starttime="20211213 23:12:15.615" endtime="20211213 23:12:16.280"/>
</kw>
<kw name="Status Should Be" library="RequestsLibrary">
<arg>${status_code}</arg>
<arg>${response}</arg>
<doc>Fails if response status code is different than the expected.</doc>
<status status="PASS" starttime="20211213 23:12:16.280" endtime="20211213 23:12:16.280"/>
</kw>
<kw name="Should Be Equal" library="BuiltIn">
<arg>${error_message}</arg>
<arg>${response.json()}[error]</arg>
<doc>Fails if the given objects are unequal.</doc>
<status status="PASS" starttime="20211213 23:12:16.280" endtime="20211213 23:12:16.280"/>
</kw>
<status status="PASS" starttime="20211213 23:12:15.614" endtime="20211213 23:12:16.281"/>
</kw>
<kw name="Attempt POST Session">
<arg>${inv_email}</arg>
<arg>400</arg>
<arg>Incorrect email</arg>
<kw name="POST Session" library="SessionsRoute">
<var>${response}</var>
<arg>${payload}</arg>
<kw name="POST" library="RequestsLibrary">
<var>${response}</var>
<arg>${API_USERS}/sessions</arg>
<arg>json=${payload}</arg>
<arg>expected_status=any</arg>
<doc>Sends a POST request.</doc>
<msg timestamp="20211213 23:12:16.922" level="INFO">POST Request : url=https://getgeeks-users-balbino.herokuapp.com/sessions 
 path_url=/sessions 
 headers={'User-Agent': 'python-requests/2.26.0', 'Accept-Encoding': 'gzip, deflate', 'Accept': '*/*', 'Connection': 'keep-alive', 'Content-Length': '46', 'Content-Type': 'application/json'} 
 body=b'{"email": "kate.com.br", "password": "abc123"}' 
 </msg>
<msg timestamp="20211213 23:12:16.922" level="INFO">POST Response : url=https://getgeeks-users-balbino.herokuapp.com/sessions 
 status=400, reason=Bad Request 
 headers={'Server': 'Cowboy', 'Connection': 'keep-alive', 'X-Powered-By': 'Express', 'Access-Control-Allow-Origin': '*', 'Content-Type': 'application/json; charset=utf-8', 'Content-Length': '27', 'Etag': 'W/"1b-/TOfJuE8lwSWEXvBl7o6iRstTo0"', 'Date': 'Tue, 14 Dec 2021 02:12:15 GMT', 'Via': '1.1 vegur'} 
 body={"error":"Incorrect email"} 
 </msg>
<msg timestamp="20211213 23:12:16.923" level="INFO">${response} = &lt;Response [400]&gt;</msg>
<status status="PASS" starttime="20211213 23:12:16.282" endtime="20211213 23:12:16.923"/>
</kw>
<msg timestamp="20211213 23:12:16.923" level="INFO">${response} = &lt;Response [400]&gt;</msg>
<status status="PASS" starttime="20211213 23:12:16.281" endtime="20211213 23:12:16.923"/>
</kw>
<kw name="Status Should Be" library="RequestsLibrary">
<arg>${status_code}</arg>
<arg>${response}</arg>
<doc>Fails if response status code is different than the expected.</doc>
<status status="PASS" starttime="20211213 23:12:16.923" endtime="20211213 23:12:16.923"/>
</kw>
<kw name="Should Be Equal" library="BuiltIn">
<arg>${error_message}</arg>
<arg>${response.json()}[error]</arg>
<doc>Fails if the given objects are unequal.</doc>
<status status="PASS" starttime="20211213 23:12:16.923" endtime="20211213 23:12:16.924"/>
</kw>
<status status="PASS" starttime="20211213 23:12:16.281" endtime="20211213 23:12:16.924"/>
</kw>
<kw name="Attempt POST Session">
<arg>${email_404}</arg>
<arg>401</arg>
<arg>Unauthorized</arg>
<kw name="POST Session" library="SessionsRoute">
<var>${response}</var>
<arg>${payload}</arg>
<kw name="POST" library="RequestsLibrary">
<var>${response}</var>
<arg>${API_USERS}/sessions</arg>
<arg>json=${payload}</arg>
<arg>expected_status=any</arg>
<doc>Sends a POST request.</doc>
<msg timestamp="20211213 23:12:18.061" level="INFO">POST Request : url=https://getgeeks-users-balbino.herokuapp.com/sessions 
 path_url=/sessions 
 headers={'User-Agent': 'python-requests/2.26.0', 'Accept-Encoding': 'gzip, deflate', 'Accept': '*/*', 'Connection': 'keep-alive', 'Content-Length': '47', 'Content-Type': 'application/json'} 
 body=b'{"email": "kate@404.com", "password": "abc123"}' 
 </msg>
<msg timestamp="20211213 23:12:18.061" level="INFO">POST Response : url=https://getgeeks-users-balbino.herokuapp.com/sessions 
 status=401, reason=Unauthorized 
 headers={'Server': 'Cowboy', 'Connection': 'keep-alive', 'X-Powered-By': 'Express', 'Access-Control-Allow-Origin': '*', 'Content-Type': 'application/json; charset=utf-8', 'Content-Length': '24', 'Etag': 'W/"18-XPDV80vbMk4yY1/PADG4jYM4rSI"', 'Date': 'Tue, 14 Dec 2021 02:12:16 GMT', 'Via': '1.1 vegur'} 
 body={"error":"Unauthorized"} 
 </msg>
<msg timestamp="20211213 23:12:18.061" level="INFO">${response} = &lt;Response [401]&gt;</msg>
<status status="PASS" starttime="20211213 23:12:16.924" endtime="20211213 23:12:18.061"/>
</kw>
<msg timestamp="20211213 23:12:18.061" level="INFO">${response} = &lt;Response [401]&gt;</msg>
<status status="PASS" starttime="20211213 23:12:16.924" endtime="20211213 23:12:18.061"/>
</kw>
<kw name="Status Should Be" library="RequestsLibrary">
<arg>${status_code}</arg>
<arg>${response}</arg>
<doc>Fails if response status code is different than the expected.</doc>
<status status="PASS" starttime="20211213 23:12:18.061" endtime="20211213 23:12:18.061"/>
</kw>
<kw name="Should Be Equal" library="BuiltIn">
<arg>${error_message}</arg>
<arg>${response.json()}[error]</arg>
<doc>Fails if the given objects are unequal.</doc>
<status status="PASS" starttime="20211213 23:12:18.061" endtime="20211213 23:12:18.062"/>
</kw>
<status status="PASS" starttime="20211213 23:12:16.924" endtime="20211213 23:12:18.062"/>
</kw>
<kw name="Attempt POST Session">
<arg>${empty_email}</arg>
<arg>400</arg>
<arg>Required email</arg>
<kw name="POST Session" library="SessionsRoute">
<var>${response}</var>
<arg>${payload}</arg>
<kw name="POST" library="RequestsLibrary">
<var>${response}</var>
<arg>${API_USERS}/sessions</arg>
<arg>json=${payload}</arg>
<arg>expected_status=any</arg>
<doc>Sends a POST request.</doc>
<msg timestamp="20211213 23:12:18.731" level="INFO">POST Request : url=https://getgeeks-users-balbino.herokuapp.com/sessions 
 path_url=/sessions 
 headers={'User-Agent': 'python-requests/2.26.0', 'Accept-Encoding': 'gzip, deflate', 'Accept': '*/*', 'Connection': 'keep-alive', 'Content-Length': '35', 'Content-Type': 'application/json'} 
 body=b'{"email": "", "password": "abc123"}' 
 </msg>
<msg timestamp="20211213 23:12:18.732" level="INFO">POST Response : url=https://getgeeks-users-balbino.herokuapp.com/sessions 
 status=400, reason=Bad Request 
 headers={'Server': 'Cowboy', 'Connection': 'keep-alive', 'X-Powered-By': 'Express', 'Access-Control-Allow-Origin': '*', 'Content-Type': 'application/json; charset=utf-8', 'Content-Length': '26', 'Etag': 'W/"1a-ztWLEO5pP/4DOQYYgf8vh7rMmRI"', 'Date': 'Tue, 14 Dec 2021 02:12:16 GMT', 'Via': '1.1 vegur'} 
 body={"error":"Required email"} 
 </msg>
<msg timestamp="20211213 23:12:18.732" level="INFO">${response} = &lt;Response [400]&gt;</msg>
<status status="PASS" starttime="20211213 23:12:18.063" endtime="20211213 23:12:18.732"/>
</kw>
<msg timestamp="20211213 23:12:18.732" level="INFO">${response} = &lt;Response [400]&gt;</msg>
<status status="PASS" starttime="20211213 23:12:18.063" endtime="20211213 23:12:18.732"/>
</kw>
<kw name="Status Should Be" library="RequestsLibrary">
<arg>${status_code}</arg>
<arg>${response}</arg>
<doc>Fails if response status code is different than the expected.</doc>
<status status="PASS" starttime="20211213 23:12:18.732" endtime="20211213 23:12:18.732"/>
</kw>
<kw name="Should Be Equal" library="BuiltIn">
<arg>${error_message}</arg>
<arg>${response.json()}[error]</arg>
<doc>Fails if the given objects are unequal.</doc>
<status status="PASS" starttime="20211213 23:12:18.732" endtime="20211213 23:12:18.733"/>
</kw>
<status status="PASS" starttime="20211213 23:12:18.063" endtime="20211213 23:12:18.733"/>
</kw>
<kw name="Attempt POST Session">
<arg>${wo_email}</arg>
<arg>400</arg>
<arg>Required email</arg>
<kw name="POST Session" library="SessionsRoute">
<var>${response}</var>
<arg>${payload}</arg>
<kw name="POST" library="RequestsLibrary">
<var>${response}</var>
<arg>${API_USERS}/sessions</arg>
<arg>json=${payload}</arg>
<arg>expected_status=any</arg>
<doc>Sends a POST request.</doc>
<msg timestamp="20211213 23:12:19.368" level="INFO">POST Request : url=https://getgeeks-users-balbino.herokuapp.com/sessions 
 path_url=/sessions 
 headers={'User-Agent': 'python-requests/2.26.0', 'Accept-Encoding': 'gzip, deflate', 'Accept': '*/*', 'Connection': 'keep-alive', 'Content-Length': '22', 'Content-Type': 'application/json'} 
 body=b'{"password": "abc123"}' 
 </msg>
<msg timestamp="20211213 23:12:19.368" level="INFO">POST Response : url=https://getgeeks-users-balbino.herokuapp.com/sessions 
 status=400, reason=Bad Request 
 headers={'Server': 'Cowboy', 'Connection': 'keep-alive', 'X-Powered-By': 'Express', 'Access-Control-Allow-Origin': '*', 'Content-Type': 'application/json; charset=utf-8', 'Content-Length': '26', 'Etag': 'W/"1a-ztWLEO5pP/4DOQYYgf8vh7rMmRI"', 'Date': 'Tue, 14 Dec 2021 02:12:17 GMT', 'Via': '1.1 vegur'} 
 body={"error":"Required email"} 
 </msg>
<msg timestamp="20211213 23:12:19.368" level="INFO">${response} = &lt;Response [400]&gt;</msg>
<status status="PASS" starttime="20211213 23:12:18.734" endtime="20211213 23:12:19.368"/>
</kw>
<msg timestamp="20211213 23:12:19.369" level="INFO">${response} = &lt;Response [400]&gt;</msg>
<status status="PASS" starttime="20211213 23:12:18.733" endtime="20211213 23:12:19.369"/>
</kw>
<kw name="Status Should Be" library="RequestsLibrary">
<arg>${status_code}</arg>
<arg>${response}</arg>
<doc>Fails if response status code is different than the expected.</doc>
<status status="PASS" starttime="20211213 23:12:19.369" endtime="20211213 23:12:19.370"/>
</kw>
<kw name="Should Be Equal" library="BuiltIn">
<arg>${error_message}</arg>
<arg>${response.json()}[error]</arg>
<doc>Fails if the given objects are unequal.</doc>
<status status="PASS" starttime="20211213 23:12:19.370" endtime="20211213 23:12:19.371"/>
</kw>
<status status="PASS" starttime="20211213 23:12:18.733" endtime="20211213 23:12:19.371"/>
</kw>
<kw name="Attempt POST Session">
<arg>${empty_pass}</arg>
<arg>400</arg>
<arg>Required pass</arg>
<kw name="POST Session" library="SessionsRoute">
<var>${response}</var>
<arg>${payload}</arg>
<kw name="POST" library="RequestsLibrary">
<var>${response}</var>
<arg>${API_USERS}/sessions</arg>
<arg>json=${payload}</arg>
<arg>expected_status=any</arg>
<doc>Sends a POST request.</doc>
<msg timestamp="20211213 23:12:20.008" level="INFO">POST Request : url=https://getgeeks-users-balbino.herokuapp.com/sessions 
 path_url=/sessions 
 headers={'User-Agent': 'python-requests/2.26.0', 'Accept-Encoding': 'gzip, deflate', 'Accept': '*/*', 'Connection': 'keep-alive', 'Content-Length': '41', 'Content-Type': 'application/json'} 
 body=b'{"email": "kate@msn.com", "password": ""}' 
 </msg>
<msg timestamp="20211213 23:12:20.008" level="INFO">POST Response : url=https://getgeeks-users-balbino.herokuapp.com/sessions 
 status=400, reason=Bad Request 
[...]
 body={"user":{"id":749,"email":"ross@gmail.com","password_hash":"$2b$08$KV7v8TsPgu7Xv/mDB2wFgeroo.AR6YGfbX7EnVpR3mVSTt55y.o22","name":"Thaddeus Ross","avatar":null,"whatsapp":null,"is_geek":false},"token":"eyJhbGciOiJIUzI1NiIsInR5cCI6IkpXVCJ9.eyJpZCI6NzQ5LCJpYXQiOjE2Mzk0NDc5NDUsImV4cCI6MTY0MDMxMTk0NX0.G-4Pg0BrXDcknrCTSjCKqj-5QcNCPIdy-zC5WtzLajU","expires_in":"10d"} 
 </msg>
<msg timestamp="20211213 23:12:27.186" level="INFO">${response} = &lt;Response [200]&gt;</msg>
<status status="PASS" starttime="20211213 23:12:26.527" endtime="20211213 23:12:27.186"/>
</kw>
<msg timestamp="20211213 23:12:27.186" level="INFO">${response} = &lt;Response [200]&gt;</msg>
<status status="PASS" starttime="20211213 23:12:26.526" endtime="20211213 23:12:27.186"/>
</kw>
<kw name="Set Variable" library="BuiltIn">
<var>${result}</var>
<arg>${EMPTY}</arg>
<doc>Returns the given values which can then be assigned to a variables.</doc>
<msg timestamp="20211213 23:12:27.187" level="INFO">${result} = </msg>
<status status="PASS" starttime="20211213 23:12:27.186" endtime="20211213 23:12:27.187"/>
</kw>
<if>
<branch type="IF" condition="&quot;200&quot; in &quot;${response}&quot;">
<kw name="Set Variable" library="BuiltIn">
<var>${result}</var>
<arg>Bearer ${response.json()}[token]</arg>
<doc>Returns the given values which can then be assigned to a variables.</doc>
<msg timestamp="20211213 23:12:27.188" level="INFO">${result} = Bearer eyJhbGciOiJIUzI1NiIsInR5cCI6IkpXVCJ9.eyJpZCI6NzQ5LCJpYXQiOjE2Mzk0NDc5NDUsImV4cCI6MTY0MDMxMTk0NX0.G-4Pg0BrXDcknrCTSjCKqj-5QcNCPIdy-zC5WtzLajU</msg>
<status status="PASS" starttime="20211213 23:12:27.187" endtime="20211213 23:12:27.188"/>
</kw>
<status status="PASS" starttime="20211213 23:12:27.187" endtime="20211213 23:12:27.188"/>
</branch>
<status status="PASS" starttime="20211213 23:12:27.187" endtime="20211213 23:12:27.188"/>
</if>
<msg timestamp="20211213 23:12:27.188" level="INFO">${token} = Bearer eyJhbGciOiJIUzI1NiIsInR5cCI6IkpXVCJ9.eyJpZCI6NzQ5LCJpYXQiOjE2Mzk0NDc5NDUsImV4cCI6MTY0MDMxMTk0NX0.G-4Pg0BrXDcknrCTSjCKqj-5QcNCPIdy-zC5WtzLajU</msg>
<status status="PASS" starttime="20211213 23:12:26.525" endtime="20211213 23:12:27.188"/>
</kw>
<kw name="DELETE User" library="UsersRoute">
<var>${response}</var>
<arg>${token}</arg>
<kw name="Create Dictionary" library="BuiltIn">
<var>${headers}</var>
<arg>Authorization=${token}</arg>
<doc>Creates and returns a dictionary based on the given ``items``.</doc>
<msg timestamp="20211213 23:12:27.189" level="INFO">${headers} = {'Authorization': 'Bearer eyJhbGciOiJIUzI1NiIsInR5cCI6IkpXVCJ9.eyJpZCI6NzQ5LCJpYXQiOjE2Mzk0NDc5NDUsImV4cCI6MTY0MDMxMTk0NX0.G-4Pg0BrXDcknrCTSjCKqj-5QcNCPIdy-zC5WtzLajU'}</msg>
<status status="PASS" starttime="20211213 23:12:27.189" endtime="20211213 23:12:27.189"/>
</kw>
<kw name="DELETE" library="RequestsLibrary">
<var>${response}</var>
<arg>${API_USERS}/users</arg>
<arg>headers=${headers}</arg>
<arg>expected_status=any</arg>
<doc>Sends a DELETE request.</doc>
<msg timestamp="20211213 23:12:27.831" level="INFO">DELETE Request : url=https://getgeeks-users-balbino.herokuapp.com/users 
 path_url=/users 
 headers={'User-Agent': 'python-requests/2.26.0', 'Accept-Encoding': 'gzip, deflate', 'Accept': '*/*', 'Connection': 'keep-alive', 'Authorization': 'Bearer eyJhbGciOiJIUzI1NiIsInR5cCI6IkpXVCJ9.eyJpZCI6NzQ5LCJpYXQiOjE2Mzk0NDc5NDUsImV4cCI6MTY0MDMxMTk0NX0.G-4Pg0BrXDcknrCTSjCKqj-5QcNCPIdy-zC5WtzLajU', 'Content-Length': '0'} 
 body=None 
 </msg>
<msg timestamp="20211213 23:12:27.832" level="INFO">DELETE Response : url=https://getgeeks-users-balbino.herokuapp.com/users 
 status=204, reason=No Content 
 headers={'Server': 'Cowboy', 'Content-Length': '0', 'Connection': 'keep-alive', 'X-Powered-By': 'Express', 'Access-Control-Allow-Origin': '*', 'Date': 'Tue, 14 Dec 2021 02:12:25 GMT', 'Via': '1.1 vegur'} 
 body=None 
 </msg>
<msg timestamp="20211213 23:12:27.832" level="INFO">${response} = &lt;Response [204]&gt;</msg>
<status status="PASS" starttime="20211213 23:12:27.189" endtime="20211213 23:12:27.832"/>
</kw>
<msg timestamp="20211213 23:12:27.832" level="INFO">${response} = &lt;Response [204]&gt;</msg>
<status status="PASS" starttime="20211213 23:12:27.189" endtime="20211213 23:12:27.832"/>
</kw>
<kw name="Status Should Be" library="RequestsLibrary">
<arg>204</arg>
<arg>${response}</arg>
<doc>Fails if response status code is different than the expected.</doc>
<status status="PASS" starttime="20211213 23:12:27.834" endtime="20211213 23:12:27.834"/>
</kw>
<kw name="GET User" library="UsersRoute">
<var>${response}</var>
<arg>${token}</arg>
<kw name="Create Dictionary" library="BuiltIn">
<var>${headers}</var>
<arg>Authorization=${token}</arg>
<doc>Creates and returns a dictionary based on the given ``items``.</doc>
<msg timestamp="20211213 23:12:27.835" level="INFO">${headers} = {'Authorization': 'Bearer eyJhbGciOiJIUzI1NiIsInR5cCI6IkpXVCJ9.eyJpZCI6NzQ5LCJpYXQiOjE2Mzk0NDc5NDUsImV4cCI6MTY0MDMxMTk0NX0.G-4Pg0BrXDcknrCTSjCKqj-5QcNCPIdy-zC5WtzLajU'}</msg>
<status status="PASS" starttime="20211213 23:12:27.835" endtime="20211213 23:12:27.835"/>
</kw>
<kw name="GET" library="RequestsLibrary">
<var>${response}</var>
<arg>${API_USERS}/users</arg>
<arg>headers=${headers}</arg>
<arg>expected_status=any</arg>
<doc>Sends a GET request.</doc>
<msg timestamp="20211213 23:12:28.478" level="INFO">GET Request : url=https://getgeeks-users-balbino.herokuapp.com/users 
 path_url=/users 
 headers={'User-Agent': 'python-requests/2.26.0', 'Accept-Encoding': 'gzip, deflate', 'Accept': '*/*', 'Connection': 'keep-alive', 'Authorization': 'Bearer eyJhbGciOiJIUzI1NiIsInR5cCI6IkpXVCJ9.eyJpZCI6NzQ5LCJpYXQiOjE2Mzk0NDc5NDUsImV4cCI6MTY0MDMxMTk0NX0.G-4Pg0BrXDcknrCTSjCKqj-5QcNCPIdy-zC5WtzLajU'} 
 body=None 
 </msg>
<msg timestamp="20211213 23:12:28.478" level="INFO">GET Response : url=https://getgeeks-users-balbino.herokuapp.com/users 
 status=404, reason=Not Found 
 headers={'Server': 'Cowboy', 'Connection': 'keep-alive', 'X-Powered-By': 'Express', 'Access-Control-Allow-Origin': '*', 'Date': 'Tue, 14 Dec 2021 02:12:26 GMT', 'Content-Length': '0', 'Via': '1.1 vegur'} 
 body=None 
 </msg>
<msg timestamp="20211213 23:12:28.478" level="INFO">${response} = &lt;Response [404]&gt;</msg>
<status status="PASS" starttime="20211213 23:12:27.835" endtime="20211213 23:12:28.478"/>
</kw>
<msg timestamp="20211213 23:12:28.478" level="INFO">${response} = &lt;Response [404]&gt;</msg>
<status status="PASS" starttime="20211213 23:12:27.835" endtime="20211213 23:12:28.478"/>
</kw>
<kw name="Status Should Be" library="RequestsLibrary">
<arg>404</arg>
<arg>${response}</arg>
<doc>Fails if response status code is different than the expected.</doc>
<status status="PASS" starttime="20211213 23:12:28.479" endtime="20211213 23:12:28.480"/>
</kw>
<status status="PASS" starttime="20211213 23:12:25.867" endtime="20211213 23:12:28.480"/>
</test>
<test id="s1-s3-t4" name="Update a user">
<kw name="Factory Update User" library="Users">
<var>${user}</var>
<msg timestamp="20211213 23:12:28.481" level="INFO">${user} = {'before': {'name': 'Rafael Melo', 'email': 'rafael@yahoo.com.br', 'password': 'pwd123'}, 'after': {'name': 'Rafael Balbino', 'email': 'rafael@yahoo.com.br', 'whatsapp': '11999999998', 'avatar': ''}}</msg>
<status status="PASS" starttime="20211213 23:12:28.481" endtime="20211213 23:12:28.481"/>
</kw>
<kw name="POST User" library="UsersRoute">
<arg>${user}[before]</arg>
<kw name="POST" library="RequestsLibrary">
<var>${response}</var>
<arg>${API_USERS}/users</arg>
<arg>json=${payload}</arg>
<arg>expected_status=any</arg>
<doc>Sends a POST request.</doc>
<msg timestamp="20211213 23:12:29.124" level="INFO">POST Request : url=https://getgeeks-users-balbino.herokuapp.com/users 
 path_url=/users 
 headers={'User-Agent': 'python-requests/2.26.0', 'Accept-Encoding': 'gzip, deflate', 'Accept': '*/*', 'Connection': 'keep-alive', 'Content-Length': '77', 'Content-Type': 'application/json'} 
 body=b'{"name": "Rafael Melo", "email": "rafael@yahoo.com.br", "password": "pwd123"}' 
 </msg>
<msg timestamp="20211213 23:12:29.124" level="INFO">POST Response : url=https://getgeeks-users-balbino.herokuapp.com/users 
 status=400, reason=Bad Request 
 headers={'Server': 'Cowboy', 'Connection': 'keep-alive', 'X-Powered-By': 'Express', 'Access-Control-Allow-Origin': '*', 'Content-Type': 'application/json; charset=utf-8', 'Content-Length': '31', 'Etag': 'W/"1f-lFUySNKwX3L5eGEwGcNcUoVKWhE"', 'Date': 'Tue, 14 Dec 2021 02:12:27 GMT', 'Via': '1.1 vegur'} 
 body={"error":"User already exists"} 
 </msg>
<msg timestamp="20211213 23:12:29.125" level="INFO">${response} = &lt;Response [400]&gt;</msg>
<status status="PASS" starttime="20211213 23:12:28.481" endtime="20211213 23:12:29.125"/>
</kw>
<status status="PASS" starttime="20211213 23:12:28.481" endtime="20211213 23:12:29.125"/>
</kw>
<kw name="Get Token" library="helpers">
<var>${token}</var>
<arg>${user}[before]</arg>
<kw name="Create Dictionary" library="BuiltIn">
<var>${payload}</var>
<arg>email=${user}[email]</arg>
<arg>password=${user}[password]</arg>
<doc>Creates and returns a dictionary based on the given ``items``.</doc>
<msg timestamp="20211213 23:12:29.128" level="INFO">${payload} = {'email': 'rafael@yahoo.com.br', 'password': 'pwd123'}</msg>
<status status="PASS" starttime="20211213 23:12:29.127" endtime="20211213 23:12:29.128"/>
</kw>
<kw name="POST Session" library="SessionsRoute">
<var>${response}</var>
<arg>${payload}</arg>
<kw name="POST" library="RequestsLibrary">
<var>${response}</var>
<arg>${API_USERS}/sessions</arg>
<arg>json=${payload}</arg>
<arg>expected_status=any</arg>
<doc>Sends a POST request.</doc>
<msg timestamp="20211213 23:12:29.789" level="INFO">POST Request : url=https://getgeeks-users-balbino.herokuapp.com/sessions 
 path_url=/sessions 
 headers={'User-Agent': 'python-requests/2.26.0', 'Accept-Encoding': 'gzip, deflate', 'Accept': '*/*', 'Connection': 'keep-alive', 'Content-Length': '54', 'Content-Type': 'application/json'} 
 body=b'{"email": "rafael@yahoo.com.br", "password": "pwd123"}' 
 </msg>
<msg timestamp="20211213 23:12:29.789" level="INFO">POST Response : url=https://getgeeks-users-balbino.herokuapp.com/sessions 
 status=200, reason=OK 
 headers={'Server': 'Cowboy', 'Connection': 'keep-alive', 'X-Powered-By': 'Express', 'Access-Control-Allow-Origin': '*', 'Content-Type': 'application/json; charset=utf-8', 'Content-Length': '375', 'Etag': 'W/"177-Meesc/1LAHKi6QRox46lhvRqCwI"', 'Date': 'Tue, 14 Dec 2021 02:12:27 GMT', 'Via': '1.1 vegur'} 
 body={"user":{"id":721,"email":"rafael@yahoo.com.br","password_hash":"$2b$08$T0RqFJrMwF78fG1DnPEJg.k4B.mEIrZfKBo8pNQLqdBd5ApaG23.2","name":"Rafael Balbino","avatar":"","whatsapp":"11999999998","is_geek":false},"token":"eyJhbGciOiJIUzI1NiIsInR5cCI6IkpXVCJ9.eyJpZCI6NzIxLCJpYXQiOjE2Mzk0NDc5NDcsImV4cCI6MTY0MDMxMTk0N30.S1fbVlH2xuyZEaBxmNGPSgH9z1qYBQaJECZsyDj7lJM","expires_in":"10d"} 
 </msg>
<msg timestamp="20211213 23:12:29.790" level="INFO">${response} = &lt;Response [200]&gt;</msg>
<status status="PASS" starttime="20211213 23:12:29.129" endtime="20211213 23:12:29.790"/>
</kw>
<msg timestamp="20211213 23:12:29.790" level="INFO">${response} = &lt;Response [200]&gt;</msg>
<status status="PASS" starttime="20211213 23:12:29.129" endtime="20211213 23:12:29.790"/>
</kw>
<kw name="Set Variable" library="BuiltIn">
<var>${result}</var>
<arg>${EMPTY}</arg>
<doc>Returns the given values which can then be assigned to a variables.</doc>
<msg timestamp="20211213 23:12:29.792" level="INFO">${result} = </msg>
<status status="PASS" starttime="20211213 23:12:29.791" endtime="20211213 23:12:29.792"/>
</kw>
<if>
<branch type="IF" condition="&quot;200&quot; in &quot;${response}&quot;">
<kw name="Set Variable" library="BuiltIn">
<var>${result}</var>
<arg>Bearer ${response.json()}[token]</arg>
<doc>Returns the given values which can then be assigned to a variables.</doc>
<msg timestamp="20211213 23:12:29.792" level="INFO">${result} = Bearer eyJhbGciOiJIUzI1NiIsInR5cCI6IkpXVCJ9.eyJpZCI6NzIxLCJpYXQiOjE2Mzk0NDc5NDcsImV4cCI6MTY0MDMxMTk0N30.S1fbVlH2xuyZEaBxmNGPSgH9z1qYBQaJECZsyDj7lJM</msg>
<status status="PASS" starttime="20211213 23:12:29.792" endtime="20211213 23:12:29.792"/>
</kw>
<status status="PASS" starttime="20211213 23:12:29.792" endtime="20211213 23:12:29.792"/>
</branch>
<status status="PASS" starttime="20211213 23:12:29.792" endtime="20211213 23:12:29.792"/>
</if>
<msg timestamp="20211213 23:12:29.793" level="INFO">${token} = Bearer eyJhbGciOiJIUzI1NiIsInR5cCI6IkpXVCJ9.eyJpZCI6NzIxLCJpYXQiOjE2Mzk0NDc5NDcsImV4cCI6MTY0MDMxMTk0N30.S1fbVlH2xuyZEaBxmNGPSgH9z1qYBQaJECZsyDj7lJM</msg>
<status status="PASS" starttime="20211213 23:12:29.127" endtime="20211213 23:12:29.793"/>
</kw>
<kw name="PUT User" library="UsersRoute">
<var>${response}</var>
<arg>${token}</arg>
<arg>${user}[after]</arg>
<kw name="Create Dictionary" library="BuiltIn">
<var>${headers}</var>
<arg>Authorization=${token}</arg>
<doc>Creates and returns a dictionary based on the given ``items``.</doc>
<msg timestamp="20211213 23:12:29.794" level="INFO">${headers} = {'Authorization': 'Bearer eyJhbGciOiJIUzI1NiIsInR5cCI6IkpXVCJ9.eyJpZCI6NzIxLCJpYXQiOjE2Mzk0NDc5NDcsImV4cCI6MTY0MDMxMTk0N30.S1fbVlH2xuyZEaBxmNGPSgH9z1qYBQaJECZsyDj7lJM'}</msg>
<status status="PASS" starttime="20211213 23:12:29.794" endtime="20211213 23:12:29.794"/>
</kw>
<kw name="PUT" library="RequestsLibrary">
<var>${response}</var>
<arg>${API_USERS}/users</arg>
<arg>json=${payload}</arg>
<arg>headers=${headers}</arg>
<arg>expected_status=any</arg>
<doc>Sends a PUT request.</doc>
<msg timestamp="20211213 23:12:30.452" level="INFO">PUT Request : url=https://getgeeks-users-balbino.herokuapp.com/users 
 path_url=/users 
 headers={'User-Agent': 'python-requests/2.26.0', 'Accept-Encoding': 'gzip, deflate', 'Accept': '*/*', 'Connection': 'keep-alive', 'Authorization': 'Bearer eyJhbGciOiJIUzI1NiIsInR5cCI6IkpXVCJ9.eyJpZCI6NzIxLCJpYXQiOjE2Mzk0NDc5NDcsImV4cCI6MTY0MDMxMTk0N30.S1fbVlH2xuyZEaBxmNGPSgH9z1qYBQaJECZsyDj7lJM', 'Content-Length': '99', 'Content-Type': 'application/json'} 
 body=b'{"name": "Rafael Balbino", "email": "rafael@yahoo.com.br", "whatsapp": "11999999998", "avatar": ""}' 
 </msg>
<msg timestamp="20211213 23:12:30.452" level="INFO">PUT Response : url=https://getgeeks-users-balbino.herokuapp.com/users 
 status=200, reason=OK 
 headers={'Server': 'Cowboy', 'Connection': 'keep-alive', 'X-Powered-By': 'Express', 'Access-Control-Allow-Origin': '*', 'Date': 'Tue, 14 Dec 2021 02:12:28 GMT', 'Content-Length': '0', 'Via': '1.1 vegur'} 
 body=None 
 </msg>
<msg timestamp="20211213 23:12:30.453" level="INFO">${response} = &lt;Response [200]&gt;</msg>
<status status="PASS" starttime="20211213 23:12:29.794" endtime="20211213 23:12:30.453"/>
</kw>
<msg timestamp="20211213 23:12:30.453" level="INFO">${response} = &lt;Response [200]&gt;</msg>
<status status="PASS" starttime="20211213 23:12:29.794" endtime="20211213 23:12:30.453"/>
</kw>
<kw name="Status Should Be" library="RequestsLibrary">
<arg>200</arg>
<arg>${response}</arg>
<doc>Fails if response status code is different than the expected.</doc>
<status status="PASS" starttime="20211213 23:12:30.455" endtime="20211213 23:12:30.456"/>
</kw>
<kw name="GET User" library="UsersRoute">
<var>${response}</var>
<arg>${token}</arg>
<kw name="Create Dictionary" library="BuiltIn">
<var>${headers}</var>
<arg>Authorization=${token}</arg>
<doc>Creates and returns a dictionary based on the given ``items``.</doc>
<msg timestamp="20211213 23:12:30.456" level="INFO">${headers} = {'Authorization': 'Bearer eyJhbGciOiJIUzI1NiIsInR5cCI6IkpXVCJ9.eyJpZCI6NzIxLCJpYXQiOjE2Mzk0NDc5NDcsImV4cCI6MTY0MDMxMTk0N30.S1fbVlH2xuyZEaBxmNGPSgH9z1qYBQaJECZsyDj7lJM'}</msg>
<status status="PASS" starttime="20211213 23:12:30.456" endtime="20211213 23:12:30.456"/>
</kw>
<kw name="GET" library="RequestsLibrary">
<var>${response}</var>
<arg>${API_USERS}/users</arg>
<arg>headers=${headers}</arg>
<arg>expected_status=any</arg>
<doc>Sends a GET request.</doc>
<msg timestamp="20211213 23:12:31.617" level="INFO">GET Request : url=https://getgeeks-users-balbino.herokuapp.com/users 
 path_url=/users 
 headers={'User-Agent': 'python-requests/2.26.0', 'Accept-Encoding': 'gzip, deflate', 'Accept': '*/*', 'Connection': 'keep-alive', 'Authorization': 'Bearer eyJhbGciOiJIUzI1NiIsInR5cCI6IkpXVCJ9.eyJpZCI6NzIxLCJpYXQiOjE2Mzk0NDc5NDcsImV4cCI6MTY0MDMxMTk0N30.S1fbVlH2xuyZEaBxmNGPSgH9z1qYBQaJECZsyDj7lJM'} 
 body=None 
 </msg>
<msg timestamp="20211213 23:12:31.617" level="INFO">GET Response : url=https://getgeeks-users-balbino.herokuapp.com/users 
 status=200, reason=OK 
 headers={'Server': 'Cowboy', 'Connection': 'keep-alive', 'X-Powered-By': 'Express', 'Access-Control-Allow-Origin': '*', 'Content-Type': 'application/json; charset=utf-8', 'Content-Length': '196', 'Etag': 'W/"c4-djgTOJ+ptE3rAsqZIor48lH3YJI"', 'Date': 'Tue, 14 Dec 2021 02:12:29 GMT', 'Via': '1.1 vegur'} 
 body={"id":721,"email":"rafael@yahoo.com.br","password_hash":"$2b$08$T0RqFJrMwF78fG1DnPEJg.k4B.mEIrZfKBo8pNQLqdBd5ApaG23.2","name":"Rafael Balbino","avatar":"","whatsapp":"11999999998","is_geek":false} 
 </msg>
<msg timestamp="20211213 23:12:31.617" level="INFO">${response} = &lt;Response [200]&gt;</msg>
<status status="PASS" starttime="20211213 23:12:30.456" endtime="20211213 23:12:31.617"/>
</kw>
<msg timestamp="20211213 23:12:31.617" level="INFO">${response} = &lt;Response [200]&gt;</msg>
<status status="PASS" starttime="20211213 23:12:30.456" endtime="20211213 23:12:31.617"/>
</kw>
<kw name="Should Be Equal As Strings" library="BuiltIn">
<arg>${user}[after][name]</arg>
<arg>${response.json()}[name]</arg>
<doc>Fails if objects are unequal after converting them to strings.</doc>
<status status="PASS" starttime="20211213 23:12:31.618" endtime="20211213 23:12:31.619"/>
</kw>
<kw name="Should Be Equal As Strings" library="BuiltIn">
<arg>${user}[after][email]</arg>
<arg>${response.json()}[email]</arg>
<doc>Fails if objects are unequal after converting them to strings.</doc>
<status status="PASS" starttime="20211213 23:12:31.619" endtime="20211213 23:12:31.619"/>
</kw>
<kw name="Should Be Equal As Strings" library="BuiltIn">
<arg>${user}[after][whatsapp]</arg>
<arg>${response.json()}[whatsapp]</arg>
<doc>Fails if objects are unequal after converting them to strings.</doc>
<status status="PASS" starttime="20211213 23:12:31.619" endtime="20211213 23:12:31.620"/>
</kw>
<kw name="Should Be Equal As Strings" library="BuiltIn">
<arg>${user}[after][avatar]</arg>
<arg>${response.json()}[avatar]</arg>
<doc>Fails if objects are unequal after converting them to strings.</doc>
<status status="PASS" starttime="20211213 23:12:31.620" endtime="20211213 23:12:31.620"/>
</kw>
<kw name="Should Be Equal As Strings" library="BuiltIn">
<arg>False</arg>
<arg>${response.json()}[is_geek]</arg>
<doc>Fails if objects are unequal after converting them to strings.</doc>
<msg timestamp="20211213 23:12:31.621" level="INFO">Argument types are:
&lt;type 'unicode'&gt;
&lt;class 'bool'&gt;</msg>
<status status="PASS" starttime="20211213 23:12:31.620" endtime="20211213 23:12:31.621"/>
</kw>
<status status="PASS" starttime="20211213 23:12:28.481" endtime="20211213 23:12:31.621"/>
</test>
<doc>Users route test suite</doc>
<status status="PASS" starttime="20211213 23:12:21.151" endtime="20211213 23:12:31.622"/>
</suite>
<status status="PASS" starttime="20211213 23:11:59.877" endtime="20211213 23:12:31.623"/>
</suite>
<statistics>
<total>
<stat pass="8" fail="0" skip="0">All Tests</stat>
</total>
<tag>
</tag>
<suite>
<stat pass="8" fail="0" skip="0" id="s1" name="Tests">Tests</stat>
<stat pass="2" fail="0" skip="0" id="s1-s1" name="Geeks">Tests.Geeks</stat>
<stat pass="2" fail="0" skip="0" id="s1-s2" name="Sessions">Tests.Sessions</stat>
<stat pass="4" fail="0" skip="0" id="s1-s3" name="Users">Tests.Users</stat>
</suite>
</statistics>
<errors>
</errors>
</robot>
