<?xml version="1.0" encoding="UTF-8"?>
<robot generator="Robot 4.1.2 (Python 3.10.0 on win32)" generated="20211210 00:07:46.169" rpa="false" schemaversion="2">
<suite id="s1" name="Users" source="C:\GravidadeZERO\getgeeks\project\backend\users\tests\users.robot">
<test id="s1-t1" name="Add new user">
<kw name="Factory New User" library="Users">
<var>${user}</var>
<msg timestamp="20211210 00:07:46.269" level="INFO">${user} = {'name': 'Clint Barton', 'email': 'barton@shield.com', 'password': 'pwd123'}</msg>
<status status="PASS" starttime="20211210 00:07:46.269" endtime="20211210 00:07:46.269"/>
</kw>
<kw name="Remove User" library="helpers">
<arg>${user}</arg>
<kw name="Create Dictionary" library="BuiltIn">
<var>${payload}</var>
<arg>email=${user}[email]</arg>
<arg>password=${user}[password]</arg>
<doc>Creates and returns a dictionary based on the given ``items``.</doc>
<msg timestamp="20211210 00:07:46.271" level="INFO">${payload} = {'email': 'barton@shield.com', 'password': 'pwd123'}</msg>
<status status="PASS" starttime="20211210 00:07:46.270" endtime="20211210 00:07:46.271"/>
</kw>
<kw name="POST Session" library="SessionsRoute">
<var>${response}</var>
<arg>${payload}</arg>
<kw name="POST" library="RequestsLibrary">
<var>${response}</var>
<arg>${API_USERS}/sessions</arg>
<arg>json=${payload}</arg>
<arg>expected_status=any</arg>
<doc>Sends a POST request.</doc>
<msg timestamp="20211210 00:07:47.599" level="INFO">POST Request : url=https://getgeeks-users-balbino.herokuapp.com/sessions 
 path_url=/sessions 
 headers={'User-Agent': 'python-requests/2.26.0', 'Accept-Encoding': 'gzip, deflate', 'Accept': '*/*', 'Connection': 'keep-alive', 'Content-Length': '52', 'Content-Type': 'application/json'} 
 body=b'{"email": "barton@shield.com", "password": "pwd123"}' 
 </msg>
<msg timestamp="20211210 00:07:47.599" level="INFO">POST Response : url=https://getgeeks-users-balbino.herokuapp.com/sessions 
 status=200, reason=OK 
 headers={'Server': 'Cowboy', 'Connection': 'keep-alive', 'X-Powered-By': 'Express', 'Access-Control-Allow-Origin': '*', 'Content-Type': 'application/json; charset=utf-8', 'Content-Length': '364', 'Etag': 'W/"16c-+CXBGUPEOVzjv/4nDDN0+rDu0FA"', 'Date': 'Fri, 10 Dec 2021 03:07:42 GMT', 'Via': '1.1 vegur'} 
 body={"user":{"id":709,"email":"barton@shield.com","password_hash":"$2b$08$xuFlPTYWC0GVel6a98mpU.Vq2kBDfCgHJw2PpToNB3OlkDbAvZIhy","name":"Clint Barton","avatar":null,"whatsapp":null,"is_geek":false},"token":"eyJhbGciOiJIUzI1NiIsInR5cCI6IkpXVCJ9.eyJpZCI6NzA5LCJpYXQiOjE2MzkxMDU2NjIsImV4cCI6MTYzOTk2OTY2Mn0.xCSmID0E2aUoI8ZS0-80o0lrNMrQQb_TqT9HQEJQXS0","expires_in":"10d"} 
 </msg>
<msg timestamp="20211210 00:07:47.599" level="INFO">${response} = &lt;Response [200]&gt;</msg>
<status status="PASS" starttime="20211210 00:07:46.272" endtime="20211210 00:07:47.599"/>
</kw>
<msg timestamp="20211210 00:07:47.599" level="INFO">${response} = &lt;Response [200]&gt;</msg>
<status status="PASS" starttime="20211210 00:07:46.271" endtime="20211210 00:07:47.599"/>
</kw>
<if>
<branch type="IF" condition="&quot;200&quot; in &quot;${response}&quot;">
<kw name="Set Variable" library="BuiltIn">
<var>${token}</var>
<arg>Bearer ${response.json()}[token]</arg>
<doc>Returns the given values which can then be assigned to a variables.</doc>
<msg timestamp="20211210 00:07:47.600" level="INFO">${token} = Bearer eyJhbGciOiJIUzI1NiIsInR5cCI6IkpXVCJ9.eyJpZCI6NzA5LCJpYXQiOjE2MzkxMDU2NjIsImV4cCI6MTYzOTk2OTY2Mn0.xCSmID0E2aUoI8ZS0-80o0lrNMrQQb_TqT9HQEJQXS0</msg>
<status status="PASS" starttime="20211210 00:07:47.600" endtime="20211210 00:07:47.600"/>
</kw>
<kw name="DELETE User" library="UsersRoute">
<arg>${token}</arg>
<kw name="Create Dictionary" library="BuiltIn">
<var>${headers}</var>
<arg>Authorization=${token}</arg>
<doc>Creates and returns a dictionary based on the given ``items``.</doc>
<msg timestamp="20211210 00:07:47.600" level="INFO">${headers} = {'Authorization': 'Bearer eyJhbGciOiJIUzI1NiIsInR5cCI6IkpXVCJ9.eyJpZCI6NzA5LCJpYXQiOjE2MzkxMDU2NjIsImV4cCI6MTYzOTk2OTY2Mn0.xCSmID0E2aUoI8ZS0-80o0lrNMrQQb_TqT9HQEJQXS0'}</msg>
<status status="PASS" starttime="20211210 00:07:47.600" endtime="20211210 00:07:47.600"/>
</kw>
<kw name="DELETE" library="RequestsLibrary">
<var>${response}</var>
<arg>${API_USERS}/users</arg>
<arg>headers=${headers}</arg>
<arg>expected_status=any</arg>
<doc>Sends a DELETE request.</doc>
<msg timestamp="20211210 00:07:48.319" level="INFO">DELETE Request : url=https://getgeeks-users-balbino.herokuapp.com/users 
 path_url=/users 
 headers={'User-Agent': 'python-requests/2.26.0', 'Accept-Encoding': 'gzip, deflate', 'Accept': '*/*', 'Connection': 'keep-alive', 'Authorization': 'Bearer eyJhbGciOiJIUzI1NiIsInR5cCI6IkpXVCJ9.eyJpZCI6NzA5LCJpYXQiOjE2MzkxMDU2NjIsImV4cCI6MTYzOTk2OTY2Mn0.xCSmID0E2aUoI8ZS0-80o0lrNMrQQb_TqT9HQEJQXS0', 'Content-Length': '0'} 
 body=None 
 </msg>
<msg timestamp="20211210 00:07:48.319" level="INFO">DELETE Response : url=https://getgeeks-users-balbino.herokuapp.com/users 
 status=204, reason=No Content 
 headers={'Server': 'Cowboy', 'Content-Length': '0', 'Connection': 'keep-alive', 'X-Powered-By': 'Express', 'Access-Control-Allow-Origin': '*', 'Date': 'Fri, 10 Dec 2021 03:07:43 GMT', 'Via': '1.1 vegur'} 
 body=None 
 </msg>
<msg timestamp="20211210 00:07:48.319" level="INFO">${response} = &lt;Response [204]&gt;</msg>
<status status="PASS" starttime="20211210 00:07:47.601" endtime="20211210 00:07:48.319"/>
</kw>
<status status="PASS" starttime="20211210 00:07:47.600" endtime="20211210 00:07:48.320"/>
</kw>
<status status="PASS" starttime="20211210 00:07:47.600" endtime="20211210 00:07:48.320"/>
</branch>
<status status="PASS" starttime="20211210 00:07:47.599" endtime="20211210 00:07:48.320"/>
</if>
<status status="PASS" starttime="20211210 00:07:46.270" endtime="20211210 00:07:48.320"/>
</kw>
<kw name="POST User" library="UsersRoute">
<var>${response}</var>
<arg>${user}</arg>
<kw name="POST" library="RequestsLibrary">
<var>${response}</var>
<arg>${API_USERS}/users</arg>
<arg>json=${payload}</arg>
<arg>expected_status=any</arg>
<doc>Sends a POST request.</doc>
<msg timestamp="20211210 00:07:49.751" level="INFO">POST Request : url=https://getgeeks-users-balbino.herokuapp.com/users 
 path_url=/users 
 headers={'User-Agent': 'python-requests/2.26.0', 'Accept-Encoding': 'gzip, deflate', 'Accept': '*/*', 'Connection': 'keep-alive', 'Content-Length': '76', 'Content-Type': 'application/json'} 
 body=b'{"name": "Clint Barton", "email": "barton@shield.com", "password": "pwd123"}' 
 </msg>
<msg timestamp="20211210 00:07:49.751" level="INFO">POST Response : url=https://getgeeks-users-balbino.herokuapp.com/users 
 status=201, reason=Created 
 headers={'Server': 'Cowboy', 'Connection': 'keep-alive', 'X-Powered-By': 'Express', 'Access-Control-Allow-Origin': '*', 'Content-Type': 'application/json; charset=utf-8', 'Content-Length': '10', 'Etag': 'W/"a-PuWr6qhkOMIwMzbCSmtQaPjuZG8"', 'Date': 'Fri, 10 Dec 2021 03:07:44 GMT', 'Via': '1.1 vegur'} 
 body={"id":710} 
 </msg>
<msg timestamp="20211210 00:07:49.751" level="INFO">${response} = &lt;Response [201]&gt;</msg>
<status status="PASS" starttime="20211210 00:07:48.320" endtime="20211210 00:07:49.751"/>
</kw>
<msg timestamp="20211210 00:07:49.751" level="INFO">${response} = &lt;Response [201]&gt;</msg>
<status status="PASS" starttime="20211210 00:07:48.320" endtime="20211210 00:07:49.751"/>
</kw>
<kw name="Status Should Be" library="RequestsLibrary">
<arg>201</arg>
<arg>${response}</arg>
<doc>Fails if response status code is different than the expected.</doc>
<status status="PASS" starttime="20211210 00:07:49.752" endtime="20211210 00:07:49.752"/>
</kw>
<kw name="Set Variable" library="BuiltIn">
<var>${user_id}</var>
<arg>${response.json()}[id]</arg>
<doc>Returns the given values which can then be assigned to a variables.</doc>
<msg timestamp="20211210 00:07:49.752" level="INFO">${user_id} = 710</msg>
<status status="PASS" starttime="20211210 00:07:49.752" endtime="20211210 00:07:49.752"/>
</kw>
<kw name="Should Be True" library="BuiltIn">
<arg>${user_id} &gt; 0</arg>
<doc>Fails if the given condition is not true.</doc>
<status status="PASS" starttime="20211210 00:07:49.753" endtime="20211210 00:07:49.753"/>
</kw>
<status status="PASS" starttime="20211210 00:07:46.268" endtime="20211210 00:07:49.753"/>
</test>
<doc>Users route test suite</doc>
<status status="PASS" starttime="20211210 00:07:46.171" endtime="20211210 00:07:49.754"/>
</suite>
<statistics>
<total>
<stat pass="1" fail="0" skip="0">All Tests</stat>
</total>
<tag>
</tag>
<suite>
<stat pass="1" fail="0" skip="0" id="s1" name="Users">Users</stat>
</suite>
</statistics>
<errors>
</errors>
</robot>
